Building DAG of jobs...
Using shell: /bin/bash
Provided cores: 4
Rules claiming more threads will be scaled down.
Job stats:
job                               count    min threads    max threads
------------------------------  -------  -------------  -------------
annotate_contigs_database            14              1              1
anvi_compute_genome_similarity        1              4              4
anvi_gen_contigs_database            14              4              4
anvi_gen_genomes_storage              1              1              1
anvi_pan_genome                       1              4              4
anvi_script_reformat_fasta           14              1              1
gen_external_genome_file              1              1              1
pangenomics_target_rule               1              1              1
total                                47              1              4

Select jobs to execute...

[Tue Nov  8 21:27:56 2022]
rule anvi_script_reformat_fasta:
    input: 01_FASTA/GCA_000613065_1_RintRC_1_genomic/GCA_000613065_1_RintRC_1_genomic-contigs-prefix-formatted-only.fa
    output: 01_FASTA/GCA_000613065_1_RintRC_1_genomic/GCA_000613065_1_RintRC_1_genomic-contigs.fa
    log: 00_LOGS/GCA_000613065_1_RintRC_1_genomic-anvi_script_reformat_fasta.log
    jobid: 6
    reason: Missing output files: 01_FASTA/GCA_000613065_1_RintRC_1_genomic/GCA_000613065_1_RintRC_1_genomic-contigs.fa
    wildcards: group=GCA_000613065_1_RintRC_1_genomic
    resources: tmpdir=/var/folders/rl/61bz6knj1sq7j72mdlqd5p240000gn/T, nodes=1

anvi-script-reformat-fasta 01_FASTA/GCA_000613065_1_RintRC_1_genomic/GCA_000613065_1_RintRC_1_genomic-contigs-prefix-formatted-only.fa -o 01_FASTA/GCA_000613065_1_RintRC_1_genomic/GCA_000613065_1_RintRC_1_genomic-contigs.fa --seq-type NT  >> 00_LOGS/GCA_000613065_1_RintRC_1_genomic-anvi_script_reformat_fasta.log 2>&1

[Tue Nov  8 21:27:56 2022]
rule anvi_script_reformat_fasta:
    input: 01_FASTA/GCF_900185595_1_CalSC01_2013_genomic/GCF_900185595_1_CalSC01_2013_genomic-contigs-prefix-formatted-only.fa
    output: 01_FASTA/GCF_900185595_1_CalSC01_2013_genomic/GCF_900185595_1_CalSC01_2013_genomic-contigs.fa
    log: 00_LOGS/GCF_900185595_1_CalSC01_2013_genomic-anvi_script_reformat_fasta.log
    jobid: 55
    reason: Missing output files: 01_FASTA/GCF_900185595_1_CalSC01_2013_genomic/GCF_900185595_1_CalSC01_2013_genomic-contigs.fa
    wildcards: group=GCF_900185595_1_CalSC01_2013_genomic
    resources: tmpdir=/var/folders/rl/61bz6knj1sq7j72mdlqd5p240000gn/T, nodes=1

anvi-script-reformat-fasta 01_FASTA/GCF_900185595_1_CalSC01_2013_genomic/GCF_900185595_1_CalSC01_2013_genomic-contigs-prefix-formatted-only.fa -o 01_FASTA/GCF_900185595_1_CalSC01_2013_genomic/GCF_900185595_1_CalSC01_2013_genomic-contigs.fa --seq-type NT  >> 00_LOGS/GCF_900185595_1_CalSC01_2013_genomic-anvi_script_reformat_fasta.log 2>&1

[Tue Nov  8 21:27:56 2022]
rule anvi_script_reformat_fasta:
    input: 01_FASTA/GCA_013214565_1_ASM1321456v1_genomic/GCA_013214565_1_ASM1321456v1_genomic-contigs-prefix-formatted-only.fa
    output: 01_FASTA/GCA_013214565_1_ASM1321456v1_genomic/GCA_013214565_1_ASM1321456v1_genomic-contigs.fa
    log: 00_LOGS/GCA_013214565_1_ASM1321456v1_genomic-anvi_script_reformat_fasta.log
    jobid: 27
    reason: Missing output files: 01_FASTA/GCA_013214565_1_ASM1321456v1_genomic/GCA_013214565_1_ASM1321456v1_genomic-contigs.fa
    wildcards: group=GCA_013214565_1_ASM1321456v1_genomic
    resources: tmpdir=/var/folders/rl/61bz6knj1sq7j72mdlqd5p240000gn/T, nodes=1

anvi-script-reformat-fasta 01_FASTA/GCA_013214565_1_ASM1321456v1_genomic/GCA_013214565_1_ASM1321456v1_genomic-contigs-prefix-formatted-only.fa -o 01_FASTA/GCA_013214565_1_ASM1321456v1_genomic/GCA_013214565_1_ASM1321456v1_genomic-contigs.fa --seq-type NT  >> 00_LOGS/GCA_013214565_1_ASM1321456v1_genomic-anvi_script_reformat_fasta.log 2>&1

[Tue Nov  8 21:27:56 2022]
rule anvi_script_reformat_fasta:
    input: 01_FASTA/MARD_SAMEA3138990_REFG_MMP3138990/MARD_SAMEA3138990_REFG_MMP3138990-contigs-prefix-formatted-only.fa
    output: 01_FASTA/MARD_SAMEA3138990_REFG_MMP3138990/MARD_SAMEA3138990_REFG_MMP3138990-contigs.fa
    log: 00_LOGS/MARD_SAMEA3138990_REFG_MMP3138990-anvi_script_reformat_fasta.log
    jobid: 90
    reason: Missing output files: 01_FASTA/MARD_SAMEA3138990_REFG_MMP3138990/MARD_SAMEA3138990_REFG_MMP3138990-contigs.fa
    wildcards: group=MARD_SAMEA3138990_REFG_MMP3138990
    resources: tmpdir=/var/folders/rl/61bz6knj1sq7j72mdlqd5p240000gn/T, nodes=1

anvi-script-reformat-fasta 01_FASTA/MARD_SAMEA3138990_REFG_MMP3138990/MARD_SAMEA3138990_REFG_MMP3138990-contigs-prefix-formatted-only.fa -o 01_FASTA/MARD_SAMEA3138990_REFG_MMP3138990/MARD_SAMEA3138990_REFG_MMP3138990-contigs.fa --seq-type NT  >> 00_LOGS/MARD_SAMEA3138990_REFG_MMP3138990-anvi_script_reformat_fasta.log 2>&1
[Tue Nov  8 21:27:58 2022]
Finished job 27.
1 of 47 steps (2%) done
Select jobs to execute...

[Tue Nov  8 21:27:58 2022]
rule anvi_script_reformat_fasta:
    input: 01_FASTA/GCA_900299445_1_Richelia_intracellularis_AM_2804_genomic/GCA_900299445_1_Richelia_intracellularis_AM_2804_genomic-contigs-prefix-formatted-only.fa
    output: 01_FASTA/GCA_900299445_1_Richelia_intracellularis_AM_2804_genomic/GCA_900299445_1_Richelia_intracellularis_AM_2804_genomic-contigs.fa
    log: 00_LOGS/GCA_900299445_1_Richelia_intracellularis_AM_2804_genomic-anvi_script_reformat_fasta.log
    jobid: 34
    reason: Missing output files: 01_FASTA/GCA_900299445_1_Richelia_intracellularis_AM_2804_genomic/GCA_900299445_1_Richelia_intracellularis_AM_2804_genomic-contigs.fa
    wildcards: group=GCA_900299445_1_Richelia_intracellularis_AM_2804_genomic
    resources: tmpdir=/var/folders/rl/61bz6knj1sq7j72mdlqd5p240000gn/T, nodes=1

anvi-script-reformat-fasta 01_FASTA/GCA_900299445_1_Richelia_intracellularis_AM_2804_genomic/GCA_900299445_1_Richelia_intracellularis_AM_2804_genomic-contigs-prefix-formatted-only.fa -o 01_FASTA/GCA_900299445_1_Richelia_intracellularis_AM_2804_genomic/GCA_900299445_1_Richelia_intracellularis_AM_2804_genomic-contigs.fa --seq-type NT  >> 00_LOGS/GCA_900299445_1_Richelia_intracellularis_AM_2804_genomic-anvi_script_reformat_fasta.log 2>&1
[Tue Nov  8 21:27:58 2022]
Finished job 90.
2 of 47 steps (4%) done
Select jobs to execute...

[Tue Nov  8 21:27:58 2022]
rule anvi_script_reformat_fasta:
    input: 01_FASTA/GCA_000350105_1_ASM35010v1_genomic/GCA_000350105_1_ASM35010v1_genomic-contigs-prefix-formatted-only.fa
    output: 01_FASTA/GCA_000350105_1_ASM35010v1_genomic/GCA_000350105_1_ASM35010v1_genomic-contigs.fa
    log: 00_LOGS/GCA_000350105_1_ASM35010v1_genomic-anvi_script_reformat_fasta.log
    jobid: 41
    reason: Missing output files: 01_FASTA/GCA_000350105_1_ASM35010v1_genomic/GCA_000350105_1_ASM35010v1_genomic-contigs.fa
    wildcards: group=GCA_000350105_1_ASM35010v1_genomic
    resources: tmpdir=/var/folders/rl/61bz6knj1sq7j72mdlqd5p240000gn/T, nodes=1

anvi-script-reformat-fasta 01_FASTA/GCA_000350105_1_ASM35010v1_genomic/GCA_000350105_1_ASM35010v1_genomic-contigs-prefix-formatted-only.fa -o 01_FASTA/GCA_000350105_1_ASM35010v1_genomic/GCA_000350105_1_ASM35010v1_genomic-contigs.fa --seq-type NT  >> 00_LOGS/GCA_000350105_1_ASM35010v1_genomic-anvi_script_reformat_fasta.log 2>&1
[Tue Nov  8 21:27:58 2022]
Finished job 6.
3 of 47 steps (6%) done
[Tue Nov  8 21:27:58 2022]
Finished job 55.
4 of 47 steps (9%) done
Select jobs to execute...

[Tue Nov  8 21:27:58 2022]
rule anvi_script_reformat_fasta:
    input: 01_FASTA/GCA_002377925_1_ASM237792v1_genomic/GCA_002377925_1_ASM237792v1_genomic-contigs-prefix-formatted-only.fa
    output: 01_FASTA/GCA_002377925_1_ASM237792v1_genomic/GCA_002377925_1_ASM237792v1_genomic-contigs.fa
    log: 00_LOGS/GCA_002377925_1_ASM237792v1_genomic-anvi_script_reformat_fasta.log
    jobid: 13
    reason: Missing output files: 01_FASTA/GCA_002377925_1_ASM237792v1_genomic/GCA_002377925_1_ASM237792v1_genomic-contigs.fa
    wildcards: group=GCA_002377925_1_ASM237792v1_genomic
    resources: tmpdir=/var/folders/rl/61bz6knj1sq7j72mdlqd5p240000gn/T, nodes=1

anvi-script-reformat-fasta 01_FASTA/GCA_002377925_1_ASM237792v1_genomic/GCA_002377925_1_ASM237792v1_genomic-contigs-prefix-formatted-only.fa -o 01_FASTA/GCA_002377925_1_ASM237792v1_genomic/GCA_002377925_1_ASM237792v1_genomic-contigs.fa --seq-type NT  >> 00_LOGS/GCA_002377925_1_ASM237792v1_genomic-anvi_script_reformat_fasta.log 2>&1

[Tue Nov  8 21:27:58 2022]
rule anvi_script_reformat_fasta:
    input: 01_FASTA/MARD_SAMEA2272692_REFG_MMP2272692/MARD_SAMEA2272692_REFG_MMP2272692-contigs-prefix-formatted-only.fa
    output: 01_FASTA/MARD_SAMEA2272692_REFG_MMP2272692/MARD_SAMEA2272692_REFG_MMP2272692-contigs.fa
    log: 00_LOGS/MARD_SAMEA2272692_REFG_MMP2272692-anvi_script_reformat_fasta.log
    jobid: 83
    reason: Missing output files: 01_FASTA/MARD_SAMEA2272692_REFG_MMP2272692/MARD_SAMEA2272692_REFG_MMP2272692-contigs.fa
    wildcards: group=MARD_SAMEA2272692_REFG_MMP2272692
    resources: tmpdir=/var/folders/rl/61bz6knj1sq7j72mdlqd5p240000gn/T, nodes=1

anvi-script-reformat-fasta 01_FASTA/MARD_SAMEA2272692_REFG_MMP2272692/MARD_SAMEA2272692_REFG_MMP2272692-contigs-prefix-formatted-only.fa -o 01_FASTA/MARD_SAMEA2272692_REFG_MMP2272692/MARD_SAMEA2272692_REFG_MMP2272692-contigs.fa --seq-type NT  >> 00_LOGS/MARD_SAMEA2272692_REFG_MMP2272692-anvi_script_reformat_fasta.log 2>&1
Select jobs to execute...
[Tue Nov  8 21:27:59 2022]
Finished job 34.
5 of 47 steps (11%) done

[Tue Nov  8 21:27:59 2022]
rule anvi_script_reformat_fasta:
    input: 01_FASTA/TARA_PON_109_MAG_00086/TARA_PON_109_MAG_00086-contigs-prefix-formatted-only.fa
    output: 01_FASTA/TARA_PON_109_MAG_00086/TARA_PON_109_MAG_00086-contigs.fa
    log: 00_LOGS/TARA_PON_109_MAG_00086-anvi_script_reformat_fasta.log
    jobid: 69
    reason: Missing output files: 01_FASTA/TARA_PON_109_MAG_00086/TARA_PON_109_MAG_00086-contigs.fa
    wildcards: group=TARA_PON_109_MAG_00086
    resources: tmpdir=/var/folders/rl/61bz6knj1sq7j72mdlqd5p240000gn/T, nodes=1

anvi-script-reformat-fasta 01_FASTA/TARA_PON_109_MAG_00086/TARA_PON_109_MAG_00086-contigs-prefix-formatted-only.fa -o 01_FASTA/TARA_PON_109_MAG_00086/TARA_PON_109_MAG_00086-contigs.fa --seq-type NT  >> 00_LOGS/TARA_PON_109_MAG_00086-anvi_script_reformat_fasta.log 2>&1
[Tue Nov  8 21:27:59 2022]
Finished job 41.
6 of 47 steps (13%) done
Select jobs to execute...

[Tue Nov  8 21:27:59 2022]
rule anvi_script_reformat_fasta:
    input: 01_FASTA/GCA_002470035_1_ASM247003v1_genomic/GCA_002470035_1_ASM247003v1_genomic-contigs-prefix-formatted-only.fa
    output: 01_FASTA/GCA_002470035_1_ASM247003v1_genomic/GCA_002470035_1_ASM247003v1_genomic-contigs.fa
    log: 00_LOGS/GCA_002470035_1_ASM247003v1_genomic-anvi_script_reformat_fasta.log
    jobid: 20
    reason: Missing output files: 01_FASTA/GCA_002470035_1_ASM247003v1_genomic/GCA_002470035_1_ASM247003v1_genomic-contigs.fa
    wildcards: group=GCA_002470035_1_ASM247003v1_genomic
    resources: tmpdir=/var/folders/rl/61bz6knj1sq7j72mdlqd5p240000gn/T, nodes=1

anvi-script-reformat-fasta 01_FASTA/GCA_002470035_1_ASM247003v1_genomic/GCA_002470035_1_ASM247003v1_genomic-contigs-prefix-formatted-only.fa -o 01_FASTA/GCA_002470035_1_ASM247003v1_genomic/GCA_002470035_1_ASM247003v1_genomic-contigs.fa --seq-type NT  >> 00_LOGS/GCA_002470035_1_ASM247003v1_genomic-anvi_script_reformat_fasta.log 2>&1
[Tue Nov  8 21:27:59 2022]
Finished job 13.
7 of 47 steps (15%) done
Select jobs to execute...

[Tue Nov  8 21:27:59 2022]
rule anvi_script_reformat_fasta:
    input: 01_FASTA/TARA_MED_95_MAG_00146/TARA_MED_95_MAG_00146-contigs-prefix-formatted-only.fa
    output: 01_FASTA/TARA_MED_95_MAG_00146/TARA_MED_95_MAG_00146-contigs.fa
    log: 00_LOGS/TARA_MED_95_MAG_00146-anvi_script_reformat_fasta.log
    jobid: 62
    reason: Missing output files: 01_FASTA/TARA_MED_95_MAG_00146/TARA_MED_95_MAG_00146-contigs.fa
    wildcards: group=TARA_MED_95_MAG_00146
    resources: tmpdir=/var/folders/rl/61bz6knj1sq7j72mdlqd5p240000gn/T, nodes=1

anvi-script-reformat-fasta 01_FASTA/TARA_MED_95_MAG_00146/TARA_MED_95_MAG_00146-contigs-prefix-formatted-only.fa -o 01_FASTA/TARA_MED_95_MAG_00146/TARA_MED_95_MAG_00146-contigs.fa --seq-type NT  >> 00_LOGS/TARA_MED_95_MAG_00146-anvi_script_reformat_fasta.log 2>&1
[Tue Nov  8 21:27:59 2022]
Finished job 83.
8 of 47 steps (17%) done
Select jobs to execute...

[Tue Nov  8 21:27:59 2022]
rule anvi_script_reformat_fasta:
    input: 01_FASTA/BGEO_SAMN07136523_METAG_IKJKMCAK/BGEO_SAMN07136523_METAG_IKJKMCAK-contigs-prefix-formatted-only.fa
    output: 01_FASTA/BGEO_SAMN07136523_METAG_IKJKMCAK/BGEO_SAMN07136523_METAG_IKJKMCAK-contigs.fa
    log: 00_LOGS/BGEO_SAMN07136523_METAG_IKJKMCAK-anvi_script_reformat_fasta.log
    jobid: 97
    reason: Missing output files: 01_FASTA/BGEO_SAMN07136523_METAG_IKJKMCAK/BGEO_SAMN07136523_METAG_IKJKMCAK-contigs.fa
    wildcards: group=BGEO_SAMN07136523_METAG_IKJKMCAK
    resources: tmpdir=/var/folders/rl/61bz6knj1sq7j72mdlqd5p240000gn/T, nodes=1

anvi-script-reformat-fasta 01_FASTA/BGEO_SAMN07136523_METAG_IKJKMCAK/BGEO_SAMN07136523_METAG_IKJKMCAK-contigs-prefix-formatted-only.fa -o 01_FASTA/BGEO_SAMN07136523_METAG_IKJKMCAK/BGEO_SAMN07136523_METAG_IKJKMCAK-contigs.fa --seq-type NT  >> 00_LOGS/BGEO_SAMN07136523_METAG_IKJKMCAK-anvi_script_reformat_fasta.log 2>&1
[Tue Nov  8 21:28:01 2022]
Finished job 69.
9 of 47 steps (19%) done
Select jobs to execute...

[Tue Nov  8 21:28:01 2022]
rule anvi_script_reformat_fasta:
    input: 01_FASTA/GCA_000350125_1_ASM35012v1_genomic/GCA_000350125_1_ASM35012v1_genomic-contigs-prefix-formatted-only.fa
    output: 01_FASTA/GCA_000350125_1_ASM35012v1_genomic/GCA_000350125_1_ASM35012v1_genomic-contigs.fa
    log: 00_LOGS/GCA_000350125_1_ASM35012v1_genomic-anvi_script_reformat_fasta.log
    jobid: 48
    reason: Missing output files: 01_FASTA/GCA_000350125_1_ASM35012v1_genomic/GCA_000350125_1_ASM35012v1_genomic-contigs.fa
    wildcards: group=GCA_000350125_1_ASM35012v1_genomic
    resources: tmpdir=/var/folders/rl/61bz6knj1sq7j72mdlqd5p240000gn/T, nodes=1

anvi-script-reformat-fasta 01_FASTA/GCA_000350125_1_ASM35012v1_genomic/GCA_000350125_1_ASM35012v1_genomic-contigs-prefix-formatted-only.fa -o 01_FASTA/GCA_000350125_1_ASM35012v1_genomic/GCA_000350125_1_ASM35012v1_genomic-contigs.fa --seq-type NT  >> 00_LOGS/GCA_000350125_1_ASM35012v1_genomic-anvi_script_reformat_fasta.log 2>&1
[Tue Nov  8 21:28:01 2022]
Finished job 20.
10 of 47 steps (21%) done
Select jobs to execute...

[Tue Nov  8 21:28:01 2022]
rule anvi_script_reformat_fasta:
    input: 01_FASTA/MARD_SAMEA2272302_REFG_MMP2272302/MARD_SAMEA2272302_REFG_MMP2272302-contigs-prefix-formatted-only.fa
    output: 01_FASTA/MARD_SAMEA2272302_REFG_MMP2272302/MARD_SAMEA2272302_REFG_MMP2272302-contigs.fa
    log: 00_LOGS/MARD_SAMEA2272302_REFG_MMP2272302-anvi_script_reformat_fasta.log
    jobid: 76
    reason: Missing output files: 01_FASTA/MARD_SAMEA2272302_REFG_MMP2272302/MARD_SAMEA2272302_REFG_MMP2272302-contigs.fa
    wildcards: group=MARD_SAMEA2272302_REFG_MMP2272302
    resources: tmpdir=/var/folders/rl/61bz6knj1sq7j72mdlqd5p240000gn/T, nodes=1

anvi-script-reformat-fasta 01_FASTA/MARD_SAMEA2272302_REFG_MMP2272302/MARD_SAMEA2272302_REFG_MMP2272302-contigs-prefix-formatted-only.fa -o 01_FASTA/MARD_SAMEA2272302_REFG_MMP2272302/MARD_SAMEA2272302_REFG_MMP2272302-contigs.fa --seq-type NT  >> 00_LOGS/MARD_SAMEA2272302_REFG_MMP2272302-anvi_script_reformat_fasta.log 2>&1
[Tue Nov  8 21:28:01 2022]
Finished job 97.
11 of 47 steps (23%) done
Select jobs to execute...
[Tue Nov  8 21:28:01 2022]
Finished job 62.
12 of 47 steps (26%) done
[Tue Nov  8 21:28:02 2022]
Finished job 48.
13 of 47 steps (28%) done
[Tue Nov  8 21:28:02 2022]
Finished job 76.
14 of 47 steps (30%) done

[Tue Nov  8 21:28:02 2022]
rule anvi_gen_contigs_database:
    input: 01_FASTA/GCF_900185595_1_CalSC01_2013_genomic/GCF_900185595_1_CalSC01_2013_genomic-contigs.fa
    output: 02_CONTIGS/GCF_900185595_1_CalSC01_2013_genomic-contigs.db
    log: 00_LOGS/GCF_900185595_1_CalSC01_2013_genomic-anvi_gen_contigs_database.log
    jobid: 54
    reason: Input files updated by another job: 01_FASTA/GCF_900185595_1_CalSC01_2013_genomic/GCF_900185595_1_CalSC01_2013_genomic-contigs.fa; Params have changed since last execution
    wildcards: group=GCF_900185595_1_CalSC01_2013_genomic
    threads: 4
    resources: tmpdir=/var/folders/rl/61bz6knj1sq7j72mdlqd5p240000gn/T, nodes=4

anvi-gen-contigs-database -f 01_FASTA/GCF_900185595_1_CalSC01_2013_genomic/GCF_900185595_1_CalSC01_2013_genomic-contigs.fa -o 02_CONTIGS/GCF_900185595_1_CalSC01_2013_genomic-contigs.db            -T 4 >> 00_LOGS/GCF_900185595_1_CalSC01_2013_genomic-anvi_gen_contigs_database.log 2>&1
[Tue Nov  8 21:28:14 2022]
Finished job 54.
15 of 47 steps (32%) done
Removing temporary output 01_FASTA/GCF_900185595_1_CalSC01_2013_genomic/GCF_900185595_1_CalSC01_2013_genomic-contigs.fa.
Select jobs to execute...

[Tue Nov  8 21:28:14 2022]
rule anvi_gen_contigs_database:
    input: 01_FASTA/MARD_SAMEA3138990_REFG_MMP3138990/MARD_SAMEA3138990_REFG_MMP3138990-contigs.fa
    output: 02_CONTIGS/MARD_SAMEA3138990_REFG_MMP3138990-contigs.db
    log: 00_LOGS/MARD_SAMEA3138990_REFG_MMP3138990-anvi_gen_contigs_database.log
    jobid: 89
    reason: Input files updated by another job: 01_FASTA/MARD_SAMEA3138990_REFG_MMP3138990/MARD_SAMEA3138990_REFG_MMP3138990-contigs.fa; Params have changed since last execution
    wildcards: group=MARD_SAMEA3138990_REFG_MMP3138990
    threads: 4
    resources: tmpdir=/var/folders/rl/61bz6knj1sq7j72mdlqd5p240000gn/T, nodes=4

anvi-gen-contigs-database -f 01_FASTA/MARD_SAMEA3138990_REFG_MMP3138990/MARD_SAMEA3138990_REFG_MMP3138990-contigs.fa -o 02_CONTIGS/MARD_SAMEA3138990_REFG_MMP3138990-contigs.db            -T 4 >> 00_LOGS/MARD_SAMEA3138990_REFG_MMP3138990-anvi_gen_contigs_database.log 2>&1
[Tue Nov  8 21:28:25 2022]
Finished job 89.
16 of 47 steps (34%) done
Removing temporary output 01_FASTA/MARD_SAMEA3138990_REFG_MMP3138990/MARD_SAMEA3138990_REFG_MMP3138990-contigs.fa.
Select jobs to execute...

[Tue Nov  8 21:28:25 2022]
rule anvi_gen_contigs_database:
    input: 01_FASTA/GCA_000613065_1_RintRC_1_genomic/GCA_000613065_1_RintRC_1_genomic-contigs.fa
    output: 02_CONTIGS/GCA_000613065_1_RintRC_1_genomic-contigs.db
    log: 00_LOGS/GCA_000613065_1_RintRC_1_genomic-anvi_gen_contigs_database.log
    jobid: 5
    reason: Input files updated by another job: 01_FASTA/GCA_000613065_1_RintRC_1_genomic/GCA_000613065_1_RintRC_1_genomic-contigs.fa; Params have changed since last execution
    wildcards: group=GCA_000613065_1_RintRC_1_genomic
    threads: 4
    resources: tmpdir=/var/folders/rl/61bz6knj1sq7j72mdlqd5p240000gn/T, nodes=4

anvi-gen-contigs-database -f 01_FASTA/GCA_000613065_1_RintRC_1_genomic/GCA_000613065_1_RintRC_1_genomic-contigs.fa -o 02_CONTIGS/GCA_000613065_1_RintRC_1_genomic-contigs.db            -T 4 >> 00_LOGS/GCA_000613065_1_RintRC_1_genomic-anvi_gen_contigs_database.log 2>&1
[Tue Nov  8 21:28:36 2022]
Finished job 5.
17 of 47 steps (36%) done
Removing temporary output 01_FASTA/GCA_000613065_1_RintRC_1_genomic/GCA_000613065_1_RintRC_1_genomic-contigs.fa.
Select jobs to execute...

[Tue Nov  8 21:28:36 2022]
rule anvi_gen_contigs_database:
    input: 01_FASTA/GCA_013214565_1_ASM1321456v1_genomic/GCA_013214565_1_ASM1321456v1_genomic-contigs.fa
    output: 02_CONTIGS/GCA_013214565_1_ASM1321456v1_genomic-contigs.db
    log: 00_LOGS/GCA_013214565_1_ASM1321456v1_genomic-anvi_gen_contigs_database.log
    jobid: 26
    reason: Input files updated by another job: 01_FASTA/GCA_013214565_1_ASM1321456v1_genomic/GCA_013214565_1_ASM1321456v1_genomic-contigs.fa; Params have changed since last execution
    wildcards: group=GCA_013214565_1_ASM1321456v1_genomic
    threads: 4
    resources: tmpdir=/var/folders/rl/61bz6knj1sq7j72mdlqd5p240000gn/T, nodes=4

anvi-gen-contigs-database -f 01_FASTA/GCA_013214565_1_ASM1321456v1_genomic/GCA_013214565_1_ASM1321456v1_genomic-contigs.fa -o 02_CONTIGS/GCA_013214565_1_ASM1321456v1_genomic-contigs.db            -T 4 >> 00_LOGS/GCA_013214565_1_ASM1321456v1_genomic-anvi_gen_contigs_database.log 2>&1
[Tue Nov  8 21:28:45 2022]
Finished job 26.
18 of 47 steps (38%) done
Removing temporary output 01_FASTA/GCA_013214565_1_ASM1321456v1_genomic/GCA_013214565_1_ASM1321456v1_genomic-contigs.fa.
Select jobs to execute...

[Tue Nov  8 21:28:45 2022]
rule anvi_gen_contigs_database:
    input: 01_FASTA/GCA_900299445_1_Richelia_intracellularis_AM_2804_genomic/GCA_900299445_1_Richelia_intracellularis_AM_2804_genomic-contigs.fa
    output: 02_CONTIGS/GCA_900299445_1_Richelia_intracellularis_AM_2804_genomic-contigs.db
    log: 00_LOGS/GCA_900299445_1_Richelia_intracellularis_AM_2804_genomic-anvi_gen_contigs_database.log
    jobid: 33
    reason: Input files updated by another job: 01_FASTA/GCA_900299445_1_Richelia_intracellularis_AM_2804_genomic/GCA_900299445_1_Richelia_intracellularis_AM_2804_genomic-contigs.fa; Params have changed since last execution
    wildcards: group=GCA_900299445_1_Richelia_intracellularis_AM_2804_genomic
    threads: 4
    resources: tmpdir=/var/folders/rl/61bz6knj1sq7j72mdlqd5p240000gn/T, nodes=4

anvi-gen-contigs-database -f 01_FASTA/GCA_900299445_1_Richelia_intracellularis_AM_2804_genomic/GCA_900299445_1_Richelia_intracellularis_AM_2804_genomic-contigs.fa -o 02_CONTIGS/GCA_900299445_1_Richelia_intracellularis_AM_2804_genomic-contigs.db            -T 4 >> 00_LOGS/GCA_900299445_1_Richelia_intracellularis_AM_2804_genomic-anvi_gen_contigs_database.log 2>&1
[Tue Nov  8 21:28:52 2022]
Finished job 33.
19 of 47 steps (40%) done
Removing temporary output 01_FASTA/GCA_900299445_1_Richelia_intracellularis_AM_2804_genomic/GCA_900299445_1_Richelia_intracellularis_AM_2804_genomic-contigs.fa.
Select jobs to execute...

[Tue Nov  8 21:28:52 2022]
rule anvi_gen_contigs_database:
    input: 01_FASTA/GCA_000350105_1_ASM35010v1_genomic/GCA_000350105_1_ASM35010v1_genomic-contigs.fa
    output: 02_CONTIGS/GCA_000350105_1_ASM35010v1_genomic-contigs.db
    log: 00_LOGS/GCA_000350105_1_ASM35010v1_genomic-anvi_gen_contigs_database.log
    jobid: 40
    reason: Input files updated by another job: 01_FASTA/GCA_000350105_1_ASM35010v1_genomic/GCA_000350105_1_ASM35010v1_genomic-contigs.fa; Params have changed since last execution
    wildcards: group=GCA_000350105_1_ASM35010v1_genomic
    threads: 4
    resources: tmpdir=/var/folders/rl/61bz6knj1sq7j72mdlqd5p240000gn/T, nodes=4

anvi-gen-contigs-database -f 01_FASTA/GCA_000350105_1_ASM35010v1_genomic/GCA_000350105_1_ASM35010v1_genomic-contigs.fa -o 02_CONTIGS/GCA_000350105_1_ASM35010v1_genomic-contigs.db            -T 4 >> 00_LOGS/GCA_000350105_1_ASM35010v1_genomic-anvi_gen_contigs_database.log 2>&1
[Tue Nov  8 21:29:00 2022]
Finished job 40.
20 of 47 steps (43%) done
Removing temporary output 01_FASTA/GCA_000350105_1_ASM35010v1_genomic/GCA_000350105_1_ASM35010v1_genomic-contigs.fa.
Select jobs to execute...

[Tue Nov  8 21:29:00 2022]
rule anvi_gen_contigs_database:
    input: 01_FASTA/MARD_SAMEA2272692_REFG_MMP2272692/MARD_SAMEA2272692_REFG_MMP2272692-contigs.fa
    output: 02_CONTIGS/MARD_SAMEA2272692_REFG_MMP2272692-contigs.db
    log: 00_LOGS/MARD_SAMEA2272692_REFG_MMP2272692-anvi_gen_contigs_database.log
    jobid: 82
    reason: Input files updated by another job: 01_FASTA/MARD_SAMEA2272692_REFG_MMP2272692/MARD_SAMEA2272692_REFG_MMP2272692-contigs.fa; Params have changed since last execution
    wildcards: group=MARD_SAMEA2272692_REFG_MMP2272692
    threads: 4
    resources: tmpdir=/var/folders/rl/61bz6knj1sq7j72mdlqd5p240000gn/T, nodes=4

anvi-gen-contigs-database -f 01_FASTA/MARD_SAMEA2272692_REFG_MMP2272692/MARD_SAMEA2272692_REFG_MMP2272692-contigs.fa -o 02_CONTIGS/MARD_SAMEA2272692_REFG_MMP2272692-contigs.db            -T 4 >> 00_LOGS/MARD_SAMEA2272692_REFG_MMP2272692-anvi_gen_contigs_database.log 2>&1
[Tue Nov  8 21:29:07 2022]
Finished job 82.
21 of 47 steps (45%) done
Removing temporary output 01_FASTA/MARD_SAMEA2272692_REFG_MMP2272692/MARD_SAMEA2272692_REFG_MMP2272692-contigs.fa.
Select jobs to execute...

[Tue Nov  8 21:29:07 2022]
rule anvi_gen_contigs_database:
    input: 01_FASTA/GCA_002377925_1_ASM237792v1_genomic/GCA_002377925_1_ASM237792v1_genomic-contigs.fa
    output: 02_CONTIGS/GCA_002377925_1_ASM237792v1_genomic-contigs.db
    log: 00_LOGS/GCA_002377925_1_ASM237792v1_genomic-anvi_gen_contigs_database.log
    jobid: 12
    reason: Input files updated by another job: 01_FASTA/GCA_002377925_1_ASM237792v1_genomic/GCA_002377925_1_ASM237792v1_genomic-contigs.fa; Params have changed since last execution
    wildcards: group=GCA_002377925_1_ASM237792v1_genomic
    threads: 4
    resources: tmpdir=/var/folders/rl/61bz6knj1sq7j72mdlqd5p240000gn/T, nodes=4

anvi-gen-contigs-database -f 01_FASTA/GCA_002377925_1_ASM237792v1_genomic/GCA_002377925_1_ASM237792v1_genomic-contigs.fa -o 02_CONTIGS/GCA_002377925_1_ASM237792v1_genomic-contigs.db            -T 4 >> 00_LOGS/GCA_002377925_1_ASM237792v1_genomic-anvi_gen_contigs_database.log 2>&1
[Tue Nov  8 21:29:14 2022]
Finished job 12.
22 of 47 steps (47%) done
Removing temporary output 01_FASTA/GCA_002377925_1_ASM237792v1_genomic/GCA_002377925_1_ASM237792v1_genomic-contigs.fa.
Select jobs to execute...

[Tue Nov  8 21:29:14 2022]
rule anvi_gen_contigs_database:
    input: 01_FASTA/TARA_PON_109_MAG_00086/TARA_PON_109_MAG_00086-contigs.fa
    output: 02_CONTIGS/TARA_PON_109_MAG_00086-contigs.db
    log: 00_LOGS/TARA_PON_109_MAG_00086-anvi_gen_contigs_database.log
    jobid: 68
    reason: Input files updated by another job: 01_FASTA/TARA_PON_109_MAG_00086/TARA_PON_109_MAG_00086-contigs.fa; Params have changed since last execution
    wildcards: group=TARA_PON_109_MAG_00086
    threads: 4
    resources: tmpdir=/var/folders/rl/61bz6knj1sq7j72mdlqd5p240000gn/T, nodes=4

anvi-gen-contigs-database -f 01_FASTA/TARA_PON_109_MAG_00086/TARA_PON_109_MAG_00086-contigs.fa -o 02_CONTIGS/TARA_PON_109_MAG_00086-contigs.db            -T 4 >> 00_LOGS/TARA_PON_109_MAG_00086-anvi_gen_contigs_database.log 2>&1
[Tue Nov  8 21:29:20 2022]
Finished job 68.
23 of 47 steps (49%) done
Removing temporary output 01_FASTA/TARA_PON_109_MAG_00086/TARA_PON_109_MAG_00086-contigs.fa.
Select jobs to execute...

[Tue Nov  8 21:29:20 2022]
rule anvi_gen_contigs_database:
    input: 01_FASTA/GCA_002470035_1_ASM247003v1_genomic/GCA_002470035_1_ASM247003v1_genomic-contigs.fa
    output: 02_CONTIGS/GCA_002470035_1_ASM247003v1_genomic-contigs.db
    log: 00_LOGS/GCA_002470035_1_ASM247003v1_genomic-anvi_gen_contigs_database.log
    jobid: 19
    reason: Input files updated by another job: 01_FASTA/GCA_002470035_1_ASM247003v1_genomic/GCA_002470035_1_ASM247003v1_genomic-contigs.fa; Params have changed since last execution
    wildcards: group=GCA_002470035_1_ASM247003v1_genomic
    threads: 4
    resources: tmpdir=/var/folders/rl/61bz6knj1sq7j72mdlqd5p240000gn/T, nodes=4

anvi-gen-contigs-database -f 01_FASTA/GCA_002470035_1_ASM247003v1_genomic/GCA_002470035_1_ASM247003v1_genomic-contigs.fa -o 02_CONTIGS/GCA_002470035_1_ASM247003v1_genomic-contigs.db            -T 4 >> 00_LOGS/GCA_002470035_1_ASM247003v1_genomic-anvi_gen_contigs_database.log 2>&1
[Tue Nov  8 21:29:26 2022]
Finished job 19.
24 of 47 steps (51%) done
Removing temporary output 01_FASTA/GCA_002470035_1_ASM247003v1_genomic/GCA_002470035_1_ASM247003v1_genomic-contigs.fa.
Select jobs to execute...

[Tue Nov  8 21:29:26 2022]
rule anvi_gen_contigs_database:
    input: 01_FASTA/TARA_MED_95_MAG_00146/TARA_MED_95_MAG_00146-contigs.fa
    output: 02_CONTIGS/TARA_MED_95_MAG_00146-contigs.db
    log: 00_LOGS/TARA_MED_95_MAG_00146-anvi_gen_contigs_database.log
    jobid: 61
    reason: Input files updated by another job: 01_FASTA/TARA_MED_95_MAG_00146/TARA_MED_95_MAG_00146-contigs.fa; Params have changed since last execution
    wildcards: group=TARA_MED_95_MAG_00146
    threads: 4
    resources: tmpdir=/var/folders/rl/61bz6knj1sq7j72mdlqd5p240000gn/T, nodes=4

anvi-gen-contigs-database -f 01_FASTA/TARA_MED_95_MAG_00146/TARA_MED_95_MAG_00146-contigs.fa -o 02_CONTIGS/TARA_MED_95_MAG_00146-contigs.db            -T 4 >> 00_LOGS/TARA_MED_95_MAG_00146-anvi_gen_contigs_database.log 2>&1
[Tue Nov  8 21:29:32 2022]
Finished job 61.
25 of 47 steps (53%) done
Removing temporary output 01_FASTA/TARA_MED_95_MAG_00146/TARA_MED_95_MAG_00146-contigs.fa.
Select jobs to execute...

[Tue Nov  8 21:29:32 2022]
rule anvi_gen_contigs_database:
    input: 01_FASTA/BGEO_SAMN07136523_METAG_IKJKMCAK/BGEO_SAMN07136523_METAG_IKJKMCAK-contigs.fa
    output: 02_CONTIGS/BGEO_SAMN07136523_METAG_IKJKMCAK-contigs.db
    log: 00_LOGS/BGEO_SAMN07136523_METAG_IKJKMCAK-anvi_gen_contigs_database.log
    jobid: 96
    reason: Input files updated by another job: 01_FASTA/BGEO_SAMN07136523_METAG_IKJKMCAK/BGEO_SAMN07136523_METAG_IKJKMCAK-contigs.fa; Params have changed since last execution
    wildcards: group=BGEO_SAMN07136523_METAG_IKJKMCAK
    threads: 4
    resources: tmpdir=/var/folders/rl/61bz6knj1sq7j72mdlqd5p240000gn/T, nodes=4

anvi-gen-contigs-database -f 01_FASTA/BGEO_SAMN07136523_METAG_IKJKMCAK/BGEO_SAMN07136523_METAG_IKJKMCAK-contigs.fa -o 02_CONTIGS/BGEO_SAMN07136523_METAG_IKJKMCAK-contigs.db            -T 4 >> 00_LOGS/BGEO_SAMN07136523_METAG_IKJKMCAK-anvi_gen_contigs_database.log 2>&1
[Tue Nov  8 21:29:37 2022]
Finished job 96.
26 of 47 steps (55%) done
Removing temporary output 01_FASTA/BGEO_SAMN07136523_METAG_IKJKMCAK/BGEO_SAMN07136523_METAG_IKJKMCAK-contigs.fa.
Select jobs to execute...

[Tue Nov  8 21:29:37 2022]
rule anvi_gen_contigs_database:
    input: 01_FASTA/GCA_000350125_1_ASM35012v1_genomic/GCA_000350125_1_ASM35012v1_genomic-contigs.fa
    output: 02_CONTIGS/GCA_000350125_1_ASM35012v1_genomic-contigs.db
    log: 00_LOGS/GCA_000350125_1_ASM35012v1_genomic-anvi_gen_contigs_database.log
    jobid: 47
    reason: Input files updated by another job: 01_FASTA/GCA_000350125_1_ASM35012v1_genomic/GCA_000350125_1_ASM35012v1_genomic-contigs.fa; Params have changed since last execution
    wildcards: group=GCA_000350125_1_ASM35012v1_genomic
    threads: 4
    resources: tmpdir=/var/folders/rl/61bz6knj1sq7j72mdlqd5p240000gn/T, nodes=4

anvi-gen-contigs-database -f 01_FASTA/GCA_000350125_1_ASM35012v1_genomic/GCA_000350125_1_ASM35012v1_genomic-contigs.fa -o 02_CONTIGS/GCA_000350125_1_ASM35012v1_genomic-contigs.db            -T 4 >> 00_LOGS/GCA_000350125_1_ASM35012v1_genomic-anvi_gen_contigs_database.log 2>&1
[Tue Nov  8 21:29:42 2022]
Finished job 47.
27 of 47 steps (57%) done
Removing temporary output 01_FASTA/GCA_000350125_1_ASM35012v1_genomic/GCA_000350125_1_ASM35012v1_genomic-contigs.fa.
Select jobs to execute...

[Tue Nov  8 21:29:42 2022]
rule anvi_gen_contigs_database:
    input: 01_FASTA/MARD_SAMEA2272302_REFG_MMP2272302/MARD_SAMEA2272302_REFG_MMP2272302-contigs.fa
    output: 02_CONTIGS/MARD_SAMEA2272302_REFG_MMP2272302-contigs.db
    log: 00_LOGS/MARD_SAMEA2272302_REFG_MMP2272302-anvi_gen_contigs_database.log
    jobid: 75
    reason: Input files updated by another job: 01_FASTA/MARD_SAMEA2272302_REFG_MMP2272302/MARD_SAMEA2272302_REFG_MMP2272302-contigs.fa; Params have changed since last execution
    wildcards: group=MARD_SAMEA2272302_REFG_MMP2272302
    threads: 4
    resources: tmpdir=/var/folders/rl/61bz6knj1sq7j72mdlqd5p240000gn/T, nodes=4

anvi-gen-contigs-database -f 01_FASTA/MARD_SAMEA2272302_REFG_MMP2272302/MARD_SAMEA2272302_REFG_MMP2272302-contigs.fa -o 02_CONTIGS/MARD_SAMEA2272302_REFG_MMP2272302-contigs.db            -T 4 >> 00_LOGS/MARD_SAMEA2272302_REFG_MMP2272302-anvi_gen_contigs_database.log 2>&1
[Tue Nov  8 21:29:47 2022]
Finished job 75.
28 of 47 steps (60%) done
Removing temporary output 01_FASTA/MARD_SAMEA2272302_REFG_MMP2272302/MARD_SAMEA2272302_REFG_MMP2272302-contigs.fa.
Select jobs to execute...

[Tue Nov  8 21:29:47 2022]
localrule annotate_contigs_database:
    input: 02_CONTIGS/GCA_000613065_1_RintRC_1_genomic-contigs.db, 02_CONTIGS/anvi_run_hmms-GCA_000613065_1_RintRC_1_genomic.done, 02_CONTIGS/anvi_run_ncbi_cogs-GCA_000613065_1_RintRC_1_genomic.done, 02_CONTIGS/anvi_run_kegg_kofams-GCA_000613065_1_RintRC_1_genomic.done
    output: 02_CONTIGS/GCA_000613065_1_RintRC_1_genomic-annotate_contigs_database.done
    log: 00_LOGS/GCA_000613065_1_RintRC_1_genomic-annotate_contigs_database.log
    jobid: 4
    reason: Input files updated by another job: 02_CONTIGS/GCA_000613065_1_RintRC_1_genomic-contigs.db
    wildcards: group=GCA_000613065_1_RintRC_1_genomic
    resources: tmpdir=/var/folders/rl/61bz6knj1sq7j72mdlqd5p240000gn/T

[Tue Nov  8 21:29:47 2022]
localrule annotate_contigs_database:
    input: 02_CONTIGS/GCA_013214565_1_ASM1321456v1_genomic-contigs.db, 02_CONTIGS/anvi_run_hmms-GCA_013214565_1_ASM1321456v1_genomic.done, 02_CONTIGS/anvi_run_ncbi_cogs-GCA_013214565_1_ASM1321456v1_genomic.done, 02_CONTIGS/anvi_run_kegg_kofams-GCA_013214565_1_ASM1321456v1_genomic.done
    output: 02_CONTIGS/GCA_013214565_1_ASM1321456v1_genomic-annotate_contigs_database.done
    log: 00_LOGS/GCA_013214565_1_ASM1321456v1_genomic-annotate_contigs_database.log
    jobid: 25
    reason: Input files updated by another job: 02_CONTIGS/GCA_013214565_1_ASM1321456v1_genomic-contigs.db
    wildcards: group=GCA_013214565_1_ASM1321456v1_genomic
    resources: tmpdir=/var/folders/rl/61bz6knj1sq7j72mdlqd5p240000gn/T

[Tue Nov  8 21:29:47 2022]
localrule annotate_contigs_database:
    input: 02_CONTIGS/GCF_900185595_1_CalSC01_2013_genomic-contigs.db, 02_CONTIGS/anvi_run_hmms-GCF_900185595_1_CalSC01_2013_genomic.done, 02_CONTIGS/anvi_run_ncbi_cogs-GCF_900185595_1_CalSC01_2013_genomic.done, 02_CONTIGS/anvi_run_kegg_kofams-GCF_900185595_1_CalSC01_2013_genomic.done
    output: 02_CONTIGS/GCF_900185595_1_CalSC01_2013_genomic-annotate_contigs_database.done
    log: 00_LOGS/GCF_900185595_1_CalSC01_2013_genomic-annotate_contigs_database.log
    jobid: 53
    reason: Input files updated by another job: 02_CONTIGS/GCF_900185595_1_CalSC01_2013_genomic-contigs.db
    wildcards: group=GCF_900185595_1_CalSC01_2013_genomic
    resources: tmpdir=/var/folders/rl/61bz6knj1sq7j72mdlqd5p240000gn/T

[Tue Nov  8 21:29:47 2022]
localrule annotate_contigs_database:
    input: 02_CONTIGS/MARD_SAMEA3138990_REFG_MMP3138990-contigs.db, 02_CONTIGS/anvi_run_hmms-MARD_SAMEA3138990_REFG_MMP3138990.done, 02_CONTIGS/anvi_run_ncbi_cogs-MARD_SAMEA3138990_REFG_MMP3138990.done, 02_CONTIGS/anvi_run_kegg_kofams-MARD_SAMEA3138990_REFG_MMP3138990.done
    output: 02_CONTIGS/MARD_SAMEA3138990_REFG_MMP3138990-annotate_contigs_database.done
    log: 00_LOGS/MARD_SAMEA3138990_REFG_MMP3138990-annotate_contigs_database.log
    jobid: 88
    reason: Input files updated by another job: 02_CONTIGS/MARD_SAMEA3138990_REFG_MMP3138990-contigs.db
    wildcards: group=MARD_SAMEA3138990_REFG_MMP3138990
    resources: tmpdir=/var/folders/rl/61bz6knj1sq7j72mdlqd5p240000gn/T

Touching output file 02_CONTIGS/GCA_000613065_1_RintRC_1_genomic-annotate_contigs_database.done.
[Tue Nov  8 21:29:47 2022]
Finished job 4.
29 of 47 steps (62%) done
Touching output file 02_CONTIGS/GCA_013214565_1_ASM1321456v1_genomic-annotate_contigs_database.done.
[Tue Nov  8 21:29:47 2022]
Finished job 25.
30 of 47 steps (64%) done
Touching output file 02_CONTIGS/GCF_900185595_1_CalSC01_2013_genomic-annotate_contigs_database.done.
[Tue Nov  8 21:29:47 2022]
Finished job 53.
31 of 47 steps (66%) done
Select jobs to execute...

[Tue Nov  8 21:29:47 2022]
localrule annotate_contigs_database:
    input: 02_CONTIGS/TARA_PON_109_MAG_00086-contigs.db, 02_CONTIGS/anvi_run_hmms-TARA_PON_109_MAG_00086.done, 02_CONTIGS/anvi_run_ncbi_cogs-TARA_PON_109_MAG_00086.done, 02_CONTIGS/anvi_run_kegg_kofams-TARA_PON_109_MAG_00086.done
    output: 02_CONTIGS/TARA_PON_109_MAG_00086-annotate_contigs_database.done
    log: 00_LOGS/TARA_PON_109_MAG_00086-annotate_contigs_database.log
    jobid: 67
    reason: Input files updated by another job: 02_CONTIGS/TARA_PON_109_MAG_00086-contigs.db
    wildcards: group=TARA_PON_109_MAG_00086
    resources: tmpdir=/var/folders/rl/61bz6knj1sq7j72mdlqd5p240000gn/T

[Tue Nov  8 21:29:47 2022]
localrule annotate_contigs_database:
    input: 02_CONTIGS/BGEO_SAMN07136523_METAG_IKJKMCAK-contigs.db, 02_CONTIGS/anvi_run_hmms-BGEO_SAMN07136523_METAG_IKJKMCAK.done, 02_CONTIGS/anvi_run_ncbi_cogs-BGEO_SAMN07136523_METAG_IKJKMCAK.done, 02_CONTIGS/anvi_run_kegg_kofams-BGEO_SAMN07136523_METAG_IKJKMCAK.done
    output: 02_CONTIGS/BGEO_SAMN07136523_METAG_IKJKMCAK-annotate_contigs_database.done
    log: 00_LOGS/BGEO_SAMN07136523_METAG_IKJKMCAK-annotate_contigs_database.log
    jobid: 95
    reason: Input files updated by another job: 02_CONTIGS/BGEO_SAMN07136523_METAG_IKJKMCAK-contigs.db
    wildcards: group=BGEO_SAMN07136523_METAG_IKJKMCAK
    resources: tmpdir=/var/folders/rl/61bz6knj1sq7j72mdlqd5p240000gn/T

[Tue Nov  8 21:29:47 2022]
localrule annotate_contigs_database:
    input: 02_CONTIGS/GCA_900299445_1_Richelia_intracellularis_AM_2804_genomic-contigs.db, 02_CONTIGS/anvi_run_hmms-GCA_900299445_1_Richelia_intracellularis_AM_2804_genomic.done, 02_CONTIGS/anvi_run_ncbi_cogs-GCA_900299445_1_Richelia_intracellularis_AM_2804_genomic.done, 02_CONTIGS/anvi_run_kegg_kofams-GCA_900299445_1_Richelia_intracellularis_AM_2804_genomic.done
    output: 02_CONTIGS/GCA_900299445_1_Richelia_intracellularis_AM_2804_genomic-annotate_contigs_database.done
    log: 00_LOGS/GCA_900299445_1_Richelia_intracellularis_AM_2804_genomic-annotate_contigs_database.log
    jobid: 32
    reason: Input files updated by another job: 02_CONTIGS/GCA_900299445_1_Richelia_intracellularis_AM_2804_genomic-contigs.db
    wildcards: group=GCA_900299445_1_Richelia_intracellularis_AM_2804_genomic
    resources: tmpdir=/var/folders/rl/61bz6knj1sq7j72mdlqd5p240000gn/T

Touching output file 02_CONTIGS/MARD_SAMEA3138990_REFG_MMP3138990-annotate_contigs_database.done.
[Tue Nov  8 21:29:47 2022]
Finished job 88.
32 of 47 steps (68%) done
Touching output file 02_CONTIGS/TARA_PON_109_MAG_00086-annotate_contigs_database.done.
[Tue Nov  8 21:29:47 2022]
Finished job 67.
33 of 47 steps (70%) done
Touching output file 02_CONTIGS/BGEO_SAMN07136523_METAG_IKJKMCAK-annotate_contigs_database.done.
[Tue Nov  8 21:29:47 2022]
Finished job 95.
34 of 47 steps (72%) done
Select jobs to execute...

[Tue Nov  8 21:29:47 2022]
localrule annotate_contigs_database:
    input: 02_CONTIGS/GCA_000350105_1_ASM35010v1_genomic-contigs.db, 02_CONTIGS/anvi_run_hmms-GCA_000350105_1_ASM35010v1_genomic.done, 02_CONTIGS/anvi_run_ncbi_cogs-GCA_000350105_1_ASM35010v1_genomic.done, 02_CONTIGS/anvi_run_kegg_kofams-GCA_000350105_1_ASM35010v1_genomic.done
    output: 02_CONTIGS/GCA_000350105_1_ASM35010v1_genomic-annotate_contigs_database.done
    log: 00_LOGS/GCA_000350105_1_ASM35010v1_genomic-annotate_contigs_database.log
    jobid: 39
    reason: Input files updated by another job: 02_CONTIGS/GCA_000350105_1_ASM35010v1_genomic-contigs.db
    wildcards: group=GCA_000350105_1_ASM35010v1_genomic
    resources: tmpdir=/var/folders/rl/61bz6knj1sq7j72mdlqd5p240000gn/T

[Tue Nov  8 21:29:47 2022]
localrule annotate_contigs_database:
    input: 02_CONTIGS/TARA_MED_95_MAG_00146-contigs.db, 02_CONTIGS/anvi_run_hmms-TARA_MED_95_MAG_00146.done, 02_CONTIGS/anvi_run_ncbi_cogs-TARA_MED_95_MAG_00146.done, 02_CONTIGS/anvi_run_kegg_kofams-TARA_MED_95_MAG_00146.done
    output: 02_CONTIGS/TARA_MED_95_MAG_00146-annotate_contigs_database.done
    log: 00_LOGS/TARA_MED_95_MAG_00146-annotate_contigs_database.log
    jobid: 60
    reason: Input files updated by another job: 02_CONTIGS/TARA_MED_95_MAG_00146-contigs.db
    wildcards: group=TARA_MED_95_MAG_00146
    resources: tmpdir=/var/folders/rl/61bz6knj1sq7j72mdlqd5p240000gn/T

[Tue Nov  8 21:29:47 2022]
localrule annotate_contigs_database:
    input: 02_CONTIGS/GCA_002470035_1_ASM247003v1_genomic-contigs.db, 02_CONTIGS/anvi_run_hmms-GCA_002470035_1_ASM247003v1_genomic.done, 02_CONTIGS/anvi_run_ncbi_cogs-GCA_002470035_1_ASM247003v1_genomic.done, 02_CONTIGS/anvi_run_kegg_kofams-GCA_002470035_1_ASM247003v1_genomic.done
    output: 02_CONTIGS/GCA_002470035_1_ASM247003v1_genomic-annotate_contigs_database.done
    log: 00_LOGS/GCA_002470035_1_ASM247003v1_genomic-annotate_contigs_database.log
    jobid: 18
    reason: Input files updated by another job: 02_CONTIGS/GCA_002470035_1_ASM247003v1_genomic-contigs.db
    wildcards: group=GCA_002470035_1_ASM247003v1_genomic
    resources: tmpdir=/var/folders/rl/61bz6knj1sq7j72mdlqd5p240000gn/T

Touching output file 02_CONTIGS/GCA_900299445_1_Richelia_intracellularis_AM_2804_genomic-annotate_contigs_database.done.
[Tue Nov  8 21:29:47 2022]
Finished job 32.
35 of 47 steps (74%) done
Touching output file 02_CONTIGS/GCA_000350105_1_ASM35010v1_genomic-annotate_contigs_database.done.
[Tue Nov  8 21:29:47 2022]
Finished job 39.
36 of 47 steps (77%) done
Touching output file 02_CONTIGS/TARA_MED_95_MAG_00146-annotate_contigs_database.done.
[Tue Nov  8 21:29:47 2022]
Finished job 60.
37 of 47 steps (79%) done
Select jobs to execute...

[Tue Nov  8 21:29:47 2022]
localrule annotate_contigs_database:
    input: 02_CONTIGS/GCA_002377925_1_ASM237792v1_genomic-contigs.db, 02_CONTIGS/anvi_run_hmms-GCA_002377925_1_ASM237792v1_genomic.done, 02_CONTIGS/anvi_run_ncbi_cogs-GCA_002377925_1_ASM237792v1_genomic.done, 02_CONTIGS/anvi_run_kegg_kofams-GCA_002377925_1_ASM237792v1_genomic.done
    output: 02_CONTIGS/GCA_002377925_1_ASM237792v1_genomic-annotate_contigs_database.done
    log: 00_LOGS/GCA_002377925_1_ASM237792v1_genomic-annotate_contigs_database.log
    jobid: 11
    reason: Input files updated by another job: 02_CONTIGS/GCA_002377925_1_ASM237792v1_genomic-contigs.db
    wildcards: group=GCA_002377925_1_ASM237792v1_genomic
    resources: tmpdir=/var/folders/rl/61bz6knj1sq7j72mdlqd5p240000gn/T

[Tue Nov  8 21:29:47 2022]
localrule annotate_contigs_database:
    input: 02_CONTIGS/GCA_000350125_1_ASM35012v1_genomic-contigs.db, 02_CONTIGS/anvi_run_hmms-GCA_000350125_1_ASM35012v1_genomic.done, 02_CONTIGS/anvi_run_ncbi_cogs-GCA_000350125_1_ASM35012v1_genomic.done, 02_CONTIGS/anvi_run_kegg_kofams-GCA_000350125_1_ASM35012v1_genomic.done
    output: 02_CONTIGS/GCA_000350125_1_ASM35012v1_genomic-annotate_contigs_database.done
    log: 00_LOGS/GCA_000350125_1_ASM35012v1_genomic-annotate_contigs_database.log
    jobid: 46
    reason: Input files updated by another job: 02_CONTIGS/GCA_000350125_1_ASM35012v1_genomic-contigs.db
    wildcards: group=GCA_000350125_1_ASM35012v1_genomic
    resources: tmpdir=/var/folders/rl/61bz6knj1sq7j72mdlqd5p240000gn/T

[Tue Nov  8 21:29:47 2022]
localrule annotate_contigs_database:
    input: 02_CONTIGS/MARD_SAMEA2272692_REFG_MMP2272692-contigs.db, 02_CONTIGS/anvi_run_hmms-MARD_SAMEA2272692_REFG_MMP2272692.done, 02_CONTIGS/anvi_run_ncbi_cogs-MARD_SAMEA2272692_REFG_MMP2272692.done, 02_CONTIGS/anvi_run_kegg_kofams-MARD_SAMEA2272692_REFG_MMP2272692.done
    output: 02_CONTIGS/MARD_SAMEA2272692_REFG_MMP2272692-annotate_contigs_database.done
    log: 00_LOGS/MARD_SAMEA2272692_REFG_MMP2272692-annotate_contigs_database.log
    jobid: 81
    reason: Input files updated by another job: 02_CONTIGS/MARD_SAMEA2272692_REFG_MMP2272692-contigs.db
    wildcards: group=MARD_SAMEA2272692_REFG_MMP2272692
    resources: tmpdir=/var/folders/rl/61bz6knj1sq7j72mdlqd5p240000gn/T

Touching output file 02_CONTIGS/GCA_002470035_1_ASM247003v1_genomic-annotate_contigs_database.done.
[Tue Nov  8 21:29:47 2022]
Finished job 18.
38 of 47 steps (81%) done
Touching output file 02_CONTIGS/GCA_002377925_1_ASM237792v1_genomic-annotate_contigs_database.done.
[Tue Nov  8 21:29:47 2022]
Finished job 11.
39 of 47 steps (83%) done
Touching output file 02_CONTIGS/GCA_000350125_1_ASM35012v1_genomic-annotate_contigs_database.done.
[Tue Nov  8 21:29:47 2022]
Finished job 46.
40 of 47 steps (85%) done
Select jobs to execute...

[Tue Nov  8 21:29:47 2022]
localrule annotate_contigs_database:
    input: 02_CONTIGS/MARD_SAMEA2272302_REFG_MMP2272302-contigs.db, 02_CONTIGS/anvi_run_hmms-MARD_SAMEA2272302_REFG_MMP2272302.done, 02_CONTIGS/anvi_run_ncbi_cogs-MARD_SAMEA2272302_REFG_MMP2272302.done, 02_CONTIGS/anvi_run_kegg_kofams-MARD_SAMEA2272302_REFG_MMP2272302.done
    output: 02_CONTIGS/MARD_SAMEA2272302_REFG_MMP2272302-annotate_contigs_database.done
    log: 00_LOGS/MARD_SAMEA2272302_REFG_MMP2272302-annotate_contigs_database.log
    jobid: 74
    reason: Input files updated by another job: 02_CONTIGS/MARD_SAMEA2272302_REFG_MMP2272302-contigs.db
    wildcards: group=MARD_SAMEA2272302_REFG_MMP2272302
    resources: tmpdir=/var/folders/rl/61bz6knj1sq7j72mdlqd5p240000gn/T

Touching output file 02_CONTIGS/MARD_SAMEA2272692_REFG_MMP2272692-annotate_contigs_database.done.
[Tue Nov  8 21:29:47 2022]
Finished job 81.
41 of 47 steps (87%) done
Touching output file 02_CONTIGS/MARD_SAMEA2272302_REFG_MMP2272302-annotate_contigs_database.done.
[Tue Nov  8 21:29:47 2022]
Finished job 74.
42 of 47 steps (89%) done
Select jobs to execute...

[Tue Nov  8 21:29:47 2022]
rule gen_external_genome_file:
    input: 02_CONTIGS/GCA_000613065_1_RintRC_1_genomic-annotate_contigs_database.done, 02_CONTIGS/GCA_002377925_1_ASM237792v1_genomic-annotate_contigs_database.done, 02_CONTIGS/GCA_002470035_1_ASM247003v1_genomic-annotate_contigs_database.done, 02_CONTIGS/GCA_013214565_1_ASM1321456v1_genomic-annotate_contigs_database.done, 02_CONTIGS/GCA_900299445_1_Richelia_intracellularis_AM_2804_genomic-annotate_contigs_database.done, 02_CONTIGS/GCA_000350105_1_ASM35010v1_genomic-annotate_contigs_database.done, 02_CONTIGS/GCA_000350125_1_ASM35012v1_genomic-annotate_contigs_database.done, 02_CONTIGS/GCF_900185595_1_CalSC01_2013_genomic-annotate_contigs_database.done, 02_CONTIGS/TARA_MED_95_MAG_00146-annotate_contigs_database.done, 02_CONTIGS/TARA_PON_109_MAG_00086-annotate_contigs_database.done, 02_CONTIGS/MARD_SAMEA2272302_REFG_MMP2272302-annotate_contigs_database.done, 02_CONTIGS/MARD_SAMEA2272692_REFG_MMP2272692-annotate_contigs_database.done, 02_CONTIGS/MARD_SAMEA3138990_REFG_MMP3138990-annotate_contigs_database.done, 02_CONTIGS/BGEO_SAMN07136523_METAG_IKJKMCAK-annotate_contigs_database.done, 02_CONTIGS/GCA_000613065_1_RintRC_1_genomic-contigs.db, 02_CONTIGS/GCA_002377925_1_ASM237792v1_genomic-contigs.db, 02_CONTIGS/GCA_002470035_1_ASM247003v1_genomic-contigs.db, 02_CONTIGS/GCA_013214565_1_ASM1321456v1_genomic-contigs.db, 02_CONTIGS/GCA_900299445_1_Richelia_intracellularis_AM_2804_genomic-contigs.db, 02_CONTIGS/GCA_000350105_1_ASM35010v1_genomic-contigs.db, 02_CONTIGS/GCA_000350125_1_ASM35012v1_genomic-contigs.db, 02_CONTIGS/GCF_900185595_1_CalSC01_2013_genomic-contigs.db, 02_CONTIGS/TARA_MED_95_MAG_00146-contigs.db, 02_CONTIGS/TARA_PON_109_MAG_00086-contigs.db, 02_CONTIGS/MARD_SAMEA2272302_REFG_MMP2272302-contigs.db, 02_CONTIGS/MARD_SAMEA2272692_REFG_MMP2272692-contigs.db, 02_CONTIGS/MARD_SAMEA3138990_REFG_MMP3138990-contigs.db, 02_CONTIGS/BGEO_SAMN07136523_METAG_IKJKMCAK-contigs.db
    output: external-genomes.txt
    log: 00_LOGS/gen_external_genome_file.log
    jobid: 3
    reason: Input files updated by another job: 02_CONTIGS/MARD_SAMEA3138990_REFG_MMP3138990-contigs.db, 02_CONTIGS/GCA_900299445_1_Richelia_intracellularis_AM_2804_genomic-contigs.db, 02_CONTIGS/MARD_SAMEA2272302_REFG_MMP2272302-annotate_contigs_database.done, 02_CONTIGS/MARD_SAMEA3138990_REFG_MMP3138990-annotate_contigs_database.done, 02_CONTIGS/MARD_SAMEA2272692_REFG_MMP2272692-annotate_contigs_database.done, 02_CONTIGS/MARD_SAMEA2272302_REFG_MMP2272302-contigs.db, 02_CONTIGS/GCA_002377925_1_ASM237792v1_genomic-contigs.db, 02_CONTIGS/GCF_900185595_1_CalSC01_2013_genomic-contigs.db, 02_CONTIGS/TARA_PON_109_MAG_00086-contigs.db, 02_CONTIGS/GCA_002470035_1_ASM247003v1_genomic-contigs.db, 02_CONTIGS/GCF_900185595_1_CalSC01_2013_genomic-annotate_contigs_database.done, 02_CONTIGS/TARA_MED_95_MAG_00146-contigs.db, 02_CONTIGS/BGEO_SAMN07136523_METAG_IKJKMCAK-annotate_contigs_database.done, 02_CONTIGS/GCA_000350105_1_ASM35010v1_genomic-annotate_contigs_database.done, 02_CONTIGS/GCA_000350105_1_ASM35010v1_genomic-contigs.db, 02_CONTIGS/GCA_013214565_1_ASM1321456v1_genomic-annotate_contigs_database.done, 02_CONTIGS/GCA_900299445_1_Richelia_intracellularis_AM_2804_genomic-annotate_contigs_database.done, 02_CONTIGS/TARA_PON_109_MAG_00086-annotate_contigs_database.done, 02_CONTIGS/GCA_002377925_1_ASM237792v1_genomic-annotate_contigs_database.done, 02_CONTIGS/GCA_002470035_1_ASM247003v1_genomic-annotate_contigs_database.done, 02_CONTIGS/GCA_000350125_1_ASM35012v1_genomic-annotate_contigs_database.done, 02_CONTIGS/GCA_000350125_1_ASM35012v1_genomic-contigs.db, 02_CONTIGS/TARA_MED_95_MAG_00146-annotate_contigs_database.done, 02_CONTIGS/BGEO_SAMN07136523_METAG_IKJKMCAK-contigs.db, 02_CONTIGS/GCA_013214565_1_ASM1321456v1_genomic-contigs.db, 02_CONTIGS/GCA_000613065_1_RintRC_1_genomic-annotate_contigs_database.done, 02_CONTIGS/GCA_000613065_1_RintRC_1_genomic-contigs.db, 02_CONTIGS/MARD_SAMEA2272692_REFG_MMP2272692-contigs.db
    resources: tmpdir=/var/folders/rl/61bz6knj1sq7j72mdlqd5p240000gn/T, nodes=1

[Tue Nov  8 21:29:48 2022]
Finished job 3.
43 of 47 steps (91%) done
Select jobs to execute...

[Tue Nov  8 21:29:48 2022]
rule anvi_gen_genomes_storage:
    input: external-genomes.txt, external-genomes.txt
    output: 03_PAN/Richelia-GENOMES.db
    log: 00_LOGS/Richelia-anvi_gen_genomes_storage.log
    jobid: 2
    reason: Missing output files: 03_PAN/Richelia-GENOMES.db; Input files updated by another job: external-genomes.txt
    resources: tmpdir=/var/folders/rl/61bz6knj1sq7j72mdlqd5p240000gn/T, nodes=1


            anvi-gen-genomes-storage -o 03_PAN/Richelia-GENOMES.db                                                                          --external-genomes external-genomes.txt                                      >> 00_LOGS/Richelia-anvi_gen_genomes_storage.log 2>&1
        
[Tue Nov  8 21:29:54 2022]
Finished job 2.
44 of 47 steps (94%) done
Select jobs to execute...

[Tue Nov  8 21:29:54 2022]
rule anvi_pan_genome:
    input: 03_PAN/Richelia-GENOMES.db
    output: 03_PAN/Richelia-PAN.db
    log: 00_LOGS/Richelia-anvi_pan_genome.log
    jobid: 1
    reason: Input files updated by another job: 03_PAN/Richelia-GENOMES.db
    threads: 4
    resources: tmpdir=/var/folders/rl/61bz6knj1sq7j72mdlqd5p240000gn/T, nodes=4


            anvi-pan-genome -g 03_PAN/Richelia-GENOMES.db --num-threads 4 -o 03_PAN --project-name Richelia                                                                                   >> 00_LOGS/Richelia-anvi_pan_genome.log 2>&1
        
[Tue Nov  8 21:30:15 2022]
Error in rule anvi_pan_genome:
    jobid: 1
    output: 03_PAN/Richelia-PAN.db
    log: 00_LOGS/Richelia-anvi_pan_genome.log (check log file(s) for error message)
    shell:
        
            anvi-pan-genome -g 03_PAN/Richelia-GENOMES.db --num-threads 4 -o 03_PAN --project-name Richelia                                                                                   >> 00_LOGS/Richelia-anvi_pan_genome.log 2>&1
        
        (one of the commands exited with non-zero exit code; note that snakemake uses bash strict mode!)

Removing output files of failed job anvi_pan_genome since they might be corrupted:
03_PAN/Richelia-PAN.db
Shutting down, this might take some time.
Exiting because a job execution failed. Look above for error message
Complete log: .snakemake/log/2022-11-08T212756.276166.snakemake.log
