Building DAG of jobs...
Using shell: /bin/bash
Provided cores: 4
Rules claiming more threads will be scaled down.
Job stats:
job                                       count    min threads    max threads
--------------------------------------  -------  -------------  -------------
annotate_contigs_database                    14              1              1
anvi_compute_genome_similarity                1              4              4
anvi_gen_contigs_database                    14              4              4
anvi_gen_genomes_storage                      1              1              1
anvi_pan_genome                               1              4              4
anvi_script_reformat_fasta                   14              1              1
anvi_script_reformat_fasta_prefix_only       14              1              1
gen_external_genome_file                      1              1              1
pangenomics_target_rule                       1              1              1
total                                        61              1              4

Select jobs to execute...

[Mon Oct 31 16:40:49 2022]
rule anvi_script_reformat_fasta_prefix_only:
    input: /Users/vesna/github/anvio/anvio/data/EBAME/Richelia_genomes/genomes/GCF_900185595.1_CalSC01_2013_genomic.faa
    output: 01_FASTA/GCF_900185595_1_CalSC01_2013_genomic/GCF_900185595_1_CalSC01_2013_genomic-contigs-prefix-formatted-only.fa, 01_FASTA/GCF_900185595_1_CalSC01_2013_genomic/GCF_900185595_1_CalSC01_2013_genomic-reformat-report.txt
    log: 00_LOGS/GCF_900185595_1_CalSC01_2013_genomic-anvi_script_reformat_fasta_prefix_only.log
    jobid: 39
    reason: Missing output files: 01_FASTA/GCF_900185595_1_CalSC01_2013_genomic/GCF_900185595_1_CalSC01_2013_genomic-contigs-prefix-formatted-only.fa
    wildcards: group=GCF_900185595_1_CalSC01_2013_genomic
    resources: tmpdir=/var/folders/rl/61bz6knj1sq7j72mdlqd5p240000gn/T, nodes=1

anvi-script-reformat-fasta /Users/vesna/github/anvio/anvio/data/EBAME/Richelia_genomes/genomes/GCF_900185595.1_CalSC01_2013_genomic.faa -o 01_FASTA/GCF_900185595_1_CalSC01_2013_genomic/GCF_900185595_1_CalSC01_2013_genomic-contigs-prefix-formatted-only.fa -r 01_FASTA/GCF_900185595_1_CalSC01_2013_genomic/GCF_900185595_1_CalSC01_2013_genomic-reformat-report.txt --prefix GCF_900185595_1_CalSC01_2013_genomic   --simplify-names --seq-type NT >> 00_LOGS/GCF_900185595_1_CalSC01_2013_genomic-anvi_script_reformat_fasta_prefix_only.log 2>&1

[Mon Oct 31 16:40:49 2022]
rule anvi_script_reformat_fasta_prefix_only:
    input: /Users/vesna/github/anvio/anvio/data/EBAME/Richelia_genomes/genomes/MARD_SAMEA3138990_REFG_MMP3138990.faa
    output: 01_FASTA/MARD_SAMEA3138990_REFG_MMP3138990/MARD_SAMEA3138990_REFG_MMP3138990-contigs-prefix-formatted-only.fa, 01_FASTA/MARD_SAMEA3138990_REFG_MMP3138990/MARD_SAMEA3138990_REFG_MMP3138990-reformat-report.txt
    log: 00_LOGS/MARD_SAMEA3138990_REFG_MMP3138990-anvi_script_reformat_fasta_prefix_only.log
    jobid: 51
    reason: Missing output files: 01_FASTA/MARD_SAMEA3138990_REFG_MMP3138990/MARD_SAMEA3138990_REFG_MMP3138990-contigs-prefix-formatted-only.fa
    wildcards: group=MARD_SAMEA3138990_REFG_MMP3138990
    resources: tmpdir=/var/folders/rl/61bz6knj1sq7j72mdlqd5p240000gn/T, nodes=1

anvi-script-reformat-fasta /Users/vesna/github/anvio/anvio/data/EBAME/Richelia_genomes/genomes/MARD_SAMEA3138990_REFG_MMP3138990.faa -o 01_FASTA/MARD_SAMEA3138990_REFG_MMP3138990/MARD_SAMEA3138990_REFG_MMP3138990-contigs-prefix-formatted-only.fa -r 01_FASTA/MARD_SAMEA3138990_REFG_MMP3138990/MARD_SAMEA3138990_REFG_MMP3138990-reformat-report.txt --prefix MARD_SAMEA3138990_REFG_MMP3138990   --simplify-names --seq-type NT >> 00_LOGS/MARD_SAMEA3138990_REFG_MMP3138990-anvi_script_reformat_fasta_prefix_only.log 2>&1

[Mon Oct 31 16:40:49 2022]
rule anvi_script_reformat_fasta_prefix_only:
    input: /Users/vesna/github/anvio/anvio/data/EBAME/Richelia_genomes/genomes/GCA_013214565.1_ASM1321456v1_genomic.faa
    output: 01_FASTA/GCA_013214565_1_ASM1321456v1_genomic/GCA_013214565_1_ASM1321456v1_genomic-contigs-prefix-formatted-only.fa, 01_FASTA/GCA_013214565_1_ASM1321456v1_genomic/GCA_013214565_1_ASM1321456v1_genomic-reformat-report.txt
    log: 00_LOGS/GCA_013214565_1_ASM1321456v1_genomic-anvi_script_reformat_fasta_prefix_only.log
    jobid: 23
    reason: Missing output files: 01_FASTA/GCA_013214565_1_ASM1321456v1_genomic/GCA_013214565_1_ASM1321456v1_genomic-contigs-prefix-formatted-only.fa
    wildcards: group=GCA_013214565_1_ASM1321456v1_genomic
    resources: tmpdir=/var/folders/rl/61bz6knj1sq7j72mdlqd5p240000gn/T, nodes=1

anvi-script-reformat-fasta /Users/vesna/github/anvio/anvio/data/EBAME/Richelia_genomes/genomes/GCA_013214565.1_ASM1321456v1_genomic.faa -o 01_FASTA/GCA_013214565_1_ASM1321456v1_genomic/GCA_013214565_1_ASM1321456v1_genomic-contigs-prefix-formatted-only.fa -r 01_FASTA/GCA_013214565_1_ASM1321456v1_genomic/GCA_013214565_1_ASM1321456v1_genomic-reformat-report.txt --prefix GCA_013214565_1_ASM1321456v1_genomic   --simplify-names --seq-type NT >> 00_LOGS/GCA_013214565_1_ASM1321456v1_genomic-anvi_script_reformat_fasta_prefix_only.log 2>&1

[Mon Oct 31 16:40:49 2022]
rule anvi_script_reformat_fasta_prefix_only:
    input: /Users/vesna/github/anvio/anvio/data/EBAME/Richelia_genomes/genomes/GCA_000613065.1_RintRC_1_genomic.faa
    output: 01_FASTA/GCA_000613065_1_RintRC_1_genomic/GCA_000613065_1_RintRC_1_genomic-contigs-prefix-formatted-only.fa, 01_FASTA/GCA_000613065_1_RintRC_1_genomic/GCA_000613065_1_RintRC_1_genomic-reformat-report.txt
    log: 00_LOGS/GCA_000613065_1_RintRC_1_genomic-anvi_script_reformat_fasta_prefix_only.log
    jobid: 11
    reason: Missing output files: 01_FASTA/GCA_000613065_1_RintRC_1_genomic/GCA_000613065_1_RintRC_1_genomic-contigs-prefix-formatted-only.fa
    wildcards: group=GCA_000613065_1_RintRC_1_genomic
    resources: tmpdir=/var/folders/rl/61bz6knj1sq7j72mdlqd5p240000gn/T, nodes=1

anvi-script-reformat-fasta /Users/vesna/github/anvio/anvio/data/EBAME/Richelia_genomes/genomes/GCA_000613065.1_RintRC_1_genomic.faa -o 01_FASTA/GCA_000613065_1_RintRC_1_genomic/GCA_000613065_1_RintRC_1_genomic-contigs-prefix-formatted-only.fa -r 01_FASTA/GCA_000613065_1_RintRC_1_genomic/GCA_000613065_1_RintRC_1_genomic-reformat-report.txt --prefix GCA_000613065_1_RintRC_1_genomic   --simplify-names --seq-type NT >> 00_LOGS/GCA_000613065_1_RintRC_1_genomic-anvi_script_reformat_fasta_prefix_only.log 2>&1
Write-protecting output file 01_FASTA/GCA_013214565_1_ASM1321456v1_genomic/GCA_013214565_1_ASM1321456v1_genomic-contigs-prefix-formatted-only.fa.
[Mon Oct 31 16:40:50 2022]
Finished job 23.
1 of 61 steps (2%) done
Select jobs to execute...

[Mon Oct 31 16:40:50 2022]
rule anvi_script_reformat_fasta:
    input: 01_FASTA/GCA_013214565_1_ASM1321456v1_genomic/GCA_013214565_1_ASM1321456v1_genomic-contigs-prefix-formatted-only.fa
    output: 01_FASTA/GCA_013214565_1_ASM1321456v1_genomic/GCA_013214565_1_ASM1321456v1_genomic-contigs.fa
    log: 00_LOGS/GCA_013214565_1_ASM1321456v1_genomic-anvi_script_reformat_fasta.log
    jobid: 22
    reason: Missing output files: 01_FASTA/GCA_013214565_1_ASM1321456v1_genomic/GCA_013214565_1_ASM1321456v1_genomic-contigs.fa; Input files updated by another job: 01_FASTA/GCA_013214565_1_ASM1321456v1_genomic/GCA_013214565_1_ASM1321456v1_genomic-contigs-prefix-formatted-only.fa
    wildcards: group=GCA_013214565_1_ASM1321456v1_genomic
    resources: tmpdir=/var/folders/rl/61bz6knj1sq7j72mdlqd5p240000gn/T, nodes=1

anvi-script-reformat-fasta 01_FASTA/GCA_013214565_1_ASM1321456v1_genomic/GCA_013214565_1_ASM1321456v1_genomic-contigs-prefix-formatted-only.fa -o 01_FASTA/GCA_013214565_1_ASM1321456v1_genomic/GCA_013214565_1_ASM1321456v1_genomic-contigs.fa --seq-type NT  >> 00_LOGS/GCA_013214565_1_ASM1321456v1_genomic-anvi_script_reformat_fasta.log 2>&1
Write-protecting output file 01_FASTA/GCF_900185595_1_CalSC01_2013_genomic/GCF_900185595_1_CalSC01_2013_genomic-contigs-prefix-formatted-only.fa.
[Mon Oct 31 16:40:50 2022]
Finished job 39.
2 of 61 steps (3%) done
Select jobs to execute...

[Mon Oct 31 16:40:50 2022]
rule anvi_script_reformat_fasta:
    input: 01_FASTA/GCF_900185595_1_CalSC01_2013_genomic/GCF_900185595_1_CalSC01_2013_genomic-contigs-prefix-formatted-only.fa
    output: 01_FASTA/GCF_900185595_1_CalSC01_2013_genomic/GCF_900185595_1_CalSC01_2013_genomic-contigs.fa
    log: 00_LOGS/GCF_900185595_1_CalSC01_2013_genomic-anvi_script_reformat_fasta.log
    jobid: 38
    reason: Missing output files: 01_FASTA/GCF_900185595_1_CalSC01_2013_genomic/GCF_900185595_1_CalSC01_2013_genomic-contigs.fa; Input files updated by another job: 01_FASTA/GCF_900185595_1_CalSC01_2013_genomic/GCF_900185595_1_CalSC01_2013_genomic-contigs-prefix-formatted-only.fa
    wildcards: group=GCF_900185595_1_CalSC01_2013_genomic
    resources: tmpdir=/var/folders/rl/61bz6knj1sq7j72mdlqd5p240000gn/T, nodes=1

anvi-script-reformat-fasta 01_FASTA/GCF_900185595_1_CalSC01_2013_genomic/GCF_900185595_1_CalSC01_2013_genomic-contigs-prefix-formatted-only.fa -o 01_FASTA/GCF_900185595_1_CalSC01_2013_genomic/GCF_900185595_1_CalSC01_2013_genomic-contigs.fa --seq-type NT  >> 00_LOGS/GCF_900185595_1_CalSC01_2013_genomic-anvi_script_reformat_fasta.log 2>&1
Write-protecting output file 01_FASTA/MARD_SAMEA3138990_REFG_MMP3138990/MARD_SAMEA3138990_REFG_MMP3138990-contigs-prefix-formatted-only.fa.
[Mon Oct 31 16:40:50 2022]
Finished job 51.
3 of 61 steps (5%) done
Select jobs to execute...

[Mon Oct 31 16:40:50 2022]
rule anvi_script_reformat_fasta:
    input: 01_FASTA/MARD_SAMEA3138990_REFG_MMP3138990/MARD_SAMEA3138990_REFG_MMP3138990-contigs-prefix-formatted-only.fa
    output: 01_FASTA/MARD_SAMEA3138990_REFG_MMP3138990/MARD_SAMEA3138990_REFG_MMP3138990-contigs.fa
    log: 00_LOGS/MARD_SAMEA3138990_REFG_MMP3138990-anvi_script_reformat_fasta.log
    jobid: 50
    reason: Missing output files: 01_FASTA/MARD_SAMEA3138990_REFG_MMP3138990/MARD_SAMEA3138990_REFG_MMP3138990-contigs.fa; Input files updated by another job: 01_FASTA/MARD_SAMEA3138990_REFG_MMP3138990/MARD_SAMEA3138990_REFG_MMP3138990-contigs-prefix-formatted-only.fa
    wildcards: group=MARD_SAMEA3138990_REFG_MMP3138990
    resources: tmpdir=/var/folders/rl/61bz6knj1sq7j72mdlqd5p240000gn/T, nodes=1

anvi-script-reformat-fasta 01_FASTA/MARD_SAMEA3138990_REFG_MMP3138990/MARD_SAMEA3138990_REFG_MMP3138990-contigs-prefix-formatted-only.fa -o 01_FASTA/MARD_SAMEA3138990_REFG_MMP3138990/MARD_SAMEA3138990_REFG_MMP3138990-contigs.fa --seq-type NT  >> 00_LOGS/MARD_SAMEA3138990_REFG_MMP3138990-anvi_script_reformat_fasta.log 2>&1
Write-protecting output file 01_FASTA/GCA_000613065_1_RintRC_1_genomic/GCA_000613065_1_RintRC_1_genomic-contigs-prefix-formatted-only.fa.
[Mon Oct 31 16:40:50 2022]
Finished job 11.
4 of 61 steps (7%) done
Select jobs to execute...

[Mon Oct 31 16:40:50 2022]
rule anvi_script_reformat_fasta:
    input: 01_FASTA/GCA_000613065_1_RintRC_1_genomic/GCA_000613065_1_RintRC_1_genomic-contigs-prefix-formatted-only.fa
    output: 01_FASTA/GCA_000613065_1_RintRC_1_genomic/GCA_000613065_1_RintRC_1_genomic-contigs.fa
    log: 00_LOGS/GCA_000613065_1_RintRC_1_genomic-anvi_script_reformat_fasta.log
    jobid: 10
    reason: Missing output files: 01_FASTA/GCA_000613065_1_RintRC_1_genomic/GCA_000613065_1_RintRC_1_genomic-contigs.fa; Input files updated by another job: 01_FASTA/GCA_000613065_1_RintRC_1_genomic/GCA_000613065_1_RintRC_1_genomic-contigs-prefix-formatted-only.fa
    wildcards: group=GCA_000613065_1_RintRC_1_genomic
    resources: tmpdir=/var/folders/rl/61bz6knj1sq7j72mdlqd5p240000gn/T, nodes=1

anvi-script-reformat-fasta 01_FASTA/GCA_000613065_1_RintRC_1_genomic/GCA_000613065_1_RintRC_1_genomic-contigs-prefix-formatted-only.fa -o 01_FASTA/GCA_000613065_1_RintRC_1_genomic/GCA_000613065_1_RintRC_1_genomic-contigs.fa --seq-type NT  >> 00_LOGS/GCA_000613065_1_RintRC_1_genomic-anvi_script_reformat_fasta.log 2>&1
[Mon Oct 31 16:40:51 2022]
Finished job 22.
5 of 61 steps (8%) done
Select jobs to execute...

[Mon Oct 31 16:40:51 2022]
rule anvi_script_reformat_fasta_prefix_only:
    input: /Users/vesna/github/anvio/anvio/data/EBAME/Richelia_genomes/genomes/GCA_900299445.1_Richelia_intracellularis_AM_2804_genomic.faa
    output: 01_FASTA/GCA_900299445_1_Richelia_intracellularis_AM_2804_genomic/GCA_900299445_1_Richelia_intracellularis_AM_2804_genomic-contigs-prefix-formatted-only.fa, 01_FASTA/GCA_900299445_1_Richelia_intracellularis_AM_2804_genomic/GCA_900299445_1_Richelia_intracellularis_AM_2804_genomic-reformat-report.txt
    log: 00_LOGS/GCA_900299445_1_Richelia_intracellularis_AM_2804_genomic-anvi_script_reformat_fasta_prefix_only.log
    jobid: 27
    reason: Missing output files: 01_FASTA/GCA_900299445_1_Richelia_intracellularis_AM_2804_genomic/GCA_900299445_1_Richelia_intracellularis_AM_2804_genomic-contigs-prefix-formatted-only.fa
    wildcards: group=GCA_900299445_1_Richelia_intracellularis_AM_2804_genomic
    resources: tmpdir=/var/folders/rl/61bz6knj1sq7j72mdlqd5p240000gn/T, nodes=1

anvi-script-reformat-fasta /Users/vesna/github/anvio/anvio/data/EBAME/Richelia_genomes/genomes/GCA_900299445.1_Richelia_intracellularis_AM_2804_genomic.faa -o 01_FASTA/GCA_900299445_1_Richelia_intracellularis_AM_2804_genomic/GCA_900299445_1_Richelia_intracellularis_AM_2804_genomic-contigs-prefix-formatted-only.fa -r 01_FASTA/GCA_900299445_1_Richelia_intracellularis_AM_2804_genomic/GCA_900299445_1_Richelia_intracellularis_AM_2804_genomic-reformat-report.txt --prefix GCA_900299445_1_Richelia_intracellularis_AM_2804_genomic   --simplify-names --seq-type NT >> 00_LOGS/GCA_900299445_1_Richelia_intracellularis_AM_2804_genomic-anvi_script_reformat_fasta_prefix_only.log 2>&1
[Mon Oct 31 16:40:51 2022]
Finished job 38.
6 of 61 steps (10%) done
Select jobs to execute...

[Mon Oct 31 16:40:51 2022]
rule anvi_script_reformat_fasta_prefix_only:
    input: /Users/vesna/github/anvio/anvio/data/EBAME/Richelia_genomes/genomes/GCF_000350105.1_ASM35010v1_genomic.faa
    output: 01_FASTA/GCF_000350105_1_ASM35010v1_genomic/GCF_000350105_1_ASM35010v1_genomic-contigs-prefix-formatted-only.fa, 01_FASTA/GCF_000350105_1_ASM35010v1_genomic/GCF_000350105_1_ASM35010v1_genomic-reformat-report.txt
    log: 00_LOGS/GCF_000350105_1_ASM35010v1_genomic-anvi_script_reformat_fasta_prefix_only.log
    jobid: 31
    reason: Missing output files: 01_FASTA/GCF_000350105_1_ASM35010v1_genomic/GCF_000350105_1_ASM35010v1_genomic-contigs-prefix-formatted-only.fa
    wildcards: group=GCF_000350105_1_ASM35010v1_genomic
    resources: tmpdir=/var/folders/rl/61bz6knj1sq7j72mdlqd5p240000gn/T, nodes=1

anvi-script-reformat-fasta /Users/vesna/github/anvio/anvio/data/EBAME/Richelia_genomes/genomes/GCF_000350105.1_ASM35010v1_genomic.faa -o 01_FASTA/GCF_000350105_1_ASM35010v1_genomic/GCF_000350105_1_ASM35010v1_genomic-contigs-prefix-formatted-only.fa -r 01_FASTA/GCF_000350105_1_ASM35010v1_genomic/GCF_000350105_1_ASM35010v1_genomic-reformat-report.txt --prefix GCF_000350105_1_ASM35010v1_genomic   --simplify-names --seq-type NT >> 00_LOGS/GCF_000350105_1_ASM35010v1_genomic-anvi_script_reformat_fasta_prefix_only.log 2>&1
[Mon Oct 31 16:40:51 2022]
Finished job 50.
7 of 61 steps (11%) done
[Mon Oct 31 16:40:51 2022]
Finished job 10.
8 of 61 steps (13%) done
Select jobs to execute...

[Mon Oct 31 16:40:51 2022]
rule anvi_script_reformat_fasta_prefix_only:
    input: /Users/vesna/github/anvio/anvio/data/EBAME/Richelia_genomes/genomes/GCA_002377925.1_ASM237792v1_genomic.faa
    output: 01_FASTA/GCA_002377925_1_ASM237792v1_genomic/GCA_002377925_1_ASM237792v1_genomic-contigs-prefix-formatted-only.fa, 01_FASTA/GCA_002377925_1_ASM237792v1_genomic/GCA_002377925_1_ASM237792v1_genomic-reformat-report.txt
    log: 00_LOGS/GCA_002377925_1_ASM237792v1_genomic-anvi_script_reformat_fasta_prefix_only.log
    jobid: 15
    reason: Missing output files: 01_FASTA/GCA_002377925_1_ASM237792v1_genomic/GCA_002377925_1_ASM237792v1_genomic-contigs-prefix-formatted-only.fa
    wildcards: group=GCA_002377925_1_ASM237792v1_genomic
    resources: tmpdir=/var/folders/rl/61bz6knj1sq7j72mdlqd5p240000gn/T, nodes=1

anvi-script-reformat-fasta /Users/vesna/github/anvio/anvio/data/EBAME/Richelia_genomes/genomes/GCA_002377925.1_ASM237792v1_genomic.faa -o 01_FASTA/GCA_002377925_1_ASM237792v1_genomic/GCA_002377925_1_ASM237792v1_genomic-contigs-prefix-formatted-only.fa -r 01_FASTA/GCA_002377925_1_ASM237792v1_genomic/GCA_002377925_1_ASM237792v1_genomic-reformat-report.txt --prefix GCA_002377925_1_ASM237792v1_genomic   --simplify-names --seq-type NT >> 00_LOGS/GCA_002377925_1_ASM237792v1_genomic-anvi_script_reformat_fasta_prefix_only.log 2>&1

[Mon Oct 31 16:40:51 2022]
rule anvi_script_reformat_fasta_prefix_only:
    input: /Users/vesna/github/anvio/anvio/data/EBAME/Richelia_genomes/genomes/MARD_SAMEA2272692_REFG_MMP2272692.faa
    output: 01_FASTA/MARD_SAMEA2272692_REFG_MMP2272692/MARD_SAMEA2272692_REFG_MMP2272692-contigs-prefix-formatted-only.fa, 01_FASTA/MARD_SAMEA2272692_REFG_MMP2272692/MARD_SAMEA2272692_REFG_MMP2272692-reformat-report.txt
    log: 00_LOGS/MARD_SAMEA2272692_REFG_MMP2272692-anvi_script_reformat_fasta_prefix_only.log
    jobid: 47
    reason: Missing output files: 01_FASTA/MARD_SAMEA2272692_REFG_MMP2272692/MARD_SAMEA2272692_REFG_MMP2272692-contigs-prefix-formatted-only.fa
    wildcards: group=MARD_SAMEA2272692_REFG_MMP2272692
    resources: tmpdir=/var/folders/rl/61bz6knj1sq7j72mdlqd5p240000gn/T, nodes=1

anvi-script-reformat-fasta /Users/vesna/github/anvio/anvio/data/EBAME/Richelia_genomes/genomes/MARD_SAMEA2272692_REFG_MMP2272692.faa -o 01_FASTA/MARD_SAMEA2272692_REFG_MMP2272692/MARD_SAMEA2272692_REFG_MMP2272692-contigs-prefix-formatted-only.fa -r 01_FASTA/MARD_SAMEA2272692_REFG_MMP2272692/MARD_SAMEA2272692_REFG_MMP2272692-reformat-report.txt --prefix MARD_SAMEA2272692_REFG_MMP2272692   --simplify-names --seq-type NT >> 00_LOGS/MARD_SAMEA2272692_REFG_MMP2272692-anvi_script_reformat_fasta_prefix_only.log 2>&1
Select jobs to execute...
Write-protecting output file 01_FASTA/GCA_900299445_1_Richelia_intracellularis_AM_2804_genomic/GCA_900299445_1_Richelia_intracellularis_AM_2804_genomic-contigs-prefix-formatted-only.fa.
[Mon Oct 31 16:40:53 2022]
Finished job 27.
9 of 61 steps (15%) done

[Mon Oct 31 16:40:53 2022]
rule anvi_script_reformat_fasta:
    input: 01_FASTA/GCA_900299445_1_Richelia_intracellularis_AM_2804_genomic/GCA_900299445_1_Richelia_intracellularis_AM_2804_genomic-contigs-prefix-formatted-only.fa
    output: 01_FASTA/GCA_900299445_1_Richelia_intracellularis_AM_2804_genomic/GCA_900299445_1_Richelia_intracellularis_AM_2804_genomic-contigs.fa
    log: 00_LOGS/GCA_900299445_1_Richelia_intracellularis_AM_2804_genomic-anvi_script_reformat_fasta.log
    jobid: 26
    reason: Missing output files: 01_FASTA/GCA_900299445_1_Richelia_intracellularis_AM_2804_genomic/GCA_900299445_1_Richelia_intracellularis_AM_2804_genomic-contigs.fa; Input files updated by another job: 01_FASTA/GCA_900299445_1_Richelia_intracellularis_AM_2804_genomic/GCA_900299445_1_Richelia_intracellularis_AM_2804_genomic-contigs-prefix-formatted-only.fa
    wildcards: group=GCA_900299445_1_Richelia_intracellularis_AM_2804_genomic
    resources: tmpdir=/var/folders/rl/61bz6knj1sq7j72mdlqd5p240000gn/T, nodes=1

anvi-script-reformat-fasta 01_FASTA/GCA_900299445_1_Richelia_intracellularis_AM_2804_genomic/GCA_900299445_1_Richelia_intracellularis_AM_2804_genomic-contigs-prefix-formatted-only.fa -o 01_FASTA/GCA_900299445_1_Richelia_intracellularis_AM_2804_genomic/GCA_900299445_1_Richelia_intracellularis_AM_2804_genomic-contigs.fa --seq-type NT  >> 00_LOGS/GCA_900299445_1_Richelia_intracellularis_AM_2804_genomic-anvi_script_reformat_fasta.log 2>&1
Write-protecting output file 01_FASTA/GCF_000350105_1_ASM35010v1_genomic/GCF_000350105_1_ASM35010v1_genomic-contigs-prefix-formatted-only.fa.
[Mon Oct 31 16:40:53 2022]
Finished job 31.
10 of 61 steps (16%) done
Select jobs to execute...

[Mon Oct 31 16:40:53 2022]
rule anvi_script_reformat_fasta:
    input: 01_FASTA/GCF_000350105_1_ASM35010v1_genomic/GCF_000350105_1_ASM35010v1_genomic-contigs-prefix-formatted-only.fa
    output: 01_FASTA/GCF_000350105_1_ASM35010v1_genomic/GCF_000350105_1_ASM35010v1_genomic-contigs.fa
    log: 00_LOGS/GCF_000350105_1_ASM35010v1_genomic-anvi_script_reformat_fasta.log
    jobid: 30
    reason: Missing output files: 01_FASTA/GCF_000350105_1_ASM35010v1_genomic/GCF_000350105_1_ASM35010v1_genomic-contigs.fa; Input files updated by another job: 01_FASTA/GCF_000350105_1_ASM35010v1_genomic/GCF_000350105_1_ASM35010v1_genomic-contigs-prefix-formatted-only.fa
    wildcards: group=GCF_000350105_1_ASM35010v1_genomic
    resources: tmpdir=/var/folders/rl/61bz6knj1sq7j72mdlqd5p240000gn/T, nodes=1

anvi-script-reformat-fasta 01_FASTA/GCF_000350105_1_ASM35010v1_genomic/GCF_000350105_1_ASM35010v1_genomic-contigs-prefix-formatted-only.fa -o 01_FASTA/GCF_000350105_1_ASM35010v1_genomic/GCF_000350105_1_ASM35010v1_genomic-contigs.fa --seq-type NT  >> 00_LOGS/GCF_000350105_1_ASM35010v1_genomic-anvi_script_reformat_fasta.log 2>&1
Write-protecting output file 01_FASTA/MARD_SAMEA2272692_REFG_MMP2272692/MARD_SAMEA2272692_REFG_MMP2272692-contigs-prefix-formatted-only.fa.
[Mon Oct 31 16:40:53 2022]
Finished job 47.
11 of 61 steps (18%) done
Write-protecting output file 01_FASTA/GCA_002377925_1_ASM237792v1_genomic/GCA_002377925_1_ASM237792v1_genomic-contigs-prefix-formatted-only.fa.
[Mon Oct 31 16:40:53 2022]
Finished job 15.
12 of 61 steps (20%) done
Select jobs to execute...

[Mon Oct 31 16:40:53 2022]
rule anvi_script_reformat_fasta:
    input: 01_FASTA/GCA_002377925_1_ASM237792v1_genomic/GCA_002377925_1_ASM237792v1_genomic-contigs-prefix-formatted-only.fa
    output: 01_FASTA/GCA_002377925_1_ASM237792v1_genomic/GCA_002377925_1_ASM237792v1_genomic-contigs.fa
    log: 00_LOGS/GCA_002377925_1_ASM237792v1_genomic-anvi_script_reformat_fasta.log
    jobid: 14
    reason: Missing output files: 01_FASTA/GCA_002377925_1_ASM237792v1_genomic/GCA_002377925_1_ASM237792v1_genomic-contigs.fa; Input files updated by another job: 01_FASTA/GCA_002377925_1_ASM237792v1_genomic/GCA_002377925_1_ASM237792v1_genomic-contigs-prefix-formatted-only.fa
    wildcards: group=GCA_002377925_1_ASM237792v1_genomic
    resources: tmpdir=/var/folders/rl/61bz6knj1sq7j72mdlqd5p240000gn/T, nodes=1

anvi-script-reformat-fasta 01_FASTA/GCA_002377925_1_ASM237792v1_genomic/GCA_002377925_1_ASM237792v1_genomic-contigs-prefix-formatted-only.fa -o 01_FASTA/GCA_002377925_1_ASM237792v1_genomic/GCA_002377925_1_ASM237792v1_genomic-contigs.fa --seq-type NT  >> 00_LOGS/GCA_002377925_1_ASM237792v1_genomic-anvi_script_reformat_fasta.log 2>&1

[Mon Oct 31 16:40:53 2022]
rule anvi_script_reformat_fasta:
    input: 01_FASTA/MARD_SAMEA2272692_REFG_MMP2272692/MARD_SAMEA2272692_REFG_MMP2272692-contigs-prefix-formatted-only.fa
    output: 01_FASTA/MARD_SAMEA2272692_REFG_MMP2272692/MARD_SAMEA2272692_REFG_MMP2272692-contigs.fa
    log: 00_LOGS/MARD_SAMEA2272692_REFG_MMP2272692-anvi_script_reformat_fasta.log
    jobid: 46
    reason: Missing output files: 01_FASTA/MARD_SAMEA2272692_REFG_MMP2272692/MARD_SAMEA2272692_REFG_MMP2272692-contigs.fa; Input files updated by another job: 01_FASTA/MARD_SAMEA2272692_REFG_MMP2272692/MARD_SAMEA2272692_REFG_MMP2272692-contigs-prefix-formatted-only.fa
    wildcards: group=MARD_SAMEA2272692_REFG_MMP2272692
    resources: tmpdir=/var/folders/rl/61bz6knj1sq7j72mdlqd5p240000gn/T, nodes=1

anvi-script-reformat-fasta 01_FASTA/MARD_SAMEA2272692_REFG_MMP2272692/MARD_SAMEA2272692_REFG_MMP2272692-contigs-prefix-formatted-only.fa -o 01_FASTA/MARD_SAMEA2272692_REFG_MMP2272692/MARD_SAMEA2272692_REFG_MMP2272692-contigs.fa --seq-type NT  >> 00_LOGS/MARD_SAMEA2272692_REFG_MMP2272692-anvi_script_reformat_fasta.log 2>&1
Select jobs to execute...
[Mon Oct 31 16:40:54 2022]
Finished job 26.
13 of 61 steps (21%) done

[Mon Oct 31 16:40:54 2022]
rule anvi_script_reformat_fasta_prefix_only:
    input: /Users/vesna/github/anvio/anvio/data/EBAME/Richelia_genomes/genomes/TARA_MED_95_MAG_00146.faa
    output: 01_FASTA/TARA_MED_95_MAG_00146/TARA_MED_95_MAG_00146-contigs-prefix-formatted-only.fa, 01_FASTA/TARA_MED_95_MAG_00146/TARA_MED_95_MAG_00146-reformat-report.txt
    log: 00_LOGS/TARA_MED_95_MAG_00146-anvi_script_reformat_fasta_prefix_only.log
    jobid: 55
    reason: Missing output files: 01_FASTA/TARA_MED_95_MAG_00146/TARA_MED_95_MAG_00146-contigs-prefix-formatted-only.fa
    wildcards: group=TARA_MED_95_MAG_00146
    resources: tmpdir=/var/folders/rl/61bz6knj1sq7j72mdlqd5p240000gn/T, nodes=1

anvi-script-reformat-fasta /Users/vesna/github/anvio/anvio/data/EBAME/Richelia_genomes/genomes/TARA_MED_95_MAG_00146.faa -o 01_FASTA/TARA_MED_95_MAG_00146/TARA_MED_95_MAG_00146-contigs-prefix-formatted-only.fa -r 01_FASTA/TARA_MED_95_MAG_00146/TARA_MED_95_MAG_00146-reformat-report.txt --prefix TARA_MED_95_MAG_00146   --simplify-names --seq-type NT >> 00_LOGS/TARA_MED_95_MAG_00146-anvi_script_reformat_fasta_prefix_only.log 2>&1
[Mon Oct 31 16:40:54 2022]
Finished job 30.
14 of 61 steps (23%) done
Select jobs to execute...

[Mon Oct 31 16:40:54 2022]
rule anvi_script_reformat_fasta_prefix_only:
    input: /Users/vesna/github/anvio/anvio/data/EBAME/Richelia_genomes/genomes/TARA_PON_109_MAG_00086.faa
    output: 01_FASTA/TARA_PON_109_MAG_00086/TARA_PON_109_MAG_00086-contigs-prefix-formatted-only.fa, 01_FASTA/TARA_PON_109_MAG_00086/TARA_PON_109_MAG_00086-reformat-report.txt
    log: 00_LOGS/TARA_PON_109_MAG_00086-anvi_script_reformat_fasta_prefix_only.log
    jobid: 59
    reason: Missing output files: 01_FASTA/TARA_PON_109_MAG_00086/TARA_PON_109_MAG_00086-contigs-prefix-formatted-only.fa
    wildcards: group=TARA_PON_109_MAG_00086
    resources: tmpdir=/var/folders/rl/61bz6knj1sq7j72mdlqd5p240000gn/T, nodes=1

anvi-script-reformat-fasta /Users/vesna/github/anvio/anvio/data/EBAME/Richelia_genomes/genomes/TARA_PON_109_MAG_00086.faa -o 01_FASTA/TARA_PON_109_MAG_00086/TARA_PON_109_MAG_00086-contigs-prefix-formatted-only.fa -r 01_FASTA/TARA_PON_109_MAG_00086/TARA_PON_109_MAG_00086-reformat-report.txt --prefix TARA_PON_109_MAG_00086   --simplify-names --seq-type NT >> 00_LOGS/TARA_PON_109_MAG_00086-anvi_script_reformat_fasta_prefix_only.log 2>&1
[Mon Oct 31 16:40:54 2022]
Finished job 46.
15 of 61 steps (25%) done
[Mon Oct 31 16:40:54 2022]
Finished job 14.
16 of 61 steps (26%) done
Select jobs to execute...

[Mon Oct 31 16:40:54 2022]
rule anvi_script_reformat_fasta_prefix_only:
    input: /Users/vesna/github/anvio/anvio/data/EBAME/Richelia_genomes/genomes/GCA_002470035.1_ASM247003v1_genomic.faa
    output: 01_FASTA/GCA_002470035_1_ASM247003v1_genomic/GCA_002470035_1_ASM247003v1_genomic-contigs-prefix-formatted-only.fa, 01_FASTA/GCA_002470035_1_ASM247003v1_genomic/GCA_002470035_1_ASM247003v1_genomic-reformat-report.txt
    log: 00_LOGS/GCA_002470035_1_ASM247003v1_genomic-anvi_script_reformat_fasta_prefix_only.log
    jobid: 19
    reason: Missing output files: 01_FASTA/GCA_002470035_1_ASM247003v1_genomic/GCA_002470035_1_ASM247003v1_genomic-contigs-prefix-formatted-only.fa
    wildcards: group=GCA_002470035_1_ASM247003v1_genomic
    resources: tmpdir=/var/folders/rl/61bz6knj1sq7j72mdlqd5p240000gn/T, nodes=1

anvi-script-reformat-fasta /Users/vesna/github/anvio/anvio/data/EBAME/Richelia_genomes/genomes/GCA_002470035.1_ASM247003v1_genomic.faa -o 01_FASTA/GCA_002470035_1_ASM247003v1_genomic/GCA_002470035_1_ASM247003v1_genomic-contigs-prefix-formatted-only.fa -r 01_FASTA/GCA_002470035_1_ASM247003v1_genomic/GCA_002470035_1_ASM247003v1_genomic-reformat-report.txt --prefix GCA_002470035_1_ASM247003v1_genomic   --simplify-names --seq-type NT >> 00_LOGS/GCA_002470035_1_ASM247003v1_genomic-anvi_script_reformat_fasta_prefix_only.log 2>&1

[Mon Oct 31 16:40:54 2022]
rule anvi_script_reformat_fasta_prefix_only:
    input: /Users/vesna/github/anvio/anvio/data/EBAME/Richelia_genomes/genomes/BGEO_SAMN07136523_METAG_IKJKMCAK.faa
    output: 01_FASTA/BGEO_SAMN07136523_METAG_IKJKMCAK/BGEO_SAMN07136523_METAG_IKJKMCAK-contigs-prefix-formatted-only.fa, 01_FASTA/BGEO_SAMN07136523_METAG_IKJKMCAK/BGEO_SAMN07136523_METAG_IKJKMCAK-reformat-report.txt
    log: 00_LOGS/BGEO_SAMN07136523_METAG_IKJKMCAK-anvi_script_reformat_fasta_prefix_only.log
    jobid: 7
    reason: Missing output files: 01_FASTA/BGEO_SAMN07136523_METAG_IKJKMCAK/BGEO_SAMN07136523_METAG_IKJKMCAK-contigs-prefix-formatted-only.fa
    wildcards: group=BGEO_SAMN07136523_METAG_IKJKMCAK
    resources: tmpdir=/var/folders/rl/61bz6knj1sq7j72mdlqd5p240000gn/T, nodes=1

anvi-script-reformat-fasta /Users/vesna/github/anvio/anvio/data/EBAME/Richelia_genomes/genomes/BGEO_SAMN07136523_METAG_IKJKMCAK.faa -o 01_FASTA/BGEO_SAMN07136523_METAG_IKJKMCAK/BGEO_SAMN07136523_METAG_IKJKMCAK-contigs-prefix-formatted-only.fa -r 01_FASTA/BGEO_SAMN07136523_METAG_IKJKMCAK/BGEO_SAMN07136523_METAG_IKJKMCAK-reformat-report.txt --prefix BGEO_SAMN07136523_METAG_IKJKMCAK   --simplify-names --seq-type NT >> 00_LOGS/BGEO_SAMN07136523_METAG_IKJKMCAK-anvi_script_reformat_fasta_prefix_only.log 2>&1
Select jobs to execute...
Write-protecting output file 01_FASTA/TARA_MED_95_MAG_00146/TARA_MED_95_MAG_00146-contigs-prefix-formatted-only.fa.
[Mon Oct 31 16:40:55 2022]
Finished job 55.
17 of 61 steps (28%) done

[Mon Oct 31 16:40:55 2022]
rule anvi_script_reformat_fasta:
    input: 01_FASTA/TARA_MED_95_MAG_00146/TARA_MED_95_MAG_00146-contigs-prefix-formatted-only.fa
    output: 01_FASTA/TARA_MED_95_MAG_00146/TARA_MED_95_MAG_00146-contigs.fa
    log: 00_LOGS/TARA_MED_95_MAG_00146-anvi_script_reformat_fasta.log
    jobid: 54
    reason: Missing output files: 01_FASTA/TARA_MED_95_MAG_00146/TARA_MED_95_MAG_00146-contigs.fa; Input files updated by another job: 01_FASTA/TARA_MED_95_MAG_00146/TARA_MED_95_MAG_00146-contigs-prefix-formatted-only.fa
    wildcards: group=TARA_MED_95_MAG_00146
    resources: tmpdir=/var/folders/rl/61bz6knj1sq7j72mdlqd5p240000gn/T, nodes=1

anvi-script-reformat-fasta 01_FASTA/TARA_MED_95_MAG_00146/TARA_MED_95_MAG_00146-contigs-prefix-formatted-only.fa -o 01_FASTA/TARA_MED_95_MAG_00146/TARA_MED_95_MAG_00146-contigs.fa --seq-type NT  >> 00_LOGS/TARA_MED_95_MAG_00146-anvi_script_reformat_fasta.log 2>&1
Write-protecting output file 01_FASTA/TARA_PON_109_MAG_00086/TARA_PON_109_MAG_00086-contigs-prefix-formatted-only.fa.
[Mon Oct 31 16:40:55 2022]
Finished job 59.
18 of 61 steps (30%) done
Select jobs to execute...

[Mon Oct 31 16:40:55 2022]
rule anvi_script_reformat_fasta:
    input: 01_FASTA/TARA_PON_109_MAG_00086/TARA_PON_109_MAG_00086-contigs-prefix-formatted-only.fa
    output: 01_FASTA/TARA_PON_109_MAG_00086/TARA_PON_109_MAG_00086-contigs.fa
    log: 00_LOGS/TARA_PON_109_MAG_00086-anvi_script_reformat_fasta.log
    jobid: 58
    reason: Missing output files: 01_FASTA/TARA_PON_109_MAG_00086/TARA_PON_109_MAG_00086-contigs.fa; Input files updated by another job: 01_FASTA/TARA_PON_109_MAG_00086/TARA_PON_109_MAG_00086-contigs-prefix-formatted-only.fa
    wildcards: group=TARA_PON_109_MAG_00086
    resources: tmpdir=/var/folders/rl/61bz6knj1sq7j72mdlqd5p240000gn/T, nodes=1

anvi-script-reformat-fasta 01_FASTA/TARA_PON_109_MAG_00086/TARA_PON_109_MAG_00086-contigs-prefix-formatted-only.fa -o 01_FASTA/TARA_PON_109_MAG_00086/TARA_PON_109_MAG_00086-contigs.fa --seq-type NT  >> 00_LOGS/TARA_PON_109_MAG_00086-anvi_script_reformat_fasta.log 2>&1
Write-protecting output file 01_FASTA/GCA_002470035_1_ASM247003v1_genomic/GCA_002470035_1_ASM247003v1_genomic-contigs-prefix-formatted-only.fa.
[Mon Oct 31 16:40:55 2022]
Finished job 19.
19 of 61 steps (31%) done
Select jobs to execute...

[Mon Oct 31 16:40:55 2022]
rule anvi_script_reformat_fasta:
    input: 01_FASTA/GCA_002470035_1_ASM247003v1_genomic/GCA_002470035_1_ASM247003v1_genomic-contigs-prefix-formatted-only.fa
    output: 01_FASTA/GCA_002470035_1_ASM247003v1_genomic/GCA_002470035_1_ASM247003v1_genomic-contigs.fa
    log: 00_LOGS/GCA_002470035_1_ASM247003v1_genomic-anvi_script_reformat_fasta.log
    jobid: 18
    reason: Missing output files: 01_FASTA/GCA_002470035_1_ASM247003v1_genomic/GCA_002470035_1_ASM247003v1_genomic-contigs.fa; Input files updated by another job: 01_FASTA/GCA_002470035_1_ASM247003v1_genomic/GCA_002470035_1_ASM247003v1_genomic-contigs-prefix-formatted-only.fa
    wildcards: group=GCA_002470035_1_ASM247003v1_genomic
    resources: tmpdir=/var/folders/rl/61bz6knj1sq7j72mdlqd5p240000gn/T, nodes=1

anvi-script-reformat-fasta 01_FASTA/GCA_002470035_1_ASM247003v1_genomic/GCA_002470035_1_ASM247003v1_genomic-contigs-prefix-formatted-only.fa -o 01_FASTA/GCA_002470035_1_ASM247003v1_genomic/GCA_002470035_1_ASM247003v1_genomic-contigs.fa --seq-type NT  >> 00_LOGS/GCA_002470035_1_ASM247003v1_genomic-anvi_script_reformat_fasta.log 2>&1
Write-protecting output file 01_FASTA/BGEO_SAMN07136523_METAG_IKJKMCAK/BGEO_SAMN07136523_METAG_IKJKMCAK-contigs-prefix-formatted-only.fa.
[Mon Oct 31 16:40:55 2022]
Finished job 7.
20 of 61 steps (33%) done
Select jobs to execute...

[Mon Oct 31 16:40:55 2022]
rule anvi_script_reformat_fasta:
    input: 01_FASTA/BGEO_SAMN07136523_METAG_IKJKMCAK/BGEO_SAMN07136523_METAG_IKJKMCAK-contigs-prefix-formatted-only.fa
    output: 01_FASTA/BGEO_SAMN07136523_METAG_IKJKMCAK/BGEO_SAMN07136523_METAG_IKJKMCAK-contigs.fa
    log: 00_LOGS/BGEO_SAMN07136523_METAG_IKJKMCAK-anvi_script_reformat_fasta.log
    jobid: 6
    reason: Missing output files: 01_FASTA/BGEO_SAMN07136523_METAG_IKJKMCAK/BGEO_SAMN07136523_METAG_IKJKMCAK-contigs.fa; Input files updated by another job: 01_FASTA/BGEO_SAMN07136523_METAG_IKJKMCAK/BGEO_SAMN07136523_METAG_IKJKMCAK-contigs-prefix-formatted-only.fa
    wildcards: group=BGEO_SAMN07136523_METAG_IKJKMCAK
    resources: tmpdir=/var/folders/rl/61bz6knj1sq7j72mdlqd5p240000gn/T, nodes=1

anvi-script-reformat-fasta 01_FASTA/BGEO_SAMN07136523_METAG_IKJKMCAK/BGEO_SAMN07136523_METAG_IKJKMCAK-contigs-prefix-formatted-only.fa -o 01_FASTA/BGEO_SAMN07136523_METAG_IKJKMCAK/BGEO_SAMN07136523_METAG_IKJKMCAK-contigs.fa --seq-type NT  >> 00_LOGS/BGEO_SAMN07136523_METAG_IKJKMCAK-anvi_script_reformat_fasta.log 2>&1
[Mon Oct 31 16:40:56 2022]
Finished job 54.
21 of 61 steps (34%) done
Select jobs to execute...

[Mon Oct 31 16:40:56 2022]
rule anvi_script_reformat_fasta_prefix_only:
    input: /Users/vesna/github/anvio/anvio/data/EBAME/Richelia_genomes/genomes/GCF_000350125.1_ASM35012v1_genomic.faa
    output: 01_FASTA/GCF_000350125_1_ASM35012v1_genomic/GCF_000350125_1_ASM35012v1_genomic-contigs-prefix-formatted-only.fa, 01_FASTA/GCF_000350125_1_ASM35012v1_genomic/GCF_000350125_1_ASM35012v1_genomic-reformat-report.txt
    log: 00_LOGS/GCF_000350125_1_ASM35012v1_genomic-anvi_script_reformat_fasta_prefix_only.log
    jobid: 35
    reason: Missing output files: 01_FASTA/GCF_000350125_1_ASM35012v1_genomic/GCF_000350125_1_ASM35012v1_genomic-contigs-prefix-formatted-only.fa
    wildcards: group=GCF_000350125_1_ASM35012v1_genomic
    resources: tmpdir=/var/folders/rl/61bz6knj1sq7j72mdlqd5p240000gn/T, nodes=1

anvi-script-reformat-fasta /Users/vesna/github/anvio/anvio/data/EBAME/Richelia_genomes/genomes/GCF_000350125.1_ASM35012v1_genomic.faa -o 01_FASTA/GCF_000350125_1_ASM35012v1_genomic/GCF_000350125_1_ASM35012v1_genomic-contigs-prefix-formatted-only.fa -r 01_FASTA/GCF_000350125_1_ASM35012v1_genomic/GCF_000350125_1_ASM35012v1_genomic-reformat-report.txt --prefix GCF_000350125_1_ASM35012v1_genomic   --simplify-names --seq-type NT >> 00_LOGS/GCF_000350125_1_ASM35012v1_genomic-anvi_script_reformat_fasta_prefix_only.log 2>&1
[Mon Oct 31 16:40:56 2022]
Finished job 18.
22 of 61 steps (36%) done
[Mon Oct 31 16:40:56 2022]
Finished job 58.
23 of 61 steps (38%) done
Select jobs to execute...

[Mon Oct 31 16:40:56 2022]
rule anvi_script_reformat_fasta_prefix_only:
    input: /Users/vesna/github/anvio/anvio/data/EBAME/Richelia_genomes/genomes/MARD_SAMEA2272302_REFG_MMP2272302.faa
    output: 01_FASTA/MARD_SAMEA2272302_REFG_MMP2272302/MARD_SAMEA2272302_REFG_MMP2272302-contigs-prefix-formatted-only.fa, 01_FASTA/MARD_SAMEA2272302_REFG_MMP2272302/MARD_SAMEA2272302_REFG_MMP2272302-reformat-report.txt
    log: 00_LOGS/MARD_SAMEA2272302_REFG_MMP2272302-anvi_script_reformat_fasta_prefix_only.log
    jobid: 43
    reason: Missing output files: 01_FASTA/MARD_SAMEA2272302_REFG_MMP2272302/MARD_SAMEA2272302_REFG_MMP2272302-contigs-prefix-formatted-only.fa
    wildcards: group=MARD_SAMEA2272302_REFG_MMP2272302
    resources: tmpdir=/var/folders/rl/61bz6knj1sq7j72mdlqd5p240000gn/T, nodes=1

anvi-script-reformat-fasta /Users/vesna/github/anvio/anvio/data/EBAME/Richelia_genomes/genomes/MARD_SAMEA2272302_REFG_MMP2272302.faa -o 01_FASTA/MARD_SAMEA2272302_REFG_MMP2272302/MARD_SAMEA2272302_REFG_MMP2272302-contigs-prefix-formatted-only.fa -r 01_FASTA/MARD_SAMEA2272302_REFG_MMP2272302/MARD_SAMEA2272302_REFG_MMP2272302-reformat-report.txt --prefix MARD_SAMEA2272302_REFG_MMP2272302   --simplify-names --seq-type NT >> 00_LOGS/MARD_SAMEA2272302_REFG_MMP2272302-anvi_script_reformat_fasta_prefix_only.log 2>&1
[Mon Oct 31 16:40:56 2022]
Finished job 6.
24 of 61 steps (39%) done
Select jobs to execute...
Write-protecting output file 01_FASTA/MARD_SAMEA2272302_REFG_MMP2272302/MARD_SAMEA2272302_REFG_MMP2272302-contigs-prefix-formatted-only.fa.
[Mon Oct 31 16:40:57 2022]
Finished job 43.
25 of 61 steps (41%) done
Write-protecting output file 01_FASTA/GCF_000350125_1_ASM35012v1_genomic/GCF_000350125_1_ASM35012v1_genomic-contigs-prefix-formatted-only.fa.
[Mon Oct 31 16:40:57 2022]
Finished job 35.
26 of 61 steps (43%) done

[Mon Oct 31 16:40:58 2022]
rule anvi_gen_contigs_database:
    input: 01_FASTA/GCF_900185595_1_CalSC01_2013_genomic/GCF_900185595_1_CalSC01_2013_genomic-contigs.fa
    output: 02_CONTIGS/GCF_900185595_1_CalSC01_2013_genomic-contigs.db
    log: 00_LOGS/GCF_900185595_1_CalSC01_2013_genomic-anvi_gen_contigs_database.log
    jobid: 37
    reason: Missing output files: 02_CONTIGS/GCF_900185595_1_CalSC01_2013_genomic-contigs.db; Input files updated by another job: 01_FASTA/GCF_900185595_1_CalSC01_2013_genomic/GCF_900185595_1_CalSC01_2013_genomic-contigs.fa
    wildcards: group=GCF_900185595_1_CalSC01_2013_genomic
    threads: 4
    resources: tmpdir=/var/folders/rl/61bz6knj1sq7j72mdlqd5p240000gn/T, nodes=4

anvi-gen-contigs-database -f 01_FASTA/GCF_900185595_1_CalSC01_2013_genomic/GCF_900185595_1_CalSC01_2013_genomic-contigs.fa -o 02_CONTIGS/GCF_900185595_1_CalSC01_2013_genomic-contigs.db   --project-name GCF_900185595_1_CalSC01_2013_genomic         -T 4 >> 00_LOGS/GCF_900185595_1_CalSC01_2013_genomic-anvi_gen_contigs_database.log 2>&1
Select jobs to execute...
[Mon Oct 31 16:41:02 2022]
Finished job 37.
27 of 61 steps (44%) done
Removing temporary output 01_FASTA/GCF_900185595_1_CalSC01_2013_genomic/GCF_900185595_1_CalSC01_2013_genomic-contigs.fa.

[Mon Oct 31 16:41:02 2022]
rule anvi_gen_contigs_database:
    input: 01_FASTA/MARD_SAMEA3138990_REFG_MMP3138990/MARD_SAMEA3138990_REFG_MMP3138990-contigs.fa
    output: 02_CONTIGS/MARD_SAMEA3138990_REFG_MMP3138990-contigs.db
    log: 00_LOGS/MARD_SAMEA3138990_REFG_MMP3138990-anvi_gen_contigs_database.log
    jobid: 49
    reason: Missing output files: 02_CONTIGS/MARD_SAMEA3138990_REFG_MMP3138990-contigs.db; Input files updated by another job: 01_FASTA/MARD_SAMEA3138990_REFG_MMP3138990/MARD_SAMEA3138990_REFG_MMP3138990-contigs.fa
    wildcards: group=MARD_SAMEA3138990_REFG_MMP3138990
    threads: 4
    resources: tmpdir=/var/folders/rl/61bz6knj1sq7j72mdlqd5p240000gn/T, nodes=4

anvi-gen-contigs-database -f 01_FASTA/MARD_SAMEA3138990_REFG_MMP3138990/MARD_SAMEA3138990_REFG_MMP3138990-contigs.fa -o 02_CONTIGS/MARD_SAMEA3138990_REFG_MMP3138990-contigs.db   --project-name MARD_SAMEA3138990_REFG_MMP3138990         -T 4 >> 00_LOGS/MARD_SAMEA3138990_REFG_MMP3138990-anvi_gen_contigs_database.log 2>&1
[Mon Oct 31 16:41:07 2022]
Finished job 49.
28 of 61 steps (46%) done
Removing temporary output 01_FASTA/MARD_SAMEA3138990_REFG_MMP3138990/MARD_SAMEA3138990_REFG_MMP3138990-contigs.fa.
Select jobs to execute...

[Mon Oct 31 16:41:07 2022]
rule anvi_gen_contigs_database:
    input: 01_FASTA/GCA_000613065_1_RintRC_1_genomic/GCA_000613065_1_RintRC_1_genomic-contigs.fa
    output: 02_CONTIGS/GCA_000613065_1_RintRC_1_genomic-contigs.db
    log: 00_LOGS/GCA_000613065_1_RintRC_1_genomic-anvi_gen_contigs_database.log
    jobid: 9
    reason: Missing output files: 02_CONTIGS/GCA_000613065_1_RintRC_1_genomic-contigs.db; Input files updated by another job: 01_FASTA/GCA_000613065_1_RintRC_1_genomic/GCA_000613065_1_RintRC_1_genomic-contigs.fa
    wildcards: group=GCA_000613065_1_RintRC_1_genomic
    threads: 4
    resources: tmpdir=/var/folders/rl/61bz6knj1sq7j72mdlqd5p240000gn/T, nodes=4

anvi-gen-contigs-database -f 01_FASTA/GCA_000613065_1_RintRC_1_genomic/GCA_000613065_1_RintRC_1_genomic-contigs.fa -o 02_CONTIGS/GCA_000613065_1_RintRC_1_genomic-contigs.db   --project-name GCA_000613065_1_RintRC_1_genomic         -T 4 >> 00_LOGS/GCA_000613065_1_RintRC_1_genomic-anvi_gen_contigs_database.log 2>&1
[Mon Oct 31 16:41:12 2022]
Finished job 9.
29 of 61 steps (48%) done
Removing temporary output 01_FASTA/GCA_000613065_1_RintRC_1_genomic/GCA_000613065_1_RintRC_1_genomic-contigs.fa.
Select jobs to execute...

[Mon Oct 31 16:41:12 2022]
rule anvi_gen_contigs_database:
    input: 01_FASTA/GCA_013214565_1_ASM1321456v1_genomic/GCA_013214565_1_ASM1321456v1_genomic-contigs.fa
    output: 02_CONTIGS/GCA_013214565_1_ASM1321456v1_genomic-contigs.db
    log: 00_LOGS/GCA_013214565_1_ASM1321456v1_genomic-anvi_gen_contigs_database.log
    jobid: 21
    reason: Missing output files: 02_CONTIGS/GCA_013214565_1_ASM1321456v1_genomic-contigs.db; Input files updated by another job: 01_FASTA/GCA_013214565_1_ASM1321456v1_genomic/GCA_013214565_1_ASM1321456v1_genomic-contigs.fa
    wildcards: group=GCA_013214565_1_ASM1321456v1_genomic
    threads: 4
    resources: tmpdir=/var/folders/rl/61bz6knj1sq7j72mdlqd5p240000gn/T, nodes=4

anvi-gen-contigs-database -f 01_FASTA/GCA_013214565_1_ASM1321456v1_genomic/GCA_013214565_1_ASM1321456v1_genomic-contigs.fa -o 02_CONTIGS/GCA_013214565_1_ASM1321456v1_genomic-contigs.db   --project-name GCA_013214565_1_ASM1321456v1_genomic         -T 4 >> 00_LOGS/GCA_013214565_1_ASM1321456v1_genomic-anvi_gen_contigs_database.log 2>&1
[Mon Oct 31 16:41:16 2022]
Finished job 21.
30 of 61 steps (49%) done
Removing temporary output 01_FASTA/GCA_013214565_1_ASM1321456v1_genomic/GCA_013214565_1_ASM1321456v1_genomic-contigs.fa.
Select jobs to execute...

[Mon Oct 31 16:41:16 2022]
rule anvi_gen_contigs_database:
    input: 01_FASTA/GCA_900299445_1_Richelia_intracellularis_AM_2804_genomic/GCA_900299445_1_Richelia_intracellularis_AM_2804_genomic-contigs.fa
    output: 02_CONTIGS/GCA_900299445_1_Richelia_intracellularis_AM_2804_genomic-contigs.db
    log: 00_LOGS/GCA_900299445_1_Richelia_intracellularis_AM_2804_genomic-anvi_gen_contigs_database.log
    jobid: 25
    reason: Missing output files: 02_CONTIGS/GCA_900299445_1_Richelia_intracellularis_AM_2804_genomic-contigs.db; Input files updated by another job: 01_FASTA/GCA_900299445_1_Richelia_intracellularis_AM_2804_genomic/GCA_900299445_1_Richelia_intracellularis_AM_2804_genomic-contigs.fa
    wildcards: group=GCA_900299445_1_Richelia_intracellularis_AM_2804_genomic
    threads: 4
    resources: tmpdir=/var/folders/rl/61bz6knj1sq7j72mdlqd5p240000gn/T, nodes=4

anvi-gen-contigs-database -f 01_FASTA/GCA_900299445_1_Richelia_intracellularis_AM_2804_genomic/GCA_900299445_1_Richelia_intracellularis_AM_2804_genomic-contigs.fa -o 02_CONTIGS/GCA_900299445_1_Richelia_intracellularis_AM_2804_genomic-contigs.db   --project-name GCA_900299445_1_Richelia_intracellularis_AM_2804_genomic         -T 4 >> 00_LOGS/GCA_900299445_1_Richelia_intracellularis_AM_2804_genomic-anvi_gen_contigs_database.log 2>&1
[Mon Oct 31 16:41:18 2022]
Finished job 25.
31 of 61 steps (51%) done
Removing temporary output 01_FASTA/GCA_900299445_1_Richelia_intracellularis_AM_2804_genomic/GCA_900299445_1_Richelia_intracellularis_AM_2804_genomic-contigs.fa.
Select jobs to execute...

[Mon Oct 31 16:41:18 2022]
rule anvi_gen_contigs_database:
    input: 01_FASTA/GCF_000350105_1_ASM35010v1_genomic/GCF_000350105_1_ASM35010v1_genomic-contigs.fa
    output: 02_CONTIGS/GCF_000350105_1_ASM35010v1_genomic-contigs.db
    log: 00_LOGS/GCF_000350105_1_ASM35010v1_genomic-anvi_gen_contigs_database.log
    jobid: 29
    reason: Missing output files: 02_CONTIGS/GCF_000350105_1_ASM35010v1_genomic-contigs.db; Input files updated by another job: 01_FASTA/GCF_000350105_1_ASM35010v1_genomic/GCF_000350105_1_ASM35010v1_genomic-contigs.fa
    wildcards: group=GCF_000350105_1_ASM35010v1_genomic
    threads: 4
    resources: tmpdir=/var/folders/rl/61bz6knj1sq7j72mdlqd5p240000gn/T, nodes=4

anvi-gen-contigs-database -f 01_FASTA/GCF_000350105_1_ASM35010v1_genomic/GCF_000350105_1_ASM35010v1_genomic-contigs.fa -o 02_CONTIGS/GCF_000350105_1_ASM35010v1_genomic-contigs.db   --project-name GCF_000350105_1_ASM35010v1_genomic         -T 4 >> 00_LOGS/GCF_000350105_1_ASM35010v1_genomic-anvi_gen_contigs_database.log 2>&1
[Mon Oct 31 16:41:21 2022]
Finished job 29.
32 of 61 steps (52%) done
Removing temporary output 01_FASTA/GCF_000350105_1_ASM35010v1_genomic/GCF_000350105_1_ASM35010v1_genomic-contigs.fa.
Select jobs to execute...

[Mon Oct 31 16:41:21 2022]
rule anvi_gen_contigs_database:
    input: 01_FASTA/MARD_SAMEA2272692_REFG_MMP2272692/MARD_SAMEA2272692_REFG_MMP2272692-contigs.fa
    output: 02_CONTIGS/MARD_SAMEA2272692_REFG_MMP2272692-contigs.db
    log: 00_LOGS/MARD_SAMEA2272692_REFG_MMP2272692-anvi_gen_contigs_database.log
    jobid: 45
    reason: Missing output files: 02_CONTIGS/MARD_SAMEA2272692_REFG_MMP2272692-contigs.db; Input files updated by another job: 01_FASTA/MARD_SAMEA2272692_REFG_MMP2272692/MARD_SAMEA2272692_REFG_MMP2272692-contigs.fa
    wildcards: group=MARD_SAMEA2272692_REFG_MMP2272692
    threads: 4
    resources: tmpdir=/var/folders/rl/61bz6knj1sq7j72mdlqd5p240000gn/T, nodes=4

anvi-gen-contigs-database -f 01_FASTA/MARD_SAMEA2272692_REFG_MMP2272692/MARD_SAMEA2272692_REFG_MMP2272692-contigs.fa -o 02_CONTIGS/MARD_SAMEA2272692_REFG_MMP2272692-contigs.db   --project-name MARD_SAMEA2272692_REFG_MMP2272692         -T 4 >> 00_LOGS/MARD_SAMEA2272692_REFG_MMP2272692-anvi_gen_contigs_database.log 2>&1
[Mon Oct 31 16:41:24 2022]
Finished job 45.
33 of 61 steps (54%) done
Removing temporary output 01_FASTA/MARD_SAMEA2272692_REFG_MMP2272692/MARD_SAMEA2272692_REFG_MMP2272692-contigs.fa.
Select jobs to execute...

[Mon Oct 31 16:41:24 2022]
rule anvi_gen_contigs_database:
    input: 01_FASTA/GCA_002377925_1_ASM237792v1_genomic/GCA_002377925_1_ASM237792v1_genomic-contigs.fa
    output: 02_CONTIGS/GCA_002377925_1_ASM237792v1_genomic-contigs.db
    log: 00_LOGS/GCA_002377925_1_ASM237792v1_genomic-anvi_gen_contigs_database.log
    jobid: 13
    reason: Missing output files: 02_CONTIGS/GCA_002377925_1_ASM237792v1_genomic-contigs.db; Input files updated by another job: 01_FASTA/GCA_002377925_1_ASM237792v1_genomic/GCA_002377925_1_ASM237792v1_genomic-contigs.fa
    wildcards: group=GCA_002377925_1_ASM237792v1_genomic
    threads: 4
    resources: tmpdir=/var/folders/rl/61bz6knj1sq7j72mdlqd5p240000gn/T, nodes=4

anvi-gen-contigs-database -f 01_FASTA/GCA_002377925_1_ASM237792v1_genomic/GCA_002377925_1_ASM237792v1_genomic-contigs.fa -o 02_CONTIGS/GCA_002377925_1_ASM237792v1_genomic-contigs.db   --project-name GCA_002377925_1_ASM237792v1_genomic         -T 4 >> 00_LOGS/GCA_002377925_1_ASM237792v1_genomic-anvi_gen_contigs_database.log 2>&1
[Mon Oct 31 16:41:26 2022]
Finished job 13.
34 of 61 steps (56%) done
Removing temporary output 01_FASTA/GCA_002377925_1_ASM237792v1_genomic/GCA_002377925_1_ASM237792v1_genomic-contigs.fa.
Select jobs to execute...

[Mon Oct 31 16:41:26 2022]
rule anvi_gen_contigs_database:
    input: 01_FASTA/BGEO_SAMN07136523_METAG_IKJKMCAK/BGEO_SAMN07136523_METAG_IKJKMCAK-contigs.fa
    output: 02_CONTIGS/BGEO_SAMN07136523_METAG_IKJKMCAK-contigs.db
    log: 00_LOGS/BGEO_SAMN07136523_METAG_IKJKMCAK-anvi_gen_contigs_database.log
    jobid: 5
    reason: Missing output files: 02_CONTIGS/BGEO_SAMN07136523_METAG_IKJKMCAK-contigs.db; Input files updated by another job: 01_FASTA/BGEO_SAMN07136523_METAG_IKJKMCAK/BGEO_SAMN07136523_METAG_IKJKMCAK-contigs.fa
    wildcards: group=BGEO_SAMN07136523_METAG_IKJKMCAK
    threads: 4
    resources: tmpdir=/var/folders/rl/61bz6knj1sq7j72mdlqd5p240000gn/T, nodes=4

anvi-gen-contigs-database -f 01_FASTA/BGEO_SAMN07136523_METAG_IKJKMCAK/BGEO_SAMN07136523_METAG_IKJKMCAK-contigs.fa -o 02_CONTIGS/BGEO_SAMN07136523_METAG_IKJKMCAK-contigs.db   --project-name BGEO_SAMN07136523_METAG_IKJKMCAK         -T 4 >> 00_LOGS/BGEO_SAMN07136523_METAG_IKJKMCAK-anvi_gen_contigs_database.log 2>&1
[Mon Oct 31 16:41:29 2022]
Finished job 5.
35 of 61 steps (57%) done
Removing temporary output 01_FASTA/BGEO_SAMN07136523_METAG_IKJKMCAK/BGEO_SAMN07136523_METAG_IKJKMCAK-contigs.fa.
Select jobs to execute...

[Mon Oct 31 16:41:29 2022]
rule anvi_gen_contigs_database:
    input: 01_FASTA/TARA_MED_95_MAG_00146/TARA_MED_95_MAG_00146-contigs.fa
    output: 02_CONTIGS/TARA_MED_95_MAG_00146-contigs.db
    log: 00_LOGS/TARA_MED_95_MAG_00146-anvi_gen_contigs_database.log
    jobid: 53
    reason: Missing output files: 02_CONTIGS/TARA_MED_95_MAG_00146-contigs.db; Input files updated by another job: 01_FASTA/TARA_MED_95_MAG_00146/TARA_MED_95_MAG_00146-contigs.fa
    wildcards: group=TARA_MED_95_MAG_00146
    threads: 4
    resources: tmpdir=/var/folders/rl/61bz6knj1sq7j72mdlqd5p240000gn/T, nodes=4

anvi-gen-contigs-database -f 01_FASTA/TARA_MED_95_MAG_00146/TARA_MED_95_MAG_00146-contigs.fa -o 02_CONTIGS/TARA_MED_95_MAG_00146-contigs.db   --project-name TARA_MED_95_MAG_00146         -T 4 >> 00_LOGS/TARA_MED_95_MAG_00146-anvi_gen_contigs_database.log 2>&1
[Mon Oct 31 16:41:31 2022]
Finished job 53.
36 of 61 steps (59%) done
Removing temporary output 01_FASTA/TARA_MED_95_MAG_00146/TARA_MED_95_MAG_00146-contigs.fa.
Select jobs to execute...

[Mon Oct 31 16:41:31 2022]
rule anvi_gen_contigs_database:
    input: 01_FASTA/GCA_002470035_1_ASM247003v1_genomic/GCA_002470035_1_ASM247003v1_genomic-contigs.fa
    output: 02_CONTIGS/GCA_002470035_1_ASM247003v1_genomic-contigs.db
    log: 00_LOGS/GCA_002470035_1_ASM247003v1_genomic-anvi_gen_contigs_database.log
    jobid: 17
    reason: Missing output files: 02_CONTIGS/GCA_002470035_1_ASM247003v1_genomic-contigs.db; Input files updated by another job: 01_FASTA/GCA_002470035_1_ASM247003v1_genomic/GCA_002470035_1_ASM247003v1_genomic-contigs.fa
    wildcards: group=GCA_002470035_1_ASM247003v1_genomic
    threads: 4
    resources: tmpdir=/var/folders/rl/61bz6knj1sq7j72mdlqd5p240000gn/T, nodes=4

anvi-gen-contigs-database -f 01_FASTA/GCA_002470035_1_ASM247003v1_genomic/GCA_002470035_1_ASM247003v1_genomic-contigs.fa -o 02_CONTIGS/GCA_002470035_1_ASM247003v1_genomic-contigs.db   --project-name GCA_002470035_1_ASM247003v1_genomic         -T 4 >> 00_LOGS/GCA_002470035_1_ASM247003v1_genomic-anvi_gen_contigs_database.log 2>&1
[Mon Oct 31 16:41:34 2022]
Finished job 17.
37 of 61 steps (61%) done
Removing temporary output 01_FASTA/GCA_002470035_1_ASM247003v1_genomic/GCA_002470035_1_ASM247003v1_genomic-contigs.fa.
Select jobs to execute...

[Mon Oct 31 16:41:34 2022]
rule anvi_gen_contigs_database:
    input: 01_FASTA/TARA_PON_109_MAG_00086/TARA_PON_109_MAG_00086-contigs.fa
    output: 02_CONTIGS/TARA_PON_109_MAG_00086-contigs.db
    log: 00_LOGS/TARA_PON_109_MAG_00086-anvi_gen_contigs_database.log
    jobid: 57
    reason: Missing output files: 02_CONTIGS/TARA_PON_109_MAG_00086-contigs.db; Input files updated by another job: 01_FASTA/TARA_PON_109_MAG_00086/TARA_PON_109_MAG_00086-contigs.fa
    wildcards: group=TARA_PON_109_MAG_00086
    threads: 4
    resources: tmpdir=/var/folders/rl/61bz6knj1sq7j72mdlqd5p240000gn/T, nodes=4

anvi-gen-contigs-database -f 01_FASTA/TARA_PON_109_MAG_00086/TARA_PON_109_MAG_00086-contigs.fa -o 02_CONTIGS/TARA_PON_109_MAG_00086-contigs.db   --project-name TARA_PON_109_MAG_00086         -T 4 >> 00_LOGS/TARA_PON_109_MAG_00086-anvi_gen_contigs_database.log 2>&1
[Mon Oct 31 16:41:36 2022]
Finished job 57.
38 of 61 steps (62%) done
Removing temporary output 01_FASTA/TARA_PON_109_MAG_00086/TARA_PON_109_MAG_00086-contigs.fa.
Select jobs to execute...

[Mon Oct 31 16:41:36 2022]
localrule annotate_contigs_database:
    input: 02_CONTIGS/GCA_013214565_1_ASM1321456v1_genomic-contigs.db
    output: 02_CONTIGS/GCA_013214565_1_ASM1321456v1_genomic-annotate_contigs_database.done
    log: 00_LOGS/GCA_013214565_1_ASM1321456v1_genomic-annotate_contigs_database.log
    jobid: 20
    reason: Missing output files: 02_CONTIGS/GCA_013214565_1_ASM1321456v1_genomic-annotate_contigs_database.done; Input files updated by another job: 02_CONTIGS/GCA_013214565_1_ASM1321456v1_genomic-contigs.db
    wildcards: group=GCA_013214565_1_ASM1321456v1_genomic
    resources: tmpdir=/var/folders/rl/61bz6knj1sq7j72mdlqd5p240000gn/T

[Mon Oct 31 16:41:36 2022]
localrule annotate_contigs_database:
    input: 02_CONTIGS/GCA_000613065_1_RintRC_1_genomic-contigs.db
    output: 02_CONTIGS/GCA_000613065_1_RintRC_1_genomic-annotate_contigs_database.done
    log: 00_LOGS/GCA_000613065_1_RintRC_1_genomic-annotate_contigs_database.log
    jobid: 8
    reason: Missing output files: 02_CONTIGS/GCA_000613065_1_RintRC_1_genomic-annotate_contigs_database.done; Input files updated by another job: 02_CONTIGS/GCA_000613065_1_RintRC_1_genomic-contigs.db
    wildcards: group=GCA_000613065_1_RintRC_1_genomic
    resources: tmpdir=/var/folders/rl/61bz6knj1sq7j72mdlqd5p240000gn/T

[Mon Oct 31 16:41:36 2022]
localrule annotate_contigs_database:
    input: 02_CONTIGS/MARD_SAMEA3138990_REFG_MMP3138990-contigs.db
    output: 02_CONTIGS/MARD_SAMEA3138990_REFG_MMP3138990-annotate_contigs_database.done
    log: 00_LOGS/MARD_SAMEA3138990_REFG_MMP3138990-annotate_contigs_database.log
    jobid: 48
    reason: Missing output files: 02_CONTIGS/MARD_SAMEA3138990_REFG_MMP3138990-annotate_contigs_database.done; Input files updated by another job: 02_CONTIGS/MARD_SAMEA3138990_REFG_MMP3138990-contigs.db
    wildcards: group=MARD_SAMEA3138990_REFG_MMP3138990
    resources: tmpdir=/var/folders/rl/61bz6knj1sq7j72mdlqd5p240000gn/T

[Mon Oct 31 16:41:36 2022]
localrule annotate_contigs_database:
    input: 02_CONTIGS/GCF_900185595_1_CalSC01_2013_genomic-contigs.db
    output: 02_CONTIGS/GCF_900185595_1_CalSC01_2013_genomic-annotate_contigs_database.done
    log: 00_LOGS/GCF_900185595_1_CalSC01_2013_genomic-annotate_contigs_database.log
    jobid: 36
    reason: Missing output files: 02_CONTIGS/GCF_900185595_1_CalSC01_2013_genomic-annotate_contigs_database.done; Input files updated by another job: 02_CONTIGS/GCF_900185595_1_CalSC01_2013_genomic-contigs.db
    wildcards: group=GCF_900185595_1_CalSC01_2013_genomic
    resources: tmpdir=/var/folders/rl/61bz6knj1sq7j72mdlqd5p240000gn/T

Touching output file 02_CONTIGS/GCA_013214565_1_ASM1321456v1_genomic-annotate_contigs_database.done.
[Mon Oct 31 16:41:37 2022]
Finished job 20.
39 of 61 steps (64%) done
Touching output file 02_CONTIGS/GCA_000613065_1_RintRC_1_genomic-annotate_contigs_database.done.
[Mon Oct 31 16:41:37 2022]
Finished job 8.
40 of 61 steps (66%) done
Touching output file 02_CONTIGS/MARD_SAMEA3138990_REFG_MMP3138990-annotate_contigs_database.done.
[Mon Oct 31 16:41:37 2022]
Finished job 48.
41 of 61 steps (67%) done
Select jobs to execute...

[Mon Oct 31 16:41:37 2022]
localrule annotate_contigs_database:
    input: 02_CONTIGS/GCA_002377925_1_ASM237792v1_genomic-contigs.db
    output: 02_CONTIGS/GCA_002377925_1_ASM237792v1_genomic-annotate_contigs_database.done
    log: 00_LOGS/GCA_002377925_1_ASM237792v1_genomic-annotate_contigs_database.log
    jobid: 12
    reason: Missing output files: 02_CONTIGS/GCA_002377925_1_ASM237792v1_genomic-annotate_contigs_database.done; Input files updated by another job: 02_CONTIGS/GCA_002377925_1_ASM237792v1_genomic-contigs.db
    wildcards: group=GCA_002377925_1_ASM237792v1_genomic
    resources: tmpdir=/var/folders/rl/61bz6knj1sq7j72mdlqd5p240000gn/T

[Mon Oct 31 16:41:37 2022]
localrule annotate_contigs_database:
    input: 02_CONTIGS/GCA_900299445_1_Richelia_intracellularis_AM_2804_genomic-contigs.db
    output: 02_CONTIGS/GCA_900299445_1_Richelia_intracellularis_AM_2804_genomic-annotate_contigs_database.done
    log: 00_LOGS/GCA_900299445_1_Richelia_intracellularis_AM_2804_genomic-annotate_contigs_database.log
    jobid: 24
    reason: Missing output files: 02_CONTIGS/GCA_900299445_1_Richelia_intracellularis_AM_2804_genomic-annotate_contigs_database.done; Input files updated by another job: 02_CONTIGS/GCA_900299445_1_Richelia_intracellularis_AM_2804_genomic-contigs.db
    wildcards: group=GCA_900299445_1_Richelia_intracellularis_AM_2804_genomic
    resources: tmpdir=/var/folders/rl/61bz6knj1sq7j72mdlqd5p240000gn/T

[Mon Oct 31 16:41:37 2022]
localrule annotate_contigs_database:
    input: 02_CONTIGS/GCF_000350105_1_ASM35010v1_genomic-contigs.db
    output: 02_CONTIGS/GCF_000350105_1_ASM35010v1_genomic-annotate_contigs_database.done
    log: 00_LOGS/GCF_000350105_1_ASM35010v1_genomic-annotate_contigs_database.log
    jobid: 28
    reason: Missing output files: 02_CONTIGS/GCF_000350105_1_ASM35010v1_genomic-annotate_contigs_database.done; Input files updated by another job: 02_CONTIGS/GCF_000350105_1_ASM35010v1_genomic-contigs.db
    wildcards: group=GCF_000350105_1_ASM35010v1_genomic
    resources: tmpdir=/var/folders/rl/61bz6knj1sq7j72mdlqd5p240000gn/T

Touching output file 02_CONTIGS/GCF_900185595_1_CalSC01_2013_genomic-annotate_contigs_database.done.
[Mon Oct 31 16:41:37 2022]
Finished job 36.
42 of 61 steps (69%) done
Touching output file 02_CONTIGS/GCA_002377925_1_ASM237792v1_genomic-annotate_contigs_database.done.
[Mon Oct 31 16:41:37 2022]
Finished job 12.
43 of 61 steps (70%) done
Touching output file 02_CONTIGS/GCA_900299445_1_Richelia_intracellularis_AM_2804_genomic-annotate_contigs_database.done.
[Mon Oct 31 16:41:37 2022]
Finished job 24.
44 of 61 steps (72%) done
Select jobs to execute...

[Mon Oct 31 16:41:37 2022]
localrule annotate_contigs_database:
    input: 02_CONTIGS/MARD_SAMEA2272692_REFG_MMP2272692-contigs.db
    output: 02_CONTIGS/MARD_SAMEA2272692_REFG_MMP2272692-annotate_contigs_database.done
    log: 00_LOGS/MARD_SAMEA2272692_REFG_MMP2272692-annotate_contigs_database.log
    jobid: 44
    reason: Missing output files: 02_CONTIGS/MARD_SAMEA2272692_REFG_MMP2272692-annotate_contigs_database.done; Input files updated by another job: 02_CONTIGS/MARD_SAMEA2272692_REFG_MMP2272692-contigs.db
    wildcards: group=MARD_SAMEA2272692_REFG_MMP2272692
    resources: tmpdir=/var/folders/rl/61bz6knj1sq7j72mdlqd5p240000gn/T

[Mon Oct 31 16:41:37 2022]
localrule annotate_contigs_database:
    input: 02_CONTIGS/GCA_002470035_1_ASM247003v1_genomic-contigs.db
    output: 02_CONTIGS/GCA_002470035_1_ASM247003v1_genomic-annotate_contigs_database.done
    log: 00_LOGS/GCA_002470035_1_ASM247003v1_genomic-annotate_contigs_database.log
    jobid: 16
    reason: Missing output files: 02_CONTIGS/GCA_002470035_1_ASM247003v1_genomic-annotate_contigs_database.done; Input files updated by another job: 02_CONTIGS/GCA_002470035_1_ASM247003v1_genomic-contigs.db
    wildcards: group=GCA_002470035_1_ASM247003v1_genomic
    resources: tmpdir=/var/folders/rl/61bz6knj1sq7j72mdlqd5p240000gn/T

[Mon Oct 31 16:41:37 2022]
localrule annotate_contigs_database:
    input: 02_CONTIGS/BGEO_SAMN07136523_METAG_IKJKMCAK-contigs.db
    output: 02_CONTIGS/BGEO_SAMN07136523_METAG_IKJKMCAK-annotate_contigs_database.done
    log: 00_LOGS/BGEO_SAMN07136523_METAG_IKJKMCAK-annotate_contigs_database.log
    jobid: 4
    reason: Missing output files: 02_CONTIGS/BGEO_SAMN07136523_METAG_IKJKMCAK-annotate_contigs_database.done; Input files updated by another job: 02_CONTIGS/BGEO_SAMN07136523_METAG_IKJKMCAK-contigs.db
    wildcards: group=BGEO_SAMN07136523_METAG_IKJKMCAK
    resources: tmpdir=/var/folders/rl/61bz6knj1sq7j72mdlqd5p240000gn/T

Touching output file 02_CONTIGS/GCF_000350105_1_ASM35010v1_genomic-annotate_contigs_database.done.
[Mon Oct 31 16:41:37 2022]
Finished job 28.
45 of 61 steps (74%) done
Touching output file 02_CONTIGS/MARD_SAMEA2272692_REFG_MMP2272692-annotate_contigs_database.done.
[Mon Oct 31 16:41:37 2022]
Finished job 44.
46 of 61 steps (75%) done
Touching output file 02_CONTIGS/GCA_002470035_1_ASM247003v1_genomic-annotate_contigs_database.done.
[Mon Oct 31 16:41:37 2022]
Finished job 16.
47 of 61 steps (77%) done
Select jobs to execute...

[Mon Oct 31 16:41:37 2022]
localrule annotate_contigs_database:
    input: 02_CONTIGS/TARA_MED_95_MAG_00146-contigs.db
    output: 02_CONTIGS/TARA_MED_95_MAG_00146-annotate_contigs_database.done
    log: 00_LOGS/TARA_MED_95_MAG_00146-annotate_contigs_database.log
    jobid: 52
    reason: Missing output files: 02_CONTIGS/TARA_MED_95_MAG_00146-annotate_contigs_database.done; Input files updated by another job: 02_CONTIGS/TARA_MED_95_MAG_00146-contigs.db
    wildcards: group=TARA_MED_95_MAG_00146
    resources: tmpdir=/var/folders/rl/61bz6knj1sq7j72mdlqd5p240000gn/T

[Mon Oct 31 16:41:37 2022]
localrule annotate_contigs_database:
    input: 02_CONTIGS/TARA_PON_109_MAG_00086-contigs.db
    output: 02_CONTIGS/TARA_PON_109_MAG_00086-annotate_contigs_database.done
    log: 00_LOGS/TARA_PON_109_MAG_00086-annotate_contigs_database.log
    jobid: 56
    reason: Missing output files: 02_CONTIGS/TARA_PON_109_MAG_00086-annotate_contigs_database.done; Input files updated by another job: 02_CONTIGS/TARA_PON_109_MAG_00086-contigs.db
    wildcards: group=TARA_PON_109_MAG_00086
    resources: tmpdir=/var/folders/rl/61bz6knj1sq7j72mdlqd5p240000gn/T

[Mon Oct 31 16:41:37 2022]
rule anvi_script_reformat_fasta:
    input: 01_FASTA/GCF_000350125_1_ASM35012v1_genomic/GCF_000350125_1_ASM35012v1_genomic-contigs-prefix-formatted-only.fa
    output: 01_FASTA/GCF_000350125_1_ASM35012v1_genomic/GCF_000350125_1_ASM35012v1_genomic-contigs.fa
    log: 00_LOGS/GCF_000350125_1_ASM35012v1_genomic-anvi_script_reformat_fasta.log
    jobid: 34
    reason: Missing output files: 01_FASTA/GCF_000350125_1_ASM35012v1_genomic/GCF_000350125_1_ASM35012v1_genomic-contigs.fa; Input files updated by another job: 01_FASTA/GCF_000350125_1_ASM35012v1_genomic/GCF_000350125_1_ASM35012v1_genomic-contigs-prefix-formatted-only.fa
    wildcards: group=GCF_000350125_1_ASM35012v1_genomic
    resources: tmpdir=/var/folders/rl/61bz6knj1sq7j72mdlqd5p240000gn/T, nodes=1

anvi-script-reformat-fasta 01_FASTA/GCF_000350125_1_ASM35012v1_genomic/GCF_000350125_1_ASM35012v1_genomic-contigs-prefix-formatted-only.fa -o 01_FASTA/GCF_000350125_1_ASM35012v1_genomic/GCF_000350125_1_ASM35012v1_genomic-contigs.fa --seq-type NT  >> 00_LOGS/GCF_000350125_1_ASM35012v1_genomic-anvi_script_reformat_fasta.log 2>&1
Touching output file 02_CONTIGS/BGEO_SAMN07136523_METAG_IKJKMCAK-annotate_contigs_database.done.
[Mon Oct 31 16:41:37 2022]
Finished job 4.
48 of 61 steps (79%) done
Touching output file 02_CONTIGS/TARA_MED_95_MAG_00146-annotate_contigs_database.done.
[Mon Oct 31 16:41:37 2022]
Finished job 52.
49 of 61 steps (80%) done
Touching output file 02_CONTIGS/TARA_PON_109_MAG_00086-annotate_contigs_database.done.
[Mon Oct 31 16:41:37 2022]
Finished job 56.
50 of 61 steps (82%) done
Select jobs to execute...

[Mon Oct 31 16:41:37 2022]
rule anvi_script_reformat_fasta:
    input: 01_FASTA/MARD_SAMEA2272302_REFG_MMP2272302/MARD_SAMEA2272302_REFG_MMP2272302-contigs-prefix-formatted-only.fa
    output: 01_FASTA/MARD_SAMEA2272302_REFG_MMP2272302/MARD_SAMEA2272302_REFG_MMP2272302-contigs.fa
    log: 00_LOGS/MARD_SAMEA2272302_REFG_MMP2272302-anvi_script_reformat_fasta.log
    jobid: 42
    reason: Missing output files: 01_FASTA/MARD_SAMEA2272302_REFG_MMP2272302/MARD_SAMEA2272302_REFG_MMP2272302-contigs.fa; Input files updated by another job: 01_FASTA/MARD_SAMEA2272302_REFG_MMP2272302/MARD_SAMEA2272302_REFG_MMP2272302-contigs-prefix-formatted-only.fa
    wildcards: group=MARD_SAMEA2272302_REFG_MMP2272302
    resources: tmpdir=/var/folders/rl/61bz6knj1sq7j72mdlqd5p240000gn/T, nodes=1

anvi-script-reformat-fasta 01_FASTA/MARD_SAMEA2272302_REFG_MMP2272302/MARD_SAMEA2272302_REFG_MMP2272302-contigs-prefix-formatted-only.fa -o 01_FASTA/MARD_SAMEA2272302_REFG_MMP2272302/MARD_SAMEA2272302_REFG_MMP2272302-contigs.fa --seq-type NT  >> 00_LOGS/MARD_SAMEA2272302_REFG_MMP2272302-anvi_script_reformat_fasta.log 2>&1
[Mon Oct 31 16:41:38 2022]
Finished job 42.
51 of 61 steps (84%) done
[Mon Oct 31 16:41:38 2022]
Finished job 34.
52 of 61 steps (85%) done
Select jobs to execute...

[Mon Oct 31 16:41:38 2022]
rule anvi_gen_contigs_database:
    input: 01_FASTA/GCF_000350125_1_ASM35012v1_genomic/GCF_000350125_1_ASM35012v1_genomic-contigs.fa
    output: 02_CONTIGS/GCF_000350125_1_ASM35012v1_genomic-contigs.db
    log: 00_LOGS/GCF_000350125_1_ASM35012v1_genomic-anvi_gen_contigs_database.log
    jobid: 33
    reason: Missing output files: 02_CONTIGS/GCF_000350125_1_ASM35012v1_genomic-contigs.db; Input files updated by another job: 01_FASTA/GCF_000350125_1_ASM35012v1_genomic/GCF_000350125_1_ASM35012v1_genomic-contigs.fa
    wildcards: group=GCF_000350125_1_ASM35012v1_genomic
    threads: 4
    resources: tmpdir=/var/folders/rl/61bz6knj1sq7j72mdlqd5p240000gn/T, nodes=4

anvi-gen-contigs-database -f 01_FASTA/GCF_000350125_1_ASM35012v1_genomic/GCF_000350125_1_ASM35012v1_genomic-contigs.fa -o 02_CONTIGS/GCF_000350125_1_ASM35012v1_genomic-contigs.db   --project-name GCF_000350125_1_ASM35012v1_genomic         -T 4 >> 00_LOGS/GCF_000350125_1_ASM35012v1_genomic-anvi_gen_contigs_database.log 2>&1
Select jobs to execute...
[Mon Oct 31 16:41:40 2022]
Finished job 33.
53 of 61 steps (87%) done
Removing temporary output 01_FASTA/GCF_000350125_1_ASM35012v1_genomic/GCF_000350125_1_ASM35012v1_genomic-contigs.fa.

[Mon Oct 31 16:41:40 2022]
rule anvi_gen_contigs_database:
    input: 01_FASTA/MARD_SAMEA2272302_REFG_MMP2272302/MARD_SAMEA2272302_REFG_MMP2272302-contigs.fa
    output: 02_CONTIGS/MARD_SAMEA2272302_REFG_MMP2272302-contigs.db
    log: 00_LOGS/MARD_SAMEA2272302_REFG_MMP2272302-anvi_gen_contigs_database.log
    jobid: 41
    reason: Missing output files: 02_CONTIGS/MARD_SAMEA2272302_REFG_MMP2272302-contigs.db; Input files updated by another job: 01_FASTA/MARD_SAMEA2272302_REFG_MMP2272302/MARD_SAMEA2272302_REFG_MMP2272302-contigs.fa
    wildcards: group=MARD_SAMEA2272302_REFG_MMP2272302
    threads: 4
    resources: tmpdir=/var/folders/rl/61bz6knj1sq7j72mdlqd5p240000gn/T, nodes=4

anvi-gen-contigs-database -f 01_FASTA/MARD_SAMEA2272302_REFG_MMP2272302/MARD_SAMEA2272302_REFG_MMP2272302-contigs.fa -o 02_CONTIGS/MARD_SAMEA2272302_REFG_MMP2272302-contigs.db   --project-name MARD_SAMEA2272302_REFG_MMP2272302         -T 4 >> 00_LOGS/MARD_SAMEA2272302_REFG_MMP2272302-anvi_gen_contigs_database.log 2>&1
[Mon Oct 31 16:41:42 2022]
Finished job 41.
54 of 61 steps (89%) done
Removing temporary output 01_FASTA/MARD_SAMEA2272302_REFG_MMP2272302/MARD_SAMEA2272302_REFG_MMP2272302-contigs.fa.
Select jobs to execute...

[Mon Oct 31 16:41:42 2022]
localrule annotate_contigs_database:
    input: 02_CONTIGS/MARD_SAMEA2272302_REFG_MMP2272302-contigs.db
    output: 02_CONTIGS/MARD_SAMEA2272302_REFG_MMP2272302-annotate_contigs_database.done
    log: 00_LOGS/MARD_SAMEA2272302_REFG_MMP2272302-annotate_contigs_database.log
    jobid: 40
    reason: Missing output files: 02_CONTIGS/MARD_SAMEA2272302_REFG_MMP2272302-annotate_contigs_database.done; Input files updated by another job: 02_CONTIGS/MARD_SAMEA2272302_REFG_MMP2272302-contigs.db
    wildcards: group=MARD_SAMEA2272302_REFG_MMP2272302
    resources: tmpdir=/var/folders/rl/61bz6knj1sq7j72mdlqd5p240000gn/T

[Mon Oct 31 16:41:42 2022]
localrule annotate_contigs_database:
    input: 02_CONTIGS/GCF_000350125_1_ASM35012v1_genomic-contigs.db
    output: 02_CONTIGS/GCF_000350125_1_ASM35012v1_genomic-annotate_contigs_database.done
    log: 00_LOGS/GCF_000350125_1_ASM35012v1_genomic-annotate_contigs_database.log
    jobid: 32
    reason: Missing output files: 02_CONTIGS/GCF_000350125_1_ASM35012v1_genomic-annotate_contigs_database.done; Input files updated by another job: 02_CONTIGS/GCF_000350125_1_ASM35012v1_genomic-contigs.db
    wildcards: group=GCF_000350125_1_ASM35012v1_genomic
    resources: tmpdir=/var/folders/rl/61bz6knj1sq7j72mdlqd5p240000gn/T

Touching output file 02_CONTIGS/MARD_SAMEA2272302_REFG_MMP2272302-annotate_contigs_database.done.
[Mon Oct 31 16:41:42 2022]
Finished job 40.
55 of 61 steps (90%) done
Touching output file 02_CONTIGS/GCF_000350125_1_ASM35012v1_genomic-annotate_contigs_database.done.
[Mon Oct 31 16:41:42 2022]
Finished job 32.
56 of 61 steps (92%) done
Select jobs to execute...

[Mon Oct 31 16:41:42 2022]
rule gen_external_genome_file:
    input: 02_CONTIGS/BGEO_SAMN07136523_METAG_IKJKMCAK-annotate_contigs_database.done, 02_CONTIGS/GCA_000613065_1_RintRC_1_genomic-annotate_contigs_database.done, 02_CONTIGS/GCA_002377925_1_ASM237792v1_genomic-annotate_contigs_database.done, 02_CONTIGS/GCA_002470035_1_ASM247003v1_genomic-annotate_contigs_database.done, 02_CONTIGS/GCA_013214565_1_ASM1321456v1_genomic-annotate_contigs_database.done, 02_CONTIGS/GCA_900299445_1_Richelia_intracellularis_AM_2804_genomic-annotate_contigs_database.done, 02_CONTIGS/GCF_000350105_1_ASM35010v1_genomic-annotate_contigs_database.done, 02_CONTIGS/GCF_000350125_1_ASM35012v1_genomic-annotate_contigs_database.done, 02_CONTIGS/GCF_900185595_1_CalSC01_2013_genomic-annotate_contigs_database.done, 02_CONTIGS/MARD_SAMEA2272302_REFG_MMP2272302-annotate_contigs_database.done, 02_CONTIGS/MARD_SAMEA2272692_REFG_MMP2272692-annotate_contigs_database.done, 02_CONTIGS/MARD_SAMEA3138990_REFG_MMP3138990-annotate_contigs_database.done, 02_CONTIGS/TARA_MED_95_MAG_00146-annotate_contigs_database.done, 02_CONTIGS/TARA_PON_109_MAG_00086-annotate_contigs_database.done, 02_CONTIGS/BGEO_SAMN07136523_METAG_IKJKMCAK-contigs.db, 02_CONTIGS/GCA_000613065_1_RintRC_1_genomic-contigs.db, 02_CONTIGS/GCA_002377925_1_ASM237792v1_genomic-contigs.db, 02_CONTIGS/GCA_002470035_1_ASM247003v1_genomic-contigs.db, 02_CONTIGS/GCA_013214565_1_ASM1321456v1_genomic-contigs.db, 02_CONTIGS/GCA_900299445_1_Richelia_intracellularis_AM_2804_genomic-contigs.db, 02_CONTIGS/GCF_000350105_1_ASM35010v1_genomic-contigs.db, 02_CONTIGS/GCF_000350125_1_ASM35012v1_genomic-contigs.db, 02_CONTIGS/GCF_900185595_1_CalSC01_2013_genomic-contigs.db, 02_CONTIGS/MARD_SAMEA2272302_REFG_MMP2272302-contigs.db, 02_CONTIGS/MARD_SAMEA2272692_REFG_MMP2272692-contigs.db, 02_CONTIGS/MARD_SAMEA3138990_REFG_MMP3138990-contigs.db, 02_CONTIGS/TARA_MED_95_MAG_00146-contigs.db, 02_CONTIGS/TARA_PON_109_MAG_00086-contigs.db
    output: external-genomes.txt
    log: 00_LOGS/gen_external_genome_file.log
    jobid: 3
    reason: Missing output files: external-genomes.txt; Input files updated by another job: 02_CONTIGS/TARA_PON_109_MAG_00086-annotate_contigs_database.done, 02_CONTIGS/GCA_000613065_1_RintRC_1_genomic-contigs.db, 02_CONTIGS/GCF_000350125_1_ASM35012v1_genomic-annotate_contigs_database.done, 02_CONTIGS/BGEO_SAMN07136523_METAG_IKJKMCAK-annotate_contigs_database.done, 02_CONTIGS/GCA_900299445_1_Richelia_intracellularis_AM_2804_genomic-contigs.db, 02_CONTIGS/GCF_000350125_1_ASM35012v1_genomic-contigs.db, 02_CONTIGS/TARA_MED_95_MAG_00146-contigs.db, 02_CONTIGS/TARA_PON_109_MAG_00086-contigs.db, 02_CONTIGS/GCA_000613065_1_RintRC_1_genomic-annotate_contigs_database.done, 02_CONTIGS/BGEO_SAMN07136523_METAG_IKJKMCAK-contigs.db, 02_CONTIGS/GCA_002470035_1_ASM247003v1_genomic-annotate_contigs_database.done, 02_CONTIGS/MARD_SAMEA2272692_REFG_MMP2272692-annotate_contigs_database.done, 02_CONTIGS/MARD_SAMEA3138990_REFG_MMP3138990-contigs.db, 02_CONTIGS/GCA_900299445_1_Richelia_intracellularis_AM_2804_genomic-annotate_contigs_database.done, 02_CONTIGS/GCF_900185595_1_CalSC01_2013_genomic-contigs.db, 02_CONTIGS/MARD_SAMEA2272692_REFG_MMP2272692-contigs.db, 02_CONTIGS/GCA_013214565_1_ASM1321456v1_genomic-annotate_contigs_database.done, 02_CONTIGS/GCA_013214565_1_ASM1321456v1_genomic-contigs.db, 02_CONTIGS/MARD_SAMEA2272302_REFG_MMP2272302-contigs.db, 02_CONTIGS/GCA_002377925_1_ASM237792v1_genomic-annotate_contigs_database.done, 02_CONTIGS/TARA_MED_95_MAG_00146-annotate_contigs_database.done, 02_CONTIGS/MARD_SAMEA3138990_REFG_MMP3138990-annotate_contigs_database.done, 02_CONTIGS/MARD_SAMEA2272302_REFG_MMP2272302-annotate_contigs_database.done, 02_CONTIGS/GCF_000350105_1_ASM35010v1_genomic-contigs.db, 02_CONTIGS/GCF_000350105_1_ASM35010v1_genomic-annotate_contigs_database.done, 02_CONTIGS/GCF_900185595_1_CalSC01_2013_genomic-annotate_contigs_database.done, 02_CONTIGS/GCA_002470035_1_ASM247003v1_genomic-contigs.db, 02_CONTIGS/GCA_002377925_1_ASM237792v1_genomic-contigs.db
    resources: tmpdir=/var/folders/rl/61bz6knj1sq7j72mdlqd5p240000gn/T, nodes=1

[Mon Oct 31 16:41:43 2022]
Finished job 3.
57 of 61 steps (93%) done
Select jobs to execute...

[Mon Oct 31 16:41:43 2022]
rule anvi_gen_genomes_storage:
    input: external-genomes.txt, external-genomes.txt
    output: 03_PAN/Richelia-GENOMES.db
    log: 00_LOGS/Richelia-anvi_gen_genomes_storage.log
    jobid: 2
    reason: Missing output files: 03_PAN/Richelia-GENOMES.db; Input files updated by another job: external-genomes.txt
    resources: tmpdir=/var/folders/rl/61bz6knj1sq7j72mdlqd5p240000gn/T, nodes=1


            anvi-gen-genomes-storage -o 03_PAN/Richelia-GENOMES.db                                                                          --external-genomes external-genomes.txt                                      >> 00_LOGS/Richelia-anvi_gen_genomes_storage.log 2>&1
        
[Mon Oct 31 16:41:47 2022]
Finished job 2.
58 of 61 steps (95%) done
Select jobs to execute...

[Mon Oct 31 16:41:47 2022]
rule anvi_pan_genome:
    input: 03_PAN/Richelia-GENOMES.db
    output: 03_PAN/Richelia-PAN.db
    log: 00_LOGS/Richelia-anvi_pan_genome.log
    jobid: 1
    reason: Missing output files: 03_PAN/Richelia-PAN.db; Input files updated by another job: 03_PAN/Richelia-GENOMES.db
    threads: 4
    resources: tmpdir=/var/folders/rl/61bz6knj1sq7j72mdlqd5p240000gn/T, nodes=4


            anvi-pan-genome -g 03_PAN/Richelia-GENOMES.db --num-threads 4 -o 03_PAN --project-name Richelia                                                                                   >> 00_LOGS/Richelia-anvi_pan_genome.log 2>&1
        
[Mon Oct 31 16:41:49 2022]
Error in rule anvi_pan_genome:
    jobid: 1
    output: 03_PAN/Richelia-PAN.db
    log: 00_LOGS/Richelia-anvi_pan_genome.log (check log file(s) for error message)
    shell:
        
            anvi-pan-genome -g 03_PAN/Richelia-GENOMES.db --num-threads 4 -o 03_PAN --project-name Richelia                                                                                   >> 00_LOGS/Richelia-anvi_pan_genome.log 2>&1
        
        (one of the commands exited with non-zero exit code; note that snakemake uses bash strict mode!)

Removing output files of failed job anvi_pan_genome since they might be corrupted:
03_PAN/Richelia-PAN.db
Shutting down, this might take some time.
Exiting because a job execution failed. Look above for error message
Complete log: .snakemake/log/2022-10-31T164048.997058.snakemake.log
