Building DAG of jobs...
Using shell: /bin/bash
Provided cores: 4
Rules claiming more threads will be scaled down.
Job stats:
job                               count    min threads    max threads
------------------------------  -------  -------------  -------------
annotate_contigs_database            14              1              1
anvi_compute_genome_similarity        1              4              4
anvi_gen_genomes_storage              1              1              1
anvi_pan_genome                       1              4              4
gen_external_genome_file              1              1              1
pangenomics_target_rule               1              1              1
total                                19              1              4

Select jobs to execute...

[Tue Nov  8 21:26:24 2022]
localrule annotate_contigs_database:
    input: 02_CONTIGS/MARD_SAMEA3138990_REFG_MMP3138990-contigs.db, 02_CONTIGS/anvi_run_hmms-MARD_SAMEA3138990_REFG_MMP3138990.done, 02_CONTIGS/anvi_run_ncbi_cogs-MARD_SAMEA3138990_REFG_MMP3138990.done, 02_CONTIGS/anvi_run_kegg_kofams-MARD_SAMEA3138990_REFG_MMP3138990.done
    output: 02_CONTIGS/MARD_SAMEA3138990_REFG_MMP3138990-annotate_contigs_database.done
    log: 00_LOGS/MARD_SAMEA3138990_REFG_MMP3138990-annotate_contigs_database.log
    jobid: 88
    reason: Updated input files: 02_CONTIGS/MARD_SAMEA3138990_REFG_MMP3138990-contigs.db
    wildcards: group=MARD_SAMEA3138990_REFG_MMP3138990
    resources: tmpdir=/var/folders/rl/61bz6knj1sq7j72mdlqd5p240000gn/T

[Tue Nov  8 21:26:24 2022]
localrule annotate_contigs_database:
    input: 02_CONTIGS/GCA_013214565_1_ASM1321456v1_genomic-contigs.db, 02_CONTIGS/anvi_run_hmms-GCA_013214565_1_ASM1321456v1_genomic.done, 02_CONTIGS/anvi_run_ncbi_cogs-GCA_013214565_1_ASM1321456v1_genomic.done, 02_CONTIGS/anvi_run_kegg_kofams-GCA_013214565_1_ASM1321456v1_genomic.done
    output: 02_CONTIGS/GCA_013214565_1_ASM1321456v1_genomic-annotate_contigs_database.done
    log: 00_LOGS/GCA_013214565_1_ASM1321456v1_genomic-annotate_contigs_database.log
    jobid: 25
    reason: Updated input files: 02_CONTIGS/GCA_013214565_1_ASM1321456v1_genomic-contigs.db
    wildcards: group=GCA_013214565_1_ASM1321456v1_genomic
    resources: tmpdir=/var/folders/rl/61bz6knj1sq7j72mdlqd5p240000gn/T

[Tue Nov  8 21:26:24 2022]
localrule annotate_contigs_database:
    input: 02_CONTIGS/GCF_900185595_1_CalSC01_2013_genomic-contigs.db, 02_CONTIGS/anvi_run_hmms-GCF_900185595_1_CalSC01_2013_genomic.done, 02_CONTIGS/anvi_run_ncbi_cogs-GCF_900185595_1_CalSC01_2013_genomic.done, 02_CONTIGS/anvi_run_kegg_kofams-GCF_900185595_1_CalSC01_2013_genomic.done
    output: 02_CONTIGS/GCF_900185595_1_CalSC01_2013_genomic-annotate_contigs_database.done
    log: 00_LOGS/GCF_900185595_1_CalSC01_2013_genomic-annotate_contigs_database.log
    jobid: 53
    reason: Updated input files: 02_CONTIGS/GCF_900185595_1_CalSC01_2013_genomic-contigs.db
    wildcards: group=GCF_900185595_1_CalSC01_2013_genomic
    resources: tmpdir=/var/folders/rl/61bz6knj1sq7j72mdlqd5p240000gn/T

[Tue Nov  8 21:26:24 2022]
localrule annotate_contigs_database:
    input: 02_CONTIGS/GCA_000613065_1_RintRC_1_genomic-contigs.db, 02_CONTIGS/anvi_run_hmms-GCA_000613065_1_RintRC_1_genomic.done, 02_CONTIGS/anvi_run_ncbi_cogs-GCA_000613065_1_RintRC_1_genomic.done, 02_CONTIGS/anvi_run_kegg_kofams-GCA_000613065_1_RintRC_1_genomic.done
    output: 02_CONTIGS/GCA_000613065_1_RintRC_1_genomic-annotate_contigs_database.done
    log: 00_LOGS/GCA_000613065_1_RintRC_1_genomic-annotate_contigs_database.log
    jobid: 4
    reason: Updated input files: 02_CONTIGS/GCA_000613065_1_RintRC_1_genomic-contigs.db
    wildcards: group=GCA_000613065_1_RintRC_1_genomic
    resources: tmpdir=/var/folders/rl/61bz6knj1sq7j72mdlqd5p240000gn/T

Touching output file 02_CONTIGS/MARD_SAMEA3138990_REFG_MMP3138990-annotate_contigs_database.done.
[Tue Nov  8 21:26:24 2022]
Finished job 88.
1 of 19 steps (5%) done
Touching output file 02_CONTIGS/GCA_013214565_1_ASM1321456v1_genomic-annotate_contigs_database.done.
[Tue Nov  8 21:26:24 2022]
Finished job 25.
2 of 19 steps (11%) done
Touching output file 02_CONTIGS/GCF_900185595_1_CalSC01_2013_genomic-annotate_contigs_database.done.
[Tue Nov  8 21:26:24 2022]
Finished job 53.
3 of 19 steps (16%) done
Touching output file 02_CONTIGS/GCA_000613065_1_RintRC_1_genomic-annotate_contigs_database.done.
[Tue Nov  8 21:26:24 2022]
Finished job 4.
4 of 19 steps (21%) done
Select jobs to execute...

[Tue Nov  8 21:26:24 2022]
localrule annotate_contigs_database:
    input: 02_CONTIGS/TARA_PON_109_MAG_00086-contigs.db, 02_CONTIGS/anvi_run_hmms-TARA_PON_109_MAG_00086.done, 02_CONTIGS/anvi_run_ncbi_cogs-TARA_PON_109_MAG_00086.done, 02_CONTIGS/anvi_run_kegg_kofams-TARA_PON_109_MAG_00086.done
    output: 02_CONTIGS/TARA_PON_109_MAG_00086-annotate_contigs_database.done
    log: 00_LOGS/TARA_PON_109_MAG_00086-annotate_contigs_database.log
    jobid: 67
    reason: Updated input files: 02_CONTIGS/TARA_PON_109_MAG_00086-contigs.db
    wildcards: group=TARA_PON_109_MAG_00086
    resources: tmpdir=/var/folders/rl/61bz6knj1sq7j72mdlqd5p240000gn/T

[Tue Nov  8 21:26:24 2022]
localrule annotate_contigs_database:
    input: 02_CONTIGS/BGEO_SAMN07136523_METAG_IKJKMCAK-contigs.db, 02_CONTIGS/anvi_run_hmms-BGEO_SAMN07136523_METAG_IKJKMCAK.done, 02_CONTIGS/anvi_run_ncbi_cogs-BGEO_SAMN07136523_METAG_IKJKMCAK.done, 02_CONTIGS/anvi_run_kegg_kofams-BGEO_SAMN07136523_METAG_IKJKMCAK.done
    output: 02_CONTIGS/BGEO_SAMN07136523_METAG_IKJKMCAK-annotate_contigs_database.done
    log: 00_LOGS/BGEO_SAMN07136523_METAG_IKJKMCAK-annotate_contigs_database.log
    jobid: 95
    reason: Updated input files: 02_CONTIGS/BGEO_SAMN07136523_METAG_IKJKMCAK-contigs.db
    wildcards: group=BGEO_SAMN07136523_METAG_IKJKMCAK
    resources: tmpdir=/var/folders/rl/61bz6knj1sq7j72mdlqd5p240000gn/T

[Tue Nov  8 21:26:24 2022]
localrule annotate_contigs_database:
    input: 02_CONTIGS/GCA_900299445_1_Richelia_intracellularis_AM_2804_genomic-contigs.db, 02_CONTIGS/anvi_run_hmms-GCA_900299445_1_Richelia_intracellularis_AM_2804_genomic.done, 02_CONTIGS/anvi_run_ncbi_cogs-GCA_900299445_1_Richelia_intracellularis_AM_2804_genomic.done, 02_CONTIGS/anvi_run_kegg_kofams-GCA_900299445_1_Richelia_intracellularis_AM_2804_genomic.done
    output: 02_CONTIGS/GCA_900299445_1_Richelia_intracellularis_AM_2804_genomic-annotate_contigs_database.done
    log: 00_LOGS/GCA_900299445_1_Richelia_intracellularis_AM_2804_genomic-annotate_contigs_database.log
    jobid: 32
    reason: Updated input files: 02_CONTIGS/GCA_900299445_1_Richelia_intracellularis_AM_2804_genomic-contigs.db
    wildcards: group=GCA_900299445_1_Richelia_intracellularis_AM_2804_genomic
    resources: tmpdir=/var/folders/rl/61bz6knj1sq7j72mdlqd5p240000gn/T

[Tue Nov  8 21:26:24 2022]
localrule annotate_contigs_database:
    input: 02_CONTIGS/GCA_002470035_1_ASM247003v1_genomic-contigs.db, 02_CONTIGS/anvi_run_hmms-GCA_002470035_1_ASM247003v1_genomic.done, 02_CONTIGS/anvi_run_ncbi_cogs-GCA_002470035_1_ASM247003v1_genomic.done, 02_CONTIGS/anvi_run_kegg_kofams-GCA_002470035_1_ASM247003v1_genomic.done
    output: 02_CONTIGS/GCA_002470035_1_ASM247003v1_genomic-annotate_contigs_database.done
    log: 00_LOGS/GCA_002470035_1_ASM247003v1_genomic-annotate_contigs_database.log
    jobid: 18
    reason: Updated input files: 02_CONTIGS/GCA_002470035_1_ASM247003v1_genomic-contigs.db
    wildcards: group=GCA_002470035_1_ASM247003v1_genomic
    resources: tmpdir=/var/folders/rl/61bz6knj1sq7j72mdlqd5p240000gn/T

Touching output file 02_CONTIGS/TARA_PON_109_MAG_00086-annotate_contigs_database.done.
[Tue Nov  8 21:26:24 2022]
Finished job 67.
5 of 19 steps (26%) done
Touching output file 02_CONTIGS/BGEO_SAMN07136523_METAG_IKJKMCAK-annotate_contigs_database.done.
[Tue Nov  8 21:26:24 2022]
Finished job 95.
6 of 19 steps (32%) done
Touching output file 02_CONTIGS/GCA_900299445_1_Richelia_intracellularis_AM_2804_genomic-annotate_contigs_database.done.
[Tue Nov  8 21:26:24 2022]
Finished job 32.
7 of 19 steps (37%) done
Touching output file 02_CONTIGS/GCA_002470035_1_ASM247003v1_genomic-annotate_contigs_database.done.
[Tue Nov  8 21:26:24 2022]
Finished job 18.
8 of 19 steps (42%) done
Select jobs to execute...

[Tue Nov  8 21:26:24 2022]
localrule annotate_contigs_database:
    input: 02_CONTIGS/GCA_000350105_1_ASM35010v1_genomic-contigs.db, 02_CONTIGS/anvi_run_hmms-GCA_000350105_1_ASM35010v1_genomic.done, 02_CONTIGS/anvi_run_ncbi_cogs-GCA_000350105_1_ASM35010v1_genomic.done, 02_CONTIGS/anvi_run_kegg_kofams-GCA_000350105_1_ASM35010v1_genomic.done
    output: 02_CONTIGS/GCA_000350105_1_ASM35010v1_genomic-annotate_contigs_database.done
    log: 00_LOGS/GCA_000350105_1_ASM35010v1_genomic-annotate_contigs_database.log
    jobid: 39
    reason: Updated input files: 02_CONTIGS/GCA_000350105_1_ASM35010v1_genomic-contigs.db
    wildcards: group=GCA_000350105_1_ASM35010v1_genomic
    resources: tmpdir=/var/folders/rl/61bz6knj1sq7j72mdlqd5p240000gn/T

[Tue Nov  8 21:26:24 2022]
localrule annotate_contigs_database:
    input: 02_CONTIGS/GCA_002377925_1_ASM237792v1_genomic-contigs.db, 02_CONTIGS/anvi_run_hmms-GCA_002377925_1_ASM237792v1_genomic.done, 02_CONTIGS/anvi_run_ncbi_cogs-GCA_002377925_1_ASM237792v1_genomic.done, 02_CONTIGS/anvi_run_kegg_kofams-GCA_002377925_1_ASM237792v1_genomic.done
    output: 02_CONTIGS/GCA_002377925_1_ASM237792v1_genomic-annotate_contigs_database.done
    log: 00_LOGS/GCA_002377925_1_ASM237792v1_genomic-annotate_contigs_database.log
    jobid: 11
    reason: Updated input files: 02_CONTIGS/GCA_002377925_1_ASM237792v1_genomic-contigs.db
    wildcards: group=GCA_002377925_1_ASM237792v1_genomic
    resources: tmpdir=/var/folders/rl/61bz6knj1sq7j72mdlqd5p240000gn/T

[Tue Nov  8 21:26:24 2022]
localrule annotate_contigs_database:
    input: 02_CONTIGS/MARD_SAMEA2272692_REFG_MMP2272692-contigs.db, 02_CONTIGS/anvi_run_hmms-MARD_SAMEA2272692_REFG_MMP2272692.done, 02_CONTIGS/anvi_run_ncbi_cogs-MARD_SAMEA2272692_REFG_MMP2272692.done, 02_CONTIGS/anvi_run_kegg_kofams-MARD_SAMEA2272692_REFG_MMP2272692.done
    output: 02_CONTIGS/MARD_SAMEA2272692_REFG_MMP2272692-annotate_contigs_database.done
    log: 00_LOGS/MARD_SAMEA2272692_REFG_MMP2272692-annotate_contigs_database.log
    jobid: 81
    reason: Updated input files: 02_CONTIGS/MARD_SAMEA2272692_REFG_MMP2272692-contigs.db
    wildcards: group=MARD_SAMEA2272692_REFG_MMP2272692
    resources: tmpdir=/var/folders/rl/61bz6knj1sq7j72mdlqd5p240000gn/T

[Tue Nov  8 21:26:24 2022]
localrule annotate_contigs_database:
    input: 02_CONTIGS/TARA_MED_95_MAG_00146-contigs.db, 02_CONTIGS/anvi_run_hmms-TARA_MED_95_MAG_00146.done, 02_CONTIGS/anvi_run_ncbi_cogs-TARA_MED_95_MAG_00146.done, 02_CONTIGS/anvi_run_kegg_kofams-TARA_MED_95_MAG_00146.done
    output: 02_CONTIGS/TARA_MED_95_MAG_00146-annotate_contigs_database.done
    log: 00_LOGS/TARA_MED_95_MAG_00146-annotate_contigs_database.log
    jobid: 60
    reason: Updated input files: 02_CONTIGS/TARA_MED_95_MAG_00146-contigs.db
    wildcards: group=TARA_MED_95_MAG_00146
    resources: tmpdir=/var/folders/rl/61bz6knj1sq7j72mdlqd5p240000gn/T

Touching output file 02_CONTIGS/GCA_000350105_1_ASM35010v1_genomic-annotate_contigs_database.done.
[Tue Nov  8 21:26:24 2022]
Finished job 39.
9 of 19 steps (47%) done
Touching output file 02_CONTIGS/GCA_002377925_1_ASM237792v1_genomic-annotate_contigs_database.done.
[Tue Nov  8 21:26:24 2022]
Finished job 11.
10 of 19 steps (53%) done
Touching output file 02_CONTIGS/MARD_SAMEA2272692_REFG_MMP2272692-annotate_contigs_database.done.
[Tue Nov  8 21:26:24 2022]
Finished job 81.
11 of 19 steps (58%) done
Select jobs to execute...

[Tue Nov  8 21:26:24 2022]
localrule annotate_contigs_database:
    input: 02_CONTIGS/GCA_000350125_1_ASM35012v1_genomic-contigs.db, 02_CONTIGS/anvi_run_hmms-GCA_000350125_1_ASM35012v1_genomic.done, 02_CONTIGS/anvi_run_ncbi_cogs-GCA_000350125_1_ASM35012v1_genomic.done, 02_CONTIGS/anvi_run_kegg_kofams-GCA_000350125_1_ASM35012v1_genomic.done
    output: 02_CONTIGS/GCA_000350125_1_ASM35012v1_genomic-annotate_contigs_database.done
    log: 00_LOGS/GCA_000350125_1_ASM35012v1_genomic-annotate_contigs_database.log
    jobid: 46
    reason: Updated input files: 02_CONTIGS/GCA_000350125_1_ASM35012v1_genomic-contigs.db
    wildcards: group=GCA_000350125_1_ASM35012v1_genomic
    resources: tmpdir=/var/folders/rl/61bz6knj1sq7j72mdlqd5p240000gn/T

[Tue Nov  8 21:26:24 2022]
localrule annotate_contigs_database:
    input: 02_CONTIGS/MARD_SAMEA2272302_REFG_MMP2272302-contigs.db, 02_CONTIGS/anvi_run_hmms-MARD_SAMEA2272302_REFG_MMP2272302.done, 02_CONTIGS/anvi_run_ncbi_cogs-MARD_SAMEA2272302_REFG_MMP2272302.done, 02_CONTIGS/anvi_run_kegg_kofams-MARD_SAMEA2272302_REFG_MMP2272302.done
    output: 02_CONTIGS/MARD_SAMEA2272302_REFG_MMP2272302-annotate_contigs_database.done
    log: 00_LOGS/MARD_SAMEA2272302_REFG_MMP2272302-annotate_contigs_database.log
    jobid: 74
    reason: Updated input files: 02_CONTIGS/MARD_SAMEA2272302_REFG_MMP2272302-contigs.db
    wildcards: group=MARD_SAMEA2272302_REFG_MMP2272302
    resources: tmpdir=/var/folders/rl/61bz6knj1sq7j72mdlqd5p240000gn/T

Touching output file 02_CONTIGS/TARA_MED_95_MAG_00146-annotate_contigs_database.done.
[Tue Nov  8 21:26:24 2022]
Finished job 60.
12 of 19 steps (63%) done
Touching output file 02_CONTIGS/GCA_000350125_1_ASM35012v1_genomic-annotate_contigs_database.done.
[Tue Nov  8 21:26:24 2022]
Finished job 46.
13 of 19 steps (68%) done
Touching output file 02_CONTIGS/MARD_SAMEA2272302_REFG_MMP2272302-annotate_contigs_database.done.
[Tue Nov  8 21:26:24 2022]
Finished job 74.
14 of 19 steps (74%) done
Select jobs to execute...

[Tue Nov  8 21:26:24 2022]
rule gen_external_genome_file:
    input: 02_CONTIGS/GCA_000613065_1_RintRC_1_genomic-annotate_contigs_database.done, 02_CONTIGS/GCA_002377925_1_ASM237792v1_genomic-annotate_contigs_database.done, 02_CONTIGS/GCA_002470035_1_ASM247003v1_genomic-annotate_contigs_database.done, 02_CONTIGS/GCA_013214565_1_ASM1321456v1_genomic-annotate_contigs_database.done, 02_CONTIGS/GCA_900299445_1_Richelia_intracellularis_AM_2804_genomic-annotate_contigs_database.done, 02_CONTIGS/GCA_000350105_1_ASM35010v1_genomic-annotate_contigs_database.done, 02_CONTIGS/GCA_000350125_1_ASM35012v1_genomic-annotate_contigs_database.done, 02_CONTIGS/GCF_900185595_1_CalSC01_2013_genomic-annotate_contigs_database.done, 02_CONTIGS/TARA_MED_95_MAG_00146-annotate_contigs_database.done, 02_CONTIGS/TARA_PON_109_MAG_00086-annotate_contigs_database.done, 02_CONTIGS/MARD_SAMEA2272302_REFG_MMP2272302-annotate_contigs_database.done, 02_CONTIGS/MARD_SAMEA2272692_REFG_MMP2272692-annotate_contigs_database.done, 02_CONTIGS/MARD_SAMEA3138990_REFG_MMP3138990-annotate_contigs_database.done, 02_CONTIGS/BGEO_SAMN07136523_METAG_IKJKMCAK-annotate_contigs_database.done, 02_CONTIGS/GCA_000613065_1_RintRC_1_genomic-contigs.db, 02_CONTIGS/GCA_002377925_1_ASM237792v1_genomic-contigs.db, 02_CONTIGS/GCA_002470035_1_ASM247003v1_genomic-contigs.db, 02_CONTIGS/GCA_013214565_1_ASM1321456v1_genomic-contigs.db, 02_CONTIGS/GCA_900299445_1_Richelia_intracellularis_AM_2804_genomic-contigs.db, 02_CONTIGS/GCA_000350105_1_ASM35010v1_genomic-contigs.db, 02_CONTIGS/GCA_000350125_1_ASM35012v1_genomic-contigs.db, 02_CONTIGS/GCF_900185595_1_CalSC01_2013_genomic-contigs.db, 02_CONTIGS/TARA_MED_95_MAG_00146-contigs.db, 02_CONTIGS/TARA_PON_109_MAG_00086-contigs.db, 02_CONTIGS/MARD_SAMEA2272302_REFG_MMP2272302-contigs.db, 02_CONTIGS/MARD_SAMEA2272692_REFG_MMP2272692-contigs.db, 02_CONTIGS/MARD_SAMEA3138990_REFG_MMP3138990-contigs.db, 02_CONTIGS/BGEO_SAMN07136523_METAG_IKJKMCAK-contigs.db
    output: external-genomes.txt
    log: 00_LOGS/gen_external_genome_file.log
    jobid: 3
    reason: Input files updated by another job: 02_CONTIGS/MARD_SAMEA2272302_REFG_MMP2272302-annotate_contigs_database.done, 02_CONTIGS/MARD_SAMEA2272692_REFG_MMP2272692-annotate_contigs_database.done, 02_CONTIGS/GCF_900185595_1_CalSC01_2013_genomic-annotate_contigs_database.done, 02_CONTIGS/GCA_002377925_1_ASM237792v1_genomic-annotate_contigs_database.done, 02_CONTIGS/TARA_PON_109_MAG_00086-annotate_contigs_database.done, 02_CONTIGS/GCA_000350125_1_ASM35012v1_genomic-annotate_contigs_database.done, 02_CONTIGS/GCA_002470035_1_ASM247003v1_genomic-annotate_contigs_database.done, 02_CONTIGS/GCA_000613065_1_RintRC_1_genomic-annotate_contigs_database.done, 02_CONTIGS/GCA_900299445_1_Richelia_intracellularis_AM_2804_genomic-annotate_contigs_database.done, 02_CONTIGS/GCA_000350105_1_ASM35010v1_genomic-annotate_contigs_database.done, 02_CONTIGS/MARD_SAMEA3138990_REFG_MMP3138990-annotate_contigs_database.done, 02_CONTIGS/TARA_MED_95_MAG_00146-annotate_contigs_database.done, 02_CONTIGS/GCA_013214565_1_ASM1321456v1_genomic-annotate_contigs_database.done, 02_CONTIGS/BGEO_SAMN07136523_METAG_IKJKMCAK-annotate_contigs_database.done
    resources: tmpdir=/var/folders/rl/61bz6knj1sq7j72mdlqd5p240000gn/T, nodes=1

[Tue Nov  8 21:26:25 2022]
Finished job 3.
15 of 19 steps (79%) done
Select jobs to execute...

[Tue Nov  8 21:26:25 2022]
rule anvi_gen_genomes_storage:
    input: external-genomes.txt, external-genomes.txt
    output: 03_PAN/Richelia-GENOMES.db
    log: 00_LOGS/Richelia-anvi_gen_genomes_storage.log
    jobid: 2
    reason: Input files updated by another job: external-genomes.txt
    resources: tmpdir=/var/folders/rl/61bz6knj1sq7j72mdlqd5p240000gn/T, nodes=1


            anvi-gen-genomes-storage -o 03_PAN/Richelia-GENOMES.db                                                                          --external-genomes external-genomes.txt                                      >> 00_LOGS/Richelia-anvi_gen_genomes_storage.log 2>&1
        
[Tue Nov  8 21:26:26 2022]
Error in rule anvi_gen_genomes_storage:
    jobid: 2
    output: 03_PAN/Richelia-GENOMES.db
    log: 00_LOGS/Richelia-anvi_gen_genomes_storage.log (check log file(s) for error message)
    shell:
        
            anvi-gen-genomes-storage -o 03_PAN/Richelia-GENOMES.db                                                                          --external-genomes external-genomes.txt                                      >> 00_LOGS/Richelia-anvi_gen_genomes_storage.log 2>&1
        
        (one of the commands exited with non-zero exit code; note that snakemake uses bash strict mode!)

Shutting down, this might take some time.
Exiting because a job execution failed. Look above for error message
Complete log: .snakemake/log/2022-11-08T212623.812251.snakemake.log
