Building DAG of jobs...
Using shell: /bin/bash
Provided cores: 4
Rules claiming more threads will be scaled down.
Job stats:
job                                  count    min threads    max threads
---------------------------------  -------  -------------  -------------
annotate_contigs_database               15              1              1
anvi_compute_genome_similarity           1              4              4
anvi_gen_genomes_storage                 1              1              1
anvi_get_sequences_for_gene_calls       15              4              4
anvi_pan_genome                          1              4              4
anvi_run_hmms                           14              4              4
anvi_run_kegg_kofams                    15              4              4
anvi_run_ncbi_cogs                      15              4              4
anvi_script_run_eggnog_mapper           15              4              4
emapper                                 15              1              1
gen_external_genome_file                 1              1              1
pangenomics_target_rule                  1              1              1
total                                  109              1              4

Select jobs to execute...

[Tue Aug 22 18:23:31 2023]
rule anvi_run_ncbi_cogs:
    input: 02_CONTIGS/SRR11343830_6-contigs.db
    output: 02_CONTIGS/anvi_run_ncbi_cogs-SRR11343830_6.done
    log: 00_LOGS/SRR11343830_6-anvi_run_ncbi_cogs.log
    jobid: 149
    reason: Missing output files: 02_CONTIGS/anvi_run_ncbi_cogs-SRR11343830_6.done
    wildcards: group=SRR11343830_6
    threads: 4
    resources: tmpdir=/var/folders/rl/61bz6knj1sq7j72mdlqd5p240000gn/T, nodes=4

anvi-run-ncbi-cogs -c 02_CONTIGS/SRR11343830_6-contigs.db -T 4 --cog-data-dir cog   >> 00_LOGS/SRR11343830_6-anvi_run_ncbi_cogs.log 2>&1
Touching output file 02_CONTIGS/anvi_run_ncbi_cogs-SRR11343830_6.done.
[Tue Aug 22 18:24:15 2023]
Finished job 149.
1 of 109 steps (1%) done
Select jobs to execute...

[Tue Aug 22 18:24:15 2023]
rule anvi_run_kegg_kofams:
    input: 02_CONTIGS/SRR11343830_6-contigs.db
    output: 02_CONTIGS/anvi_run_kegg_kofams-SRR11343830_6.done
    log: 00_LOGS/SRR11343830_6-anvi_run_kegg_kofams.log
    jobid: 150
    reason: Missing output files: 02_CONTIGS/anvi_run_kegg_kofams-SRR11343830_6.done
    wildcards: group=SRR11343830_6
    threads: 4
    resources: tmpdir=/var/folders/rl/61bz6knj1sq7j72mdlqd5p240000gn/T, nodes=4

anvi-run-kegg-kofams -c 02_CONTIGS/SRR11343830_6-contigs.db     -T 4  >> 00_LOGS/SRR11343830_6-anvi_run_kegg_kofams.log 2>&1
Touching output file 02_CONTIGS/anvi_run_kegg_kofams-SRR11343830_6.done.
[Tue Aug 22 18:39:57 2023]
Finished job 150.
2 of 109 steps (2%) done
Select jobs to execute...

[Tue Aug 22 18:39:57 2023]
rule anvi_get_sequences_for_gene_calls:
    input: 02_CONTIGS/SRR11343830_6-contigs.db
    output: 02_CONTIGS/SRR11343830_6-contigs-aa-sequences.fa
    log: 00_LOGS/SRR11343830_6-anvi_get_sequences_for_gene_calls.log
    jobid: 153
    reason: Missing output files: 02_CONTIGS/SRR11343830_6-contigs-aa-sequences.fa
    wildcards: group=SRR11343830_6
    threads: 4
    resources: tmpdir=/var/folders/rl/61bz6knj1sq7j72mdlqd5p240000gn/T, nodes=4

anvi-get-sequences-for-gene-calls -c 02_CONTIGS/SRR11343830_6-contigs.db -o 02_CONTIGS/SRR11343830_6-contigs-aa-sequences.fa --get-aa-sequences >> 00_LOGS/SRR11343830_6-anvi_get_sequences_for_gene_calls.log 2>&1
[Tue Aug 22 18:39:59 2023]
Finished job 153.
3 of 109 steps (3%) done
Select jobs to execute...

[Tue Aug 22 18:39:59 2023]
rule emapper:
    input: 02_CONTIGS/SRR11343830_6-contigs-aa-sequences.fa
    output: 02_CONTIGS/SRR11343830_6-contigs.emapper.annotations
    log: 00_LOGS/SRR11343830_6-emapper.log
    jobid: 152
    reason: Missing output files: 02_CONTIGS/SRR11343830_6-contigs.emapper.annotations; Input files updated by another job: 02_CONTIGS/SRR11343830_6-contigs-aa-sequences.fa
    wildcards: group=SRR11343830_6
    resources: tmpdir=/var/folders/rl/61bz6knj1sq7j72mdlqd5p240000gn/T, nodes=1

Shutting down, this might take some time.
Exiting because a job execution failed. Look above for error message
Complete log: .snakemake/log/2023-08-22T182330.759754.snakemake.log
