Building DAG of jobs...
Using shell: /bin/bash
Provided cores: 4
Rules claiming more threads will be scaled down.
Job stats:
job                               count    min threads    max threads
------------------------------  -------  -------------  -------------
annotate_contigs_database            15              1              1
anvi_compute_genome_similarity        1              4              4
anvi_gen_genomes_storage              1              1              1
anvi_pan_genome                       1              4              4
anvi_run_hmms                        14              4              4
anvi_run_kegg_kofams                 14              4              4
anvi_run_ncbi_cogs                   14              4              4
gen_external_genome_file              1              1              1
pangenomics_target_rule               1              1              1
total                                62              1              4

Select jobs to execute...

[Tue Aug 22 19:19:39 2023]
localrule annotate_contigs_database:
    input: 02_CONTIGS/SRR11343830_6-contigs.db, 02_CONTIGS/anvi_run_hmms-SRR11343830_6.done, 02_CONTIGS/anvi_run_ncbi_cogs-SRR11343830_6.done, 02_CONTIGS/anvi_run_kegg_kofams-SRR11343830_6.done
    output: 02_CONTIGS/SRR11343830_6-annotate_contigs_database.done
    log: 00_LOGS/SRR11343830_6-annotate_contigs_database.log
    jobid: 102
    reason: Missing output files: 02_CONTIGS/SRR11343830_6-annotate_contigs_database.done; Updated input files: 02_CONTIGS/SRR11343830_6-contigs.db
    wildcards: group=SRR11343830_6
    resources: tmpdir=/var/folders/rl/61bz6knj1sq7j72mdlqd5p240000gn/T

Touching output file 02_CONTIGS/SRR11343830_6-annotate_contigs_database.done.
[Tue Aug 22 19:19:39 2023]
Finished job 102.
1 of 62 steps (2%) done
Select jobs to execute...

[Tue Aug 22 19:19:39 2023]
rule anvi_run_kegg_kofams:
    input: 02_CONTIGS/GCF_900185595_1_CalSC01_2013_genomic-contigs.db
    output: 02_CONTIGS/anvi_run_kegg_kofams-GCF_900185595_1_CalSC01_2013_genomic.done
    log: 00_LOGS/GCF_900185595_1_CalSC01_2013_genomic-anvi_run_kegg_kofams.log
    jobid: 59
    reason: Missing output files: 02_CONTIGS/anvi_run_kegg_kofams-GCF_900185595_1_CalSC01_2013_genomic.done
    wildcards: group=GCF_900185595_1_CalSC01_2013_genomic
    threads: 4
    resources: tmpdir=/var/folders/rl/61bz6knj1sq7j72mdlqd5p240000gn/T, nodes=4

anvi-run-kegg-kofams -c 02_CONTIGS/GCF_900185595_1_CalSC01_2013_genomic-contigs.db     -T 4  >> 00_LOGS/GCF_900185595_1_CalSC01_2013_genomic-anvi_run_kegg_kofams.log 2>&1
Touching output file 02_CONTIGS/anvi_run_kegg_kofams-GCF_900185595_1_CalSC01_2013_genomic.done.
[Tue Aug 22 19:32:46 2023]
Finished job 59.
2 of 62 steps (3%) done
Select jobs to execute...

[Tue Aug 22 19:32:46 2023]
rule anvi_run_ncbi_cogs:
    input: 02_CONTIGS/GCF_900185595_1_CalSC01_2013_genomic-contigs.db
    output: 02_CONTIGS/anvi_run_ncbi_cogs-GCF_900185595_1_CalSC01_2013_genomic.done
    log: 00_LOGS/GCF_900185595_1_CalSC01_2013_genomic-anvi_run_ncbi_cogs.log
    jobid: 58
    reason: Missing output files: 02_CONTIGS/anvi_run_ncbi_cogs-GCF_900185595_1_CalSC01_2013_genomic.done; Params have changed since last execution
    wildcards: group=GCF_900185595_1_CalSC01_2013_genomic
    threads: 4
    resources: tmpdir=/var/folders/rl/61bz6knj1sq7j72mdlqd5p240000gn/T, nodes=4

anvi-run-ncbi-cogs -c 02_CONTIGS/GCF_900185595_1_CalSC01_2013_genomic-contigs.db -T 4 --cog-data-dir cog   >> 00_LOGS/GCF_900185595_1_CalSC01_2013_genomic-anvi_run_ncbi_cogs.log 2>&1
Touching output file 02_CONTIGS/anvi_run_ncbi_cogs-GCF_900185595_1_CalSC01_2013_genomic.done.
[Tue Aug 22 19:33:36 2023]
Finished job 58.
3 of 62 steps (5%) done
Select jobs to execute...

[Tue Aug 22 19:33:36 2023]
rule anvi_run_hmms:
    input: 02_CONTIGS/GCF_900185595_1_CalSC01_2013_genomic-contigs.db
    output: 02_CONTIGS/anvi_run_hmms-GCF_900185595_1_CalSC01_2013_genomic.done
    log: 00_LOGS/GCF_900185595_1_CalSC01_2013_genomic-anvi_run_hmms.log
    jobid: 57
    reason: Missing output files: 02_CONTIGS/anvi_run_hmms-GCF_900185595_1_CalSC01_2013_genomic.done
    wildcards: group=GCF_900185595_1_CalSC01_2013_genomic
    threads: 4
    resources: tmpdir=/var/folders/rl/61bz6knj1sq7j72mdlqd5p240000gn/T, nodes=4

anvi-run-hmms -c 02_CONTIGS/GCF_900185595_1_CalSC01_2013_genomic-contigs.db -T 4   			  >> 00_LOGS/GCF_900185595_1_CalSC01_2013_genomic-anvi_run_hmms.log 2>&1
Touching output file 02_CONTIGS/anvi_run_hmms-GCF_900185595_1_CalSC01_2013_genomic.done.
[Tue Aug 22 19:33:51 2023]
Finished job 57.
4 of 62 steps (6%) done
Select jobs to execute...

[Tue Aug 22 19:33:51 2023]
localrule annotate_contigs_database:
    input: 02_CONTIGS/GCF_900185595_1_CalSC01_2013_genomic-contigs.db, 02_CONTIGS/anvi_run_hmms-GCF_900185595_1_CalSC01_2013_genomic.done, 02_CONTIGS/anvi_run_ncbi_cogs-GCF_900185595_1_CalSC01_2013_genomic.done, 02_CONTIGS/anvi_run_kegg_kofams-GCF_900185595_1_CalSC01_2013_genomic.done
    output: 02_CONTIGS/GCF_900185595_1_CalSC01_2013_genomic-annotate_contigs_database.done
    log: 00_LOGS/GCF_900185595_1_CalSC01_2013_genomic-annotate_contigs_database.log
    jobid: 53
    reason: Missing output files: 02_CONTIGS/GCF_900185595_1_CalSC01_2013_genomic-annotate_contigs_database.done; Input files updated by another job: 02_CONTIGS/anvi_run_ncbi_cogs-GCF_900185595_1_CalSC01_2013_genomic.done, 02_CONTIGS/anvi_run_kegg_kofams-GCF_900185595_1_CalSC01_2013_genomic.done, 02_CONTIGS/anvi_run_hmms-GCF_900185595_1_CalSC01_2013_genomic.done
    wildcards: group=GCF_900185595_1_CalSC01_2013_genomic
    resources: tmpdir=/var/folders/rl/61bz6knj1sq7j72mdlqd5p240000gn/T

Touching output file 02_CONTIGS/GCF_900185595_1_CalSC01_2013_genomic-annotate_contigs_database.done.
[Tue Aug 22 19:33:51 2023]
Finished job 53.
5 of 62 steps (8%) done
Select jobs to execute...

[Tue Aug 22 19:33:51 2023]
rule anvi_run_hmms:
    input: 02_CONTIGS/MARD_SAMEA3138990_REFG_MMP3138990-contigs.db
    output: 02_CONTIGS/anvi_run_hmms-MARD_SAMEA3138990_REFG_MMP3138990.done
    log: 00_LOGS/MARD_SAMEA3138990_REFG_MMP3138990-anvi_run_hmms.log
    jobid: 92
    reason: Missing output files: 02_CONTIGS/anvi_run_hmms-MARD_SAMEA3138990_REFG_MMP3138990.done
    wildcards: group=MARD_SAMEA3138990_REFG_MMP3138990
    threads: 4
    resources: tmpdir=/var/folders/rl/61bz6knj1sq7j72mdlqd5p240000gn/T, nodes=4

anvi-run-hmms -c 02_CONTIGS/MARD_SAMEA3138990_REFG_MMP3138990-contigs.db -T 4   			  >> 00_LOGS/MARD_SAMEA3138990_REFG_MMP3138990-anvi_run_hmms.log 2>&1
Touching output file 02_CONTIGS/anvi_run_hmms-MARD_SAMEA3138990_REFG_MMP3138990.done.
[Tue Aug 22 19:34:08 2023]
Finished job 92.
6 of 62 steps (10%) done
Select jobs to execute...

[Tue Aug 22 19:34:08 2023]
rule anvi_run_ncbi_cogs:
    input: 02_CONTIGS/MARD_SAMEA3138990_REFG_MMP3138990-contigs.db
    output: 02_CONTIGS/anvi_run_ncbi_cogs-MARD_SAMEA3138990_REFG_MMP3138990.done
    log: 00_LOGS/MARD_SAMEA3138990_REFG_MMP3138990-anvi_run_ncbi_cogs.log
    jobid: 93
    reason: Missing output files: 02_CONTIGS/anvi_run_ncbi_cogs-MARD_SAMEA3138990_REFG_MMP3138990.done; Params have changed since last execution
    wildcards: group=MARD_SAMEA3138990_REFG_MMP3138990
    threads: 4
    resources: tmpdir=/var/folders/rl/61bz6knj1sq7j72mdlqd5p240000gn/T, nodes=4

anvi-run-ncbi-cogs -c 02_CONTIGS/MARD_SAMEA3138990_REFG_MMP3138990-contigs.db -T 4 --cog-data-dir cog   >> 00_LOGS/MARD_SAMEA3138990_REFG_MMP3138990-anvi_run_ncbi_cogs.log 2>&1
Touching output file 02_CONTIGS/anvi_run_ncbi_cogs-MARD_SAMEA3138990_REFG_MMP3138990.done.
[Tue Aug 22 19:34:46 2023]
Finished job 93.
7 of 62 steps (11%) done
Select jobs to execute...

[Tue Aug 22 19:34:46 2023]
rule anvi_run_kegg_kofams:
    input: 02_CONTIGS/MARD_SAMEA3138990_REFG_MMP3138990-contigs.db
    output: 02_CONTIGS/anvi_run_kegg_kofams-MARD_SAMEA3138990_REFG_MMP3138990.done
    log: 00_LOGS/MARD_SAMEA3138990_REFG_MMP3138990-anvi_run_kegg_kofams.log
    jobid: 94
    reason: Missing output files: 02_CONTIGS/anvi_run_kegg_kofams-MARD_SAMEA3138990_REFG_MMP3138990.done
    wildcards: group=MARD_SAMEA3138990_REFG_MMP3138990
    threads: 4
    resources: tmpdir=/var/folders/rl/61bz6knj1sq7j72mdlqd5p240000gn/T, nodes=4

anvi-run-kegg-kofams -c 02_CONTIGS/MARD_SAMEA3138990_REFG_MMP3138990-contigs.db     -T 4  >> 00_LOGS/MARD_SAMEA3138990_REFG_MMP3138990-anvi_run_kegg_kofams.log 2>&1
Touching output file 02_CONTIGS/anvi_run_kegg_kofams-MARD_SAMEA3138990_REFG_MMP3138990.done.
[Tue Aug 22 19:42:30 2023]
Finished job 94.
8 of 62 steps (13%) done
Select jobs to execute...

[Tue Aug 22 19:42:30 2023]
localrule annotate_contigs_database:
    input: 02_CONTIGS/MARD_SAMEA3138990_REFG_MMP3138990-contigs.db, 02_CONTIGS/anvi_run_hmms-MARD_SAMEA3138990_REFG_MMP3138990.done, 02_CONTIGS/anvi_run_ncbi_cogs-MARD_SAMEA3138990_REFG_MMP3138990.done, 02_CONTIGS/anvi_run_kegg_kofams-MARD_SAMEA3138990_REFG_MMP3138990.done
    output: 02_CONTIGS/MARD_SAMEA3138990_REFG_MMP3138990-annotate_contigs_database.done
    log: 00_LOGS/MARD_SAMEA3138990_REFG_MMP3138990-annotate_contigs_database.log
    jobid: 88
    reason: Missing output files: 02_CONTIGS/MARD_SAMEA3138990_REFG_MMP3138990-annotate_contigs_database.done; Input files updated by another job: 02_CONTIGS/anvi_run_kegg_kofams-MARD_SAMEA3138990_REFG_MMP3138990.done, 02_CONTIGS/anvi_run_ncbi_cogs-MARD_SAMEA3138990_REFG_MMP3138990.done, 02_CONTIGS/anvi_run_hmms-MARD_SAMEA3138990_REFG_MMP3138990.done
    wildcards: group=MARD_SAMEA3138990_REFG_MMP3138990
    resources: tmpdir=/var/folders/rl/61bz6knj1sq7j72mdlqd5p240000gn/T

Touching output file 02_CONTIGS/MARD_SAMEA3138990_REFG_MMP3138990-annotate_contigs_database.done.
[Tue Aug 22 19:42:30 2023]
Finished job 88.
9 of 62 steps (15%) done
Select jobs to execute...

[Tue Aug 22 19:42:30 2023]
rule anvi_run_hmms:
    input: 02_CONTIGS/GCA_000613065_1_RintRC_1_genomic-contigs.db
    output: 02_CONTIGS/anvi_run_hmms-GCA_000613065_1_RintRC_1_genomic.done
    log: 00_LOGS/GCA_000613065_1_RintRC_1_genomic-anvi_run_hmms.log
    jobid: 8
    reason: Missing output files: 02_CONTIGS/anvi_run_hmms-GCA_000613065_1_RintRC_1_genomic.done
    wildcards: group=GCA_000613065_1_RintRC_1_genomic
    threads: 4
    resources: tmpdir=/var/folders/rl/61bz6knj1sq7j72mdlqd5p240000gn/T, nodes=4

anvi-run-hmms -c 02_CONTIGS/GCA_000613065_1_RintRC_1_genomic-contigs.db -T 4   			  >> 00_LOGS/GCA_000613065_1_RintRC_1_genomic-anvi_run_hmms.log 2>&1
Touching output file 02_CONTIGS/anvi_run_hmms-GCA_000613065_1_RintRC_1_genomic.done.
[Tue Aug 22 19:42:47 2023]
Finished job 8.
10 of 62 steps (16%) done
Select jobs to execute...

[Tue Aug 22 19:42:47 2023]
rule anvi_run_ncbi_cogs:
    input: 02_CONTIGS/GCA_000613065_1_RintRC_1_genomic-contigs.db
    output: 02_CONTIGS/anvi_run_ncbi_cogs-GCA_000613065_1_RintRC_1_genomic.done
    log: 00_LOGS/GCA_000613065_1_RintRC_1_genomic-anvi_run_ncbi_cogs.log
    jobid: 9
    reason: Missing output files: 02_CONTIGS/anvi_run_ncbi_cogs-GCA_000613065_1_RintRC_1_genomic.done; Params have changed since last execution
    wildcards: group=GCA_000613065_1_RintRC_1_genomic
    threads: 4
    resources: tmpdir=/var/folders/rl/61bz6knj1sq7j72mdlqd5p240000gn/T, nodes=4

anvi-run-ncbi-cogs -c 02_CONTIGS/GCA_000613065_1_RintRC_1_genomic-contigs.db -T 4 --cog-data-dir cog   >> 00_LOGS/GCA_000613065_1_RintRC_1_genomic-anvi_run_ncbi_cogs.log 2>&1
Touching output file 02_CONTIGS/anvi_run_ncbi_cogs-GCA_000613065_1_RintRC_1_genomic.done.
[Tue Aug 22 19:43:24 2023]
Finished job 9.
11 of 62 steps (18%) done
Select jobs to execute...

[Tue Aug 22 19:43:24 2023]
rule anvi_run_kegg_kofams:
    input: 02_CONTIGS/GCA_000613065_1_RintRC_1_genomic-contigs.db
    output: 02_CONTIGS/anvi_run_kegg_kofams-GCA_000613065_1_RintRC_1_genomic.done
    log: 00_LOGS/GCA_000613065_1_RintRC_1_genomic-anvi_run_kegg_kofams.log
    jobid: 10
    reason: Missing output files: 02_CONTIGS/anvi_run_kegg_kofams-GCA_000613065_1_RintRC_1_genomic.done
    wildcards: group=GCA_000613065_1_RintRC_1_genomic
    threads: 4
    resources: tmpdir=/var/folders/rl/61bz6knj1sq7j72mdlqd5p240000gn/T, nodes=4

anvi-run-kegg-kofams -c 02_CONTIGS/GCA_000613065_1_RintRC_1_genomic-contigs.db     -T 4  >> 00_LOGS/GCA_000613065_1_RintRC_1_genomic-anvi_run_kegg_kofams.log 2>&1
Touching output file 02_CONTIGS/anvi_run_kegg_kofams-GCA_000613065_1_RintRC_1_genomic.done.
[Tue Aug 22 19:51:13 2023]
Finished job 10.
12 of 62 steps (19%) done
Select jobs to execute...

[Tue Aug 22 19:51:13 2023]
localrule annotate_contigs_database:
    input: 02_CONTIGS/GCA_000613065_1_RintRC_1_genomic-contigs.db, 02_CONTIGS/anvi_run_hmms-GCA_000613065_1_RintRC_1_genomic.done, 02_CONTIGS/anvi_run_ncbi_cogs-GCA_000613065_1_RintRC_1_genomic.done, 02_CONTIGS/anvi_run_kegg_kofams-GCA_000613065_1_RintRC_1_genomic.done
    output: 02_CONTIGS/GCA_000613065_1_RintRC_1_genomic-annotate_contigs_database.done
    log: 00_LOGS/GCA_000613065_1_RintRC_1_genomic-annotate_contigs_database.log
    jobid: 4
    reason: Missing output files: 02_CONTIGS/GCA_000613065_1_RintRC_1_genomic-annotate_contigs_database.done; Input files updated by another job: 02_CONTIGS/anvi_run_kegg_kofams-GCA_000613065_1_RintRC_1_genomic.done, 02_CONTIGS/anvi_run_ncbi_cogs-GCA_000613065_1_RintRC_1_genomic.done, 02_CONTIGS/anvi_run_hmms-GCA_000613065_1_RintRC_1_genomic.done
    wildcards: group=GCA_000613065_1_RintRC_1_genomic
    resources: tmpdir=/var/folders/rl/61bz6knj1sq7j72mdlqd5p240000gn/T

Touching output file 02_CONTIGS/GCA_000613065_1_RintRC_1_genomic-annotate_contigs_database.done.
[Tue Aug 22 19:51:13 2023]
Finished job 4.
13 of 62 steps (21%) done
Select jobs to execute...

[Tue Aug 22 19:51:13 2023]
rule anvi_run_hmms:
    input: 02_CONTIGS/GCA_013214565_1_ASM1321456v1_genomic-contigs.db
    output: 02_CONTIGS/anvi_run_hmms-GCA_013214565_1_ASM1321456v1_genomic.done
    log: 00_LOGS/GCA_013214565_1_ASM1321456v1_genomic-anvi_run_hmms.log
    jobid: 29
    reason: Missing output files: 02_CONTIGS/anvi_run_hmms-GCA_013214565_1_ASM1321456v1_genomic.done
    wildcards: group=GCA_013214565_1_ASM1321456v1_genomic
    threads: 4
    resources: tmpdir=/var/folders/rl/61bz6knj1sq7j72mdlqd5p240000gn/T, nodes=4

anvi-run-hmms -c 02_CONTIGS/GCA_013214565_1_ASM1321456v1_genomic-contigs.db -T 4   			  >> 00_LOGS/GCA_013214565_1_ASM1321456v1_genomic-anvi_run_hmms.log 2>&1
Touching output file 02_CONTIGS/anvi_run_hmms-GCA_013214565_1_ASM1321456v1_genomic.done.
[Tue Aug 22 19:51:27 2023]
Finished job 29.
14 of 62 steps (23%) done
Select jobs to execute...

[Tue Aug 22 19:51:27 2023]
rule anvi_run_ncbi_cogs:
    input: 02_CONTIGS/GCA_013214565_1_ASM1321456v1_genomic-contigs.db
    output: 02_CONTIGS/anvi_run_ncbi_cogs-GCA_013214565_1_ASM1321456v1_genomic.done
    log: 00_LOGS/GCA_013214565_1_ASM1321456v1_genomic-anvi_run_ncbi_cogs.log
    jobid: 30
    reason: Missing output files: 02_CONTIGS/anvi_run_ncbi_cogs-GCA_013214565_1_ASM1321456v1_genomic.done; Params have changed since last execution
    wildcards: group=GCA_013214565_1_ASM1321456v1_genomic
    threads: 4
    resources: tmpdir=/var/folders/rl/61bz6knj1sq7j72mdlqd5p240000gn/T, nodes=4

anvi-run-ncbi-cogs -c 02_CONTIGS/GCA_013214565_1_ASM1321456v1_genomic-contigs.db -T 4 --cog-data-dir cog   >> 00_LOGS/GCA_013214565_1_ASM1321456v1_genomic-anvi_run_ncbi_cogs.log 2>&1
Touching output file 02_CONTIGS/anvi_run_ncbi_cogs-GCA_013214565_1_ASM1321456v1_genomic.done.
[Tue Aug 22 19:52:05 2023]
Finished job 30.
15 of 62 steps (24%) done
Select jobs to execute...

[Tue Aug 22 19:52:05 2023]
rule anvi_run_kegg_kofams:
    input: 02_CONTIGS/GCA_013214565_1_ASM1321456v1_genomic-contigs.db
    output: 02_CONTIGS/anvi_run_kegg_kofams-GCA_013214565_1_ASM1321456v1_genomic.done
    log: 00_LOGS/GCA_013214565_1_ASM1321456v1_genomic-anvi_run_kegg_kofams.log
    jobid: 31
    reason: Missing output files: 02_CONTIGS/anvi_run_kegg_kofams-GCA_013214565_1_ASM1321456v1_genomic.done
    wildcards: group=GCA_013214565_1_ASM1321456v1_genomic
    threads: 4
    resources: tmpdir=/var/folders/rl/61bz6knj1sq7j72mdlqd5p240000gn/T, nodes=4

anvi-run-kegg-kofams -c 02_CONTIGS/GCA_013214565_1_ASM1321456v1_genomic-contigs.db     -T 4  >> 00_LOGS/GCA_013214565_1_ASM1321456v1_genomic-anvi_run_kegg_kofams.log 2>&1
Touching output file 02_CONTIGS/anvi_run_kegg_kofams-GCA_013214565_1_ASM1321456v1_genomic.done.
[Tue Aug 22 19:59:25 2023]
Finished job 31.
16 of 62 steps (26%) done
Select jobs to execute...

[Tue Aug 22 19:59:25 2023]
localrule annotate_contigs_database:
    input: 02_CONTIGS/GCA_013214565_1_ASM1321456v1_genomic-contigs.db, 02_CONTIGS/anvi_run_hmms-GCA_013214565_1_ASM1321456v1_genomic.done, 02_CONTIGS/anvi_run_ncbi_cogs-GCA_013214565_1_ASM1321456v1_genomic.done, 02_CONTIGS/anvi_run_kegg_kofams-GCA_013214565_1_ASM1321456v1_genomic.done
    output: 02_CONTIGS/GCA_013214565_1_ASM1321456v1_genomic-annotate_contigs_database.done
    log: 00_LOGS/GCA_013214565_1_ASM1321456v1_genomic-annotate_contigs_database.log
    jobid: 25
    reason: Missing output files: 02_CONTIGS/GCA_013214565_1_ASM1321456v1_genomic-annotate_contigs_database.done; Input files updated by another job: 02_CONTIGS/anvi_run_ncbi_cogs-GCA_013214565_1_ASM1321456v1_genomic.done, 02_CONTIGS/anvi_run_kegg_kofams-GCA_013214565_1_ASM1321456v1_genomic.done, 02_CONTIGS/anvi_run_hmms-GCA_013214565_1_ASM1321456v1_genomic.done
    wildcards: group=GCA_013214565_1_ASM1321456v1_genomic
    resources: tmpdir=/var/folders/rl/61bz6knj1sq7j72mdlqd5p240000gn/T

Touching output file 02_CONTIGS/GCA_013214565_1_ASM1321456v1_genomic-annotate_contigs_database.done.
[Tue Aug 22 19:59:25 2023]
Finished job 25.
17 of 62 steps (27%) done
Select jobs to execute...

[Tue Aug 22 19:59:25 2023]
rule anvi_run_hmms:
    input: 02_CONTIGS/BGEO_SAMN07136523_METAG_IKJKMCAK-contigs.db
    output: 02_CONTIGS/anvi_run_hmms-BGEO_SAMN07136523_METAG_IKJKMCAK.done
    log: 00_LOGS/BGEO_SAMN07136523_METAG_IKJKMCAK-anvi_run_hmms.log
    jobid: 99
    reason: Missing output files: 02_CONTIGS/anvi_run_hmms-BGEO_SAMN07136523_METAG_IKJKMCAK.done
    wildcards: group=BGEO_SAMN07136523_METAG_IKJKMCAK
    threads: 4
    resources: tmpdir=/var/folders/rl/61bz6knj1sq7j72mdlqd5p240000gn/T, nodes=4

anvi-run-hmms -c 02_CONTIGS/BGEO_SAMN07136523_METAG_IKJKMCAK-contigs.db -T 4   			  >> 00_LOGS/BGEO_SAMN07136523_METAG_IKJKMCAK-anvi_run_hmms.log 2>&1
Touching output file 02_CONTIGS/anvi_run_hmms-BGEO_SAMN07136523_METAG_IKJKMCAK.done.
[Tue Aug 22 19:59:33 2023]
Finished job 99.
18 of 62 steps (29%) done
Select jobs to execute...

[Tue Aug 22 19:59:33 2023]
rule anvi_run_ncbi_cogs:
    input: 02_CONTIGS/BGEO_SAMN07136523_METAG_IKJKMCAK-contigs.db
    output: 02_CONTIGS/anvi_run_ncbi_cogs-BGEO_SAMN07136523_METAG_IKJKMCAK.done
    log: 00_LOGS/BGEO_SAMN07136523_METAG_IKJKMCAK-anvi_run_ncbi_cogs.log
    jobid: 100
    reason: Missing output files: 02_CONTIGS/anvi_run_ncbi_cogs-BGEO_SAMN07136523_METAG_IKJKMCAK.done; Params have changed since last execution
    wildcards: group=BGEO_SAMN07136523_METAG_IKJKMCAK
    threads: 4
    resources: tmpdir=/var/folders/rl/61bz6knj1sq7j72mdlqd5p240000gn/T, nodes=4

anvi-run-ncbi-cogs -c 02_CONTIGS/BGEO_SAMN07136523_METAG_IKJKMCAK-contigs.db -T 4 --cog-data-dir cog   >> 00_LOGS/BGEO_SAMN07136523_METAG_IKJKMCAK-anvi_run_ncbi_cogs.log 2>&1
Touching output file 02_CONTIGS/anvi_run_ncbi_cogs-BGEO_SAMN07136523_METAG_IKJKMCAK.done.
[Tue Aug 22 20:00:04 2023]
Finished job 100.
19 of 62 steps (31%) done
Select jobs to execute...

[Tue Aug 22 20:00:04 2023]
rule anvi_run_kegg_kofams:
    input: 02_CONTIGS/BGEO_SAMN07136523_METAG_IKJKMCAK-contigs.db
    output: 02_CONTIGS/anvi_run_kegg_kofams-BGEO_SAMN07136523_METAG_IKJKMCAK.done
    log: 00_LOGS/BGEO_SAMN07136523_METAG_IKJKMCAK-anvi_run_kegg_kofams.log
    jobid: 101
    reason: Missing output files: 02_CONTIGS/anvi_run_kegg_kofams-BGEO_SAMN07136523_METAG_IKJKMCAK.done
    wildcards: group=BGEO_SAMN07136523_METAG_IKJKMCAK
    threads: 4
    resources: tmpdir=/var/folders/rl/61bz6knj1sq7j72mdlqd5p240000gn/T, nodes=4

anvi-run-kegg-kofams -c 02_CONTIGS/BGEO_SAMN07136523_METAG_IKJKMCAK-contigs.db     -T 4  >> 00_LOGS/BGEO_SAMN07136523_METAG_IKJKMCAK-anvi_run_kegg_kofams.log 2>&1
Touching output file 02_CONTIGS/anvi_run_kegg_kofams-BGEO_SAMN07136523_METAG_IKJKMCAK.done.
[Tue Aug 22 20:04:14 2023]
Finished job 101.
20 of 62 steps (32%) done
Select jobs to execute...

[Tue Aug 22 20:04:14 2023]
localrule annotate_contigs_database:
    input: 02_CONTIGS/BGEO_SAMN07136523_METAG_IKJKMCAK-contigs.db, 02_CONTIGS/anvi_run_hmms-BGEO_SAMN07136523_METAG_IKJKMCAK.done, 02_CONTIGS/anvi_run_ncbi_cogs-BGEO_SAMN07136523_METAG_IKJKMCAK.done, 02_CONTIGS/anvi_run_kegg_kofams-BGEO_SAMN07136523_METAG_IKJKMCAK.done
    output: 02_CONTIGS/BGEO_SAMN07136523_METAG_IKJKMCAK-annotate_contigs_database.done
    log: 00_LOGS/BGEO_SAMN07136523_METAG_IKJKMCAK-annotate_contigs_database.log
    jobid: 95
    reason: Missing output files: 02_CONTIGS/BGEO_SAMN07136523_METAG_IKJKMCAK-annotate_contigs_database.done; Input files updated by another job: 02_CONTIGS/anvi_run_hmms-BGEO_SAMN07136523_METAG_IKJKMCAK.done, 02_CONTIGS/anvi_run_kegg_kofams-BGEO_SAMN07136523_METAG_IKJKMCAK.done, 02_CONTIGS/anvi_run_ncbi_cogs-BGEO_SAMN07136523_METAG_IKJKMCAK.done
    wildcards: group=BGEO_SAMN07136523_METAG_IKJKMCAK
    resources: tmpdir=/var/folders/rl/61bz6knj1sq7j72mdlqd5p240000gn/T

Touching output file 02_CONTIGS/BGEO_SAMN07136523_METAG_IKJKMCAK-annotate_contigs_database.done.
[Tue Aug 22 20:04:14 2023]
Finished job 95.
21 of 62 steps (34%) done
Select jobs to execute...

[Tue Aug 22 20:04:14 2023]
rule anvi_run_hmms:
    input: 02_CONTIGS/GCA_900299445_1_Richelia_intracellularis_AM_2804_genomic-contigs.db
    output: 02_CONTIGS/anvi_run_hmms-GCA_900299445_1_Richelia_intracellularis_AM_2804_genomic.done
    log: 00_LOGS/GCA_900299445_1_Richelia_intracellularis_AM_2804_genomic-anvi_run_hmms.log
    jobid: 36
    reason: Missing output files: 02_CONTIGS/anvi_run_hmms-GCA_900299445_1_Richelia_intracellularis_AM_2804_genomic.done
    wildcards: group=GCA_900299445_1_Richelia_intracellularis_AM_2804_genomic
    threads: 4
    resources: tmpdir=/var/folders/rl/61bz6knj1sq7j72mdlqd5p240000gn/T, nodes=4

anvi-run-hmms -c 02_CONTIGS/GCA_900299445_1_Richelia_intracellularis_AM_2804_genomic-contigs.db -T 4   			  >> 00_LOGS/GCA_900299445_1_Richelia_intracellularis_AM_2804_genomic-anvi_run_hmms.log 2>&1
Touching output file 02_CONTIGS/anvi_run_hmms-GCA_900299445_1_Richelia_intracellularis_AM_2804_genomic.done.
[Tue Aug 22 20:04:23 2023]
Finished job 36.
22 of 62 steps (35%) done
Select jobs to execute...

[Tue Aug 22 20:04:23 2023]
rule anvi_run_ncbi_cogs:
    input: 02_CONTIGS/GCA_900299445_1_Richelia_intracellularis_AM_2804_genomic-contigs.db
    output: 02_CONTIGS/anvi_run_ncbi_cogs-GCA_900299445_1_Richelia_intracellularis_AM_2804_genomic.done
    log: 00_LOGS/GCA_900299445_1_Richelia_intracellularis_AM_2804_genomic-anvi_run_ncbi_cogs.log
    jobid: 37
    reason: Missing output files: 02_CONTIGS/anvi_run_ncbi_cogs-GCA_900299445_1_Richelia_intracellularis_AM_2804_genomic.done; Params have changed since last execution
    wildcards: group=GCA_900299445_1_Richelia_intracellularis_AM_2804_genomic
    threads: 4
    resources: tmpdir=/var/folders/rl/61bz6knj1sq7j72mdlqd5p240000gn/T, nodes=4

anvi-run-ncbi-cogs -c 02_CONTIGS/GCA_900299445_1_Richelia_intracellularis_AM_2804_genomic-contigs.db -T 4 --cog-data-dir cog   >> 00_LOGS/GCA_900299445_1_Richelia_intracellularis_AM_2804_genomic-anvi_run_ncbi_cogs.log 2>&1
Touching output file 02_CONTIGS/anvi_run_ncbi_cogs-GCA_900299445_1_Richelia_intracellularis_AM_2804_genomic.done.
[Tue Aug 22 20:04:55 2023]
Finished job 37.
23 of 62 steps (37%) done
Select jobs to execute...

[Tue Aug 22 20:04:55 2023]
rule anvi_run_kegg_kofams:
    input: 02_CONTIGS/GCA_900299445_1_Richelia_intracellularis_AM_2804_genomic-contigs.db
    output: 02_CONTIGS/anvi_run_kegg_kofams-GCA_900299445_1_Richelia_intracellularis_AM_2804_genomic.done
    log: 00_LOGS/GCA_900299445_1_Richelia_intracellularis_AM_2804_genomic-anvi_run_kegg_kofams.log
    jobid: 38
    reason: Missing output files: 02_CONTIGS/anvi_run_kegg_kofams-GCA_900299445_1_Richelia_intracellularis_AM_2804_genomic.done
    wildcards: group=GCA_900299445_1_Richelia_intracellularis_AM_2804_genomic
    threads: 4
    resources: tmpdir=/var/folders/rl/61bz6knj1sq7j72mdlqd5p240000gn/T, nodes=4

anvi-run-kegg-kofams -c 02_CONTIGS/GCA_900299445_1_Richelia_intracellularis_AM_2804_genomic-contigs.db     -T 4  >> 00_LOGS/GCA_900299445_1_Richelia_intracellularis_AM_2804_genomic-anvi_run_kegg_kofams.log 2>&1
Touching output file 02_CONTIGS/anvi_run_kegg_kofams-GCA_900299445_1_Richelia_intracellularis_AM_2804_genomic.done.
[Tue Aug 22 20:09:44 2023]
Finished job 38.
24 of 62 steps (39%) done
Select jobs to execute...

[Tue Aug 22 20:09:44 2023]
localrule annotate_contigs_database:
    input: 02_CONTIGS/GCA_900299445_1_Richelia_intracellularis_AM_2804_genomic-contigs.db, 02_CONTIGS/anvi_run_hmms-GCA_900299445_1_Richelia_intracellularis_AM_2804_genomic.done, 02_CONTIGS/anvi_run_ncbi_cogs-GCA_900299445_1_Richelia_intracellularis_AM_2804_genomic.done, 02_CONTIGS/anvi_run_kegg_kofams-GCA_900299445_1_Richelia_intracellularis_AM_2804_genomic.done
    output: 02_CONTIGS/GCA_900299445_1_Richelia_intracellularis_AM_2804_genomic-annotate_contigs_database.done
    log: 00_LOGS/GCA_900299445_1_Richelia_intracellularis_AM_2804_genomic-annotate_contigs_database.log
    jobid: 32
    reason: Missing output files: 02_CONTIGS/GCA_900299445_1_Richelia_intracellularis_AM_2804_genomic-annotate_contigs_database.done; Input files updated by another job: 02_CONTIGS/anvi_run_ncbi_cogs-GCA_900299445_1_Richelia_intracellularis_AM_2804_genomic.done, 02_CONTIGS/anvi_run_kegg_kofams-GCA_900299445_1_Richelia_intracellularis_AM_2804_genomic.done, 02_CONTIGS/anvi_run_hmms-GCA_900299445_1_Richelia_intracellularis_AM_2804_genomic.done
    wildcards: group=GCA_900299445_1_Richelia_intracellularis_AM_2804_genomic
    resources: tmpdir=/var/folders/rl/61bz6knj1sq7j72mdlqd5p240000gn/T

Touching output file 02_CONTIGS/GCA_900299445_1_Richelia_intracellularis_AM_2804_genomic-annotate_contigs_database.done.
[Tue Aug 22 20:09:44 2023]
Finished job 32.
25 of 62 steps (40%) done
Select jobs to execute...

[Tue Aug 22 20:09:44 2023]
rule anvi_run_hmms:
    input: 02_CONTIGS/TARA_PON_109_MAG_00086-contigs.db
    output: 02_CONTIGS/anvi_run_hmms-TARA_PON_109_MAG_00086.done
    log: 00_LOGS/TARA_PON_109_MAG_00086-anvi_run_hmms.log
    jobid: 71
    reason: Missing output files: 02_CONTIGS/anvi_run_hmms-TARA_PON_109_MAG_00086.done
    wildcards: group=TARA_PON_109_MAG_00086
    threads: 4
    resources: tmpdir=/var/folders/rl/61bz6knj1sq7j72mdlqd5p240000gn/T, nodes=4

anvi-run-hmms -c 02_CONTIGS/TARA_PON_109_MAG_00086-contigs.db -T 4   			  >> 00_LOGS/TARA_PON_109_MAG_00086-anvi_run_hmms.log 2>&1
Touching output file 02_CONTIGS/anvi_run_hmms-TARA_PON_109_MAG_00086.done.
[Tue Aug 22 20:09:53 2023]
Finished job 71.
26 of 62 steps (42%) done
Select jobs to execute...

[Tue Aug 22 20:09:53 2023]
rule anvi_run_ncbi_cogs:
    input: 02_CONTIGS/TARA_PON_109_MAG_00086-contigs.db
    output: 02_CONTIGS/anvi_run_ncbi_cogs-TARA_PON_109_MAG_00086.done
    log: 00_LOGS/TARA_PON_109_MAG_00086-anvi_run_ncbi_cogs.log
    jobid: 72
    reason: Missing output files: 02_CONTIGS/anvi_run_ncbi_cogs-TARA_PON_109_MAG_00086.done; Params have changed since last execution
    wildcards: group=TARA_PON_109_MAG_00086
    threads: 4
    resources: tmpdir=/var/folders/rl/61bz6knj1sq7j72mdlqd5p240000gn/T, nodes=4

anvi-run-ncbi-cogs -c 02_CONTIGS/TARA_PON_109_MAG_00086-contigs.db -T 4 --cog-data-dir cog   >> 00_LOGS/TARA_PON_109_MAG_00086-anvi_run_ncbi_cogs.log 2>&1
Touching output file 02_CONTIGS/anvi_run_ncbi_cogs-TARA_PON_109_MAG_00086.done.
[Tue Aug 22 20:10:27 2023]
Finished job 72.
27 of 62 steps (44%) done
Select jobs to execute...

[Tue Aug 22 20:10:27 2023]
rule anvi_run_kegg_kofams:
    input: 02_CONTIGS/TARA_PON_109_MAG_00086-contigs.db
    output: 02_CONTIGS/anvi_run_kegg_kofams-TARA_PON_109_MAG_00086.done
    log: 00_LOGS/TARA_PON_109_MAG_00086-anvi_run_kegg_kofams.log
    jobid: 73
    reason: Missing output files: 02_CONTIGS/anvi_run_kegg_kofams-TARA_PON_109_MAG_00086.done
    wildcards: group=TARA_PON_109_MAG_00086
    threads: 4
    resources: tmpdir=/var/folders/rl/61bz6knj1sq7j72mdlqd5p240000gn/T, nodes=4

anvi-run-kegg-kofams -c 02_CONTIGS/TARA_PON_109_MAG_00086-contigs.db     -T 4  >> 00_LOGS/TARA_PON_109_MAG_00086-anvi_run_kegg_kofams.log 2>&1
Touching output file 02_CONTIGS/anvi_run_kegg_kofams-TARA_PON_109_MAG_00086.done.
[Tue Aug 22 20:14:52 2023]
Finished job 73.
28 of 62 steps (45%) done
Select jobs to execute...

[Tue Aug 22 20:14:52 2023]
localrule annotate_contigs_database:
    input: 02_CONTIGS/TARA_PON_109_MAG_00086-contigs.db, 02_CONTIGS/anvi_run_hmms-TARA_PON_109_MAG_00086.done, 02_CONTIGS/anvi_run_ncbi_cogs-TARA_PON_109_MAG_00086.done, 02_CONTIGS/anvi_run_kegg_kofams-TARA_PON_109_MAG_00086.done
    output: 02_CONTIGS/TARA_PON_109_MAG_00086-annotate_contigs_database.done
    log: 00_LOGS/TARA_PON_109_MAG_00086-annotate_contigs_database.log
    jobid: 67
    reason: Missing output files: 02_CONTIGS/TARA_PON_109_MAG_00086-annotate_contigs_database.done; Input files updated by another job: 02_CONTIGS/anvi_run_ncbi_cogs-TARA_PON_109_MAG_00086.done, 02_CONTIGS/anvi_run_hmms-TARA_PON_109_MAG_00086.done, 02_CONTIGS/anvi_run_kegg_kofams-TARA_PON_109_MAG_00086.done
    wildcards: group=TARA_PON_109_MAG_00086
    resources: tmpdir=/var/folders/rl/61bz6knj1sq7j72mdlqd5p240000gn/T

Touching output file 02_CONTIGS/TARA_PON_109_MAG_00086-annotate_contigs_database.done.
[Tue Aug 22 20:14:52 2023]
Finished job 67.
29 of 62 steps (47%) done
Select jobs to execute...

[Tue Aug 22 20:14:52 2023]
rule anvi_run_hmms:
    input: 02_CONTIGS/GCA_002470035_1_ASM247003v1_genomic-contigs.db
    output: 02_CONTIGS/anvi_run_hmms-GCA_002470035_1_ASM247003v1_genomic.done
    log: 00_LOGS/GCA_002470035_1_ASM247003v1_genomic-anvi_run_hmms.log
    jobid: 22
    reason: Missing output files: 02_CONTIGS/anvi_run_hmms-GCA_002470035_1_ASM247003v1_genomic.done
    wildcards: group=GCA_002470035_1_ASM247003v1_genomic
    threads: 4
    resources: tmpdir=/var/folders/rl/61bz6knj1sq7j72mdlqd5p240000gn/T, nodes=4

anvi-run-hmms -c 02_CONTIGS/GCA_002470035_1_ASM247003v1_genomic-contigs.db -T 4   			  >> 00_LOGS/GCA_002470035_1_ASM247003v1_genomic-anvi_run_hmms.log 2>&1
Touching output file 02_CONTIGS/anvi_run_hmms-GCA_002470035_1_ASM247003v1_genomic.done.
[Tue Aug 22 20:15:00 2023]
Finished job 22.
30 of 62 steps (48%) done
Select jobs to execute...

[Tue Aug 22 20:15:00 2023]
rule anvi_run_ncbi_cogs:
    input: 02_CONTIGS/GCA_002470035_1_ASM247003v1_genomic-contigs.db
    output: 02_CONTIGS/anvi_run_ncbi_cogs-GCA_002470035_1_ASM247003v1_genomic.done
    log: 00_LOGS/GCA_002470035_1_ASM247003v1_genomic-anvi_run_ncbi_cogs.log
    jobid: 23
    reason: Missing output files: 02_CONTIGS/anvi_run_ncbi_cogs-GCA_002470035_1_ASM247003v1_genomic.done; Params have changed since last execution
    wildcards: group=GCA_002470035_1_ASM247003v1_genomic
    threads: 4
    resources: tmpdir=/var/folders/rl/61bz6knj1sq7j72mdlqd5p240000gn/T, nodes=4

anvi-run-ncbi-cogs -c 02_CONTIGS/GCA_002470035_1_ASM247003v1_genomic-contigs.db -T 4 --cog-data-dir cog   >> 00_LOGS/GCA_002470035_1_ASM247003v1_genomic-anvi_run_ncbi_cogs.log 2>&1
Touching output file 02_CONTIGS/anvi_run_ncbi_cogs-GCA_002470035_1_ASM247003v1_genomic.done.
[Tue Aug 22 20:15:31 2023]
Finished job 23.
31 of 62 steps (50%) done
Select jobs to execute...

[Tue Aug 22 20:15:31 2023]
rule anvi_run_kegg_kofams:
    input: 02_CONTIGS/GCA_002470035_1_ASM247003v1_genomic-contigs.db
    output: 02_CONTIGS/anvi_run_kegg_kofams-GCA_002470035_1_ASM247003v1_genomic.done
    log: 00_LOGS/GCA_002470035_1_ASM247003v1_genomic-anvi_run_kegg_kofams.log
    jobid: 24
    reason: Missing output files: 02_CONTIGS/anvi_run_kegg_kofams-GCA_002470035_1_ASM247003v1_genomic.done
    wildcards: group=GCA_002470035_1_ASM247003v1_genomic
    threads: 4
    resources: tmpdir=/var/folders/rl/61bz6knj1sq7j72mdlqd5p240000gn/T, nodes=4

anvi-run-kegg-kofams -c 02_CONTIGS/GCA_002470035_1_ASM247003v1_genomic-contigs.db     -T 4  >> 00_LOGS/GCA_002470035_1_ASM247003v1_genomic-anvi_run_kegg_kofams.log 2>&1
Touching output file 02_CONTIGS/anvi_run_kegg_kofams-GCA_002470035_1_ASM247003v1_genomic.done.
[Tue Aug 22 20:19:55 2023]
Finished job 24.
32 of 62 steps (52%) done
Select jobs to execute...

[Tue Aug 22 20:19:55 2023]
localrule annotate_contigs_database:
    input: 02_CONTIGS/GCA_002470035_1_ASM247003v1_genomic-contigs.db, 02_CONTIGS/anvi_run_hmms-GCA_002470035_1_ASM247003v1_genomic.done, 02_CONTIGS/anvi_run_ncbi_cogs-GCA_002470035_1_ASM247003v1_genomic.done, 02_CONTIGS/anvi_run_kegg_kofams-GCA_002470035_1_ASM247003v1_genomic.done
    output: 02_CONTIGS/GCA_002470035_1_ASM247003v1_genomic-annotate_contigs_database.done
    log: 00_LOGS/GCA_002470035_1_ASM247003v1_genomic-annotate_contigs_database.log
    jobid: 18
    reason: Missing output files: 02_CONTIGS/GCA_002470035_1_ASM247003v1_genomic-annotate_contigs_database.done; Input files updated by another job: 02_CONTIGS/anvi_run_ncbi_cogs-GCA_002470035_1_ASM247003v1_genomic.done, 02_CONTIGS/anvi_run_hmms-GCA_002470035_1_ASM247003v1_genomic.done, 02_CONTIGS/anvi_run_kegg_kofams-GCA_002470035_1_ASM247003v1_genomic.done
    wildcards: group=GCA_002470035_1_ASM247003v1_genomic
    resources: tmpdir=/var/folders/rl/61bz6knj1sq7j72mdlqd5p240000gn/T

Touching output file 02_CONTIGS/GCA_002470035_1_ASM247003v1_genomic-annotate_contigs_database.done.
[Tue Aug 22 20:19:55 2023]
Finished job 18.
33 of 62 steps (53%) done
Select jobs to execute...

[Tue Aug 22 20:19:55 2023]
rule anvi_run_hmms:
    input: 02_CONTIGS/TARA_MED_95_MAG_00146-contigs.db
    output: 02_CONTIGS/anvi_run_hmms-TARA_MED_95_MAG_00146.done
    log: 00_LOGS/TARA_MED_95_MAG_00146-anvi_run_hmms.log
    jobid: 64
    reason: Missing output files: 02_CONTIGS/anvi_run_hmms-TARA_MED_95_MAG_00146.done
    wildcards: group=TARA_MED_95_MAG_00146
    threads: 4
    resources: tmpdir=/var/folders/rl/61bz6knj1sq7j72mdlqd5p240000gn/T, nodes=4

anvi-run-hmms -c 02_CONTIGS/TARA_MED_95_MAG_00146-contigs.db -T 4   			  >> 00_LOGS/TARA_MED_95_MAG_00146-anvi_run_hmms.log 2>&1
Touching output file 02_CONTIGS/anvi_run_hmms-TARA_MED_95_MAG_00146.done.
[Tue Aug 22 20:20:04 2023]
Finished job 64.
34 of 62 steps (55%) done
Select jobs to execute...

[Tue Aug 22 20:20:04 2023]
rule anvi_run_ncbi_cogs:
    input: 02_CONTIGS/TARA_MED_95_MAG_00146-contigs.db
    output: 02_CONTIGS/anvi_run_ncbi_cogs-TARA_MED_95_MAG_00146.done
    log: 00_LOGS/TARA_MED_95_MAG_00146-anvi_run_ncbi_cogs.log
    jobid: 65
    reason: Missing output files: 02_CONTIGS/anvi_run_ncbi_cogs-TARA_MED_95_MAG_00146.done; Params have changed since last execution
    wildcards: group=TARA_MED_95_MAG_00146
    threads: 4
    resources: tmpdir=/var/folders/rl/61bz6knj1sq7j72mdlqd5p240000gn/T, nodes=4

anvi-run-ncbi-cogs -c 02_CONTIGS/TARA_MED_95_MAG_00146-contigs.db -T 4 --cog-data-dir cog   >> 00_LOGS/TARA_MED_95_MAG_00146-anvi_run_ncbi_cogs.log 2>&1
Touching output file 02_CONTIGS/anvi_run_ncbi_cogs-TARA_MED_95_MAG_00146.done.
[Tue Aug 22 20:20:38 2023]
Finished job 65.
35 of 62 steps (56%) done
Select jobs to execute...

[Tue Aug 22 20:20:38 2023]
rule anvi_run_kegg_kofams:
    input: 02_CONTIGS/TARA_MED_95_MAG_00146-contigs.db
    output: 02_CONTIGS/anvi_run_kegg_kofams-TARA_MED_95_MAG_00146.done
    log: 00_LOGS/TARA_MED_95_MAG_00146-anvi_run_kegg_kofams.log
    jobid: 66
    reason: Missing output files: 02_CONTIGS/anvi_run_kegg_kofams-TARA_MED_95_MAG_00146.done
    wildcards: group=TARA_MED_95_MAG_00146
    threads: 4
    resources: tmpdir=/var/folders/rl/61bz6knj1sq7j72mdlqd5p240000gn/T, nodes=4

anvi-run-kegg-kofams -c 02_CONTIGS/TARA_MED_95_MAG_00146-contigs.db     -T 4  >> 00_LOGS/TARA_MED_95_MAG_00146-anvi_run_kegg_kofams.log 2>&1
Touching output file 02_CONTIGS/anvi_run_kegg_kofams-TARA_MED_95_MAG_00146.done.
[Tue Aug 22 20:25:03 2023]
Finished job 66.
36 of 62 steps (58%) done
Select jobs to execute...

[Tue Aug 22 20:25:03 2023]
localrule annotate_contigs_database:
    input: 02_CONTIGS/TARA_MED_95_MAG_00146-contigs.db, 02_CONTIGS/anvi_run_hmms-TARA_MED_95_MAG_00146.done, 02_CONTIGS/anvi_run_ncbi_cogs-TARA_MED_95_MAG_00146.done, 02_CONTIGS/anvi_run_kegg_kofams-TARA_MED_95_MAG_00146.done
    output: 02_CONTIGS/TARA_MED_95_MAG_00146-annotate_contigs_database.done
    log: 00_LOGS/TARA_MED_95_MAG_00146-annotate_contigs_database.log
    jobid: 60
    reason: Missing output files: 02_CONTIGS/TARA_MED_95_MAG_00146-annotate_contigs_database.done; Input files updated by another job: 02_CONTIGS/anvi_run_hmms-TARA_MED_95_MAG_00146.done, 02_CONTIGS/anvi_run_kegg_kofams-TARA_MED_95_MAG_00146.done, 02_CONTIGS/anvi_run_ncbi_cogs-TARA_MED_95_MAG_00146.done
    wildcards: group=TARA_MED_95_MAG_00146
    resources: tmpdir=/var/folders/rl/61bz6knj1sq7j72mdlqd5p240000gn/T

Touching output file 02_CONTIGS/TARA_MED_95_MAG_00146-annotate_contigs_database.done.
[Tue Aug 22 20:25:03 2023]
Finished job 60.
37 of 62 steps (60%) done
Select jobs to execute...

[Tue Aug 22 20:25:03 2023]
rule anvi_run_hmms:
    input: 02_CONTIGS/GCA_000350105_1_ASM35010v1_genomic-contigs.db
    output: 02_CONTIGS/anvi_run_hmms-GCA_000350105_1_ASM35010v1_genomic.done
    log: 00_LOGS/GCA_000350105_1_ASM35010v1_genomic-anvi_run_hmms.log
    jobid: 43
    reason: Missing output files: 02_CONTIGS/anvi_run_hmms-GCA_000350105_1_ASM35010v1_genomic.done
    wildcards: group=GCA_000350105_1_ASM35010v1_genomic
    threads: 4
    resources: tmpdir=/var/folders/rl/61bz6knj1sq7j72mdlqd5p240000gn/T, nodes=4

anvi-run-hmms -c 02_CONTIGS/GCA_000350105_1_ASM35010v1_genomic-contigs.db -T 4   			  >> 00_LOGS/GCA_000350105_1_ASM35010v1_genomic-anvi_run_hmms.log 2>&1
Touching output file 02_CONTIGS/anvi_run_hmms-GCA_000350105_1_ASM35010v1_genomic.done.
[Tue Aug 22 20:25:12 2023]
Finished job 43.
38 of 62 steps (61%) done
Select jobs to execute...

[Tue Aug 22 20:25:12 2023]
rule anvi_run_kegg_kofams:
    input: 02_CONTIGS/GCA_000350105_1_ASM35010v1_genomic-contigs.db
    output: 02_CONTIGS/anvi_run_kegg_kofams-GCA_000350105_1_ASM35010v1_genomic.done
    log: 00_LOGS/GCA_000350105_1_ASM35010v1_genomic-anvi_run_kegg_kofams.log
    jobid: 45
    reason: Missing output files: 02_CONTIGS/anvi_run_kegg_kofams-GCA_000350105_1_ASM35010v1_genomic.done
    wildcards: group=GCA_000350105_1_ASM35010v1_genomic
    threads: 4
    resources: tmpdir=/var/folders/rl/61bz6knj1sq7j72mdlqd5p240000gn/T, nodes=4

anvi-run-kegg-kofams -c 02_CONTIGS/GCA_000350105_1_ASM35010v1_genomic-contigs.db     -T 4  >> 00_LOGS/GCA_000350105_1_ASM35010v1_genomic-anvi_run_kegg_kofams.log 2>&1
Touching output file 02_CONTIGS/anvi_run_kegg_kofams-GCA_000350105_1_ASM35010v1_genomic.done.
[Tue Aug 22 20:29:31 2023]
Finished job 45.
39 of 62 steps (63%) done
Select jobs to execute...

[Tue Aug 22 20:29:31 2023]
rule anvi_run_ncbi_cogs:
    input: 02_CONTIGS/GCA_000350105_1_ASM35010v1_genomic-contigs.db
    output: 02_CONTIGS/anvi_run_ncbi_cogs-GCA_000350105_1_ASM35010v1_genomic.done
    log: 00_LOGS/GCA_000350105_1_ASM35010v1_genomic-anvi_run_ncbi_cogs.log
    jobid: 44
    reason: Missing output files: 02_CONTIGS/anvi_run_ncbi_cogs-GCA_000350105_1_ASM35010v1_genomic.done; Params have changed since last execution
    wildcards: group=GCA_000350105_1_ASM35010v1_genomic
    threads: 4
    resources: tmpdir=/var/folders/rl/61bz6knj1sq7j72mdlqd5p240000gn/T, nodes=4

anvi-run-ncbi-cogs -c 02_CONTIGS/GCA_000350105_1_ASM35010v1_genomic-contigs.db -T 4 --cog-data-dir cog   >> 00_LOGS/GCA_000350105_1_ASM35010v1_genomic-anvi_run_ncbi_cogs.log 2>&1
Touching output file 02_CONTIGS/anvi_run_ncbi_cogs-GCA_000350105_1_ASM35010v1_genomic.done.
[Tue Aug 22 20:30:04 2023]
Finished job 44.
40 of 62 steps (65%) done
Select jobs to execute...

[Tue Aug 22 20:30:04 2023]
localrule annotate_contigs_database:
    input: 02_CONTIGS/GCA_000350105_1_ASM35010v1_genomic-contigs.db, 02_CONTIGS/anvi_run_hmms-GCA_000350105_1_ASM35010v1_genomic.done, 02_CONTIGS/anvi_run_ncbi_cogs-GCA_000350105_1_ASM35010v1_genomic.done, 02_CONTIGS/anvi_run_kegg_kofams-GCA_000350105_1_ASM35010v1_genomic.done
    output: 02_CONTIGS/GCA_000350105_1_ASM35010v1_genomic-annotate_contigs_database.done
    log: 00_LOGS/GCA_000350105_1_ASM35010v1_genomic-annotate_contigs_database.log
    jobid: 39
    reason: Missing output files: 02_CONTIGS/GCA_000350105_1_ASM35010v1_genomic-annotate_contigs_database.done; Input files updated by another job: 02_CONTIGS/anvi_run_kegg_kofams-GCA_000350105_1_ASM35010v1_genomic.done, 02_CONTIGS/anvi_run_ncbi_cogs-GCA_000350105_1_ASM35010v1_genomic.done, 02_CONTIGS/anvi_run_hmms-GCA_000350105_1_ASM35010v1_genomic.done
    wildcards: group=GCA_000350105_1_ASM35010v1_genomic
    resources: tmpdir=/var/folders/rl/61bz6knj1sq7j72mdlqd5p240000gn/T

Touching output file 02_CONTIGS/GCA_000350105_1_ASM35010v1_genomic-annotate_contigs_database.done.
[Tue Aug 22 20:30:04 2023]
Finished job 39.
41 of 62 steps (66%) done
Select jobs to execute...

[Tue Aug 22 20:30:04 2023]
rule anvi_run_hmms:
    input: 02_CONTIGS/MARD_SAMEA2272692_REFG_MMP2272692-contigs.db
    output: 02_CONTIGS/anvi_run_hmms-MARD_SAMEA2272692_REFG_MMP2272692.done
    log: 00_LOGS/MARD_SAMEA2272692_REFG_MMP2272692-anvi_run_hmms.log
    jobid: 85
    reason: Missing output files: 02_CONTIGS/anvi_run_hmms-MARD_SAMEA2272692_REFG_MMP2272692.done
    wildcards: group=MARD_SAMEA2272692_REFG_MMP2272692
    threads: 4
    resources: tmpdir=/var/folders/rl/61bz6knj1sq7j72mdlqd5p240000gn/T, nodes=4

anvi-run-hmms -c 02_CONTIGS/MARD_SAMEA2272692_REFG_MMP2272692-contigs.db -T 4   			  >> 00_LOGS/MARD_SAMEA2272692_REFG_MMP2272692-anvi_run_hmms.log 2>&1
Touching output file 02_CONTIGS/anvi_run_hmms-MARD_SAMEA2272692_REFG_MMP2272692.done.
[Tue Aug 22 20:30:13 2023]
Finished job 85.
42 of 62 steps (68%) done
Select jobs to execute...

[Tue Aug 22 20:30:13 2023]
rule anvi_run_kegg_kofams:
    input: 02_CONTIGS/MARD_SAMEA2272692_REFG_MMP2272692-contigs.db
    output: 02_CONTIGS/anvi_run_kegg_kofams-MARD_SAMEA2272692_REFG_MMP2272692.done
    log: 00_LOGS/MARD_SAMEA2272692_REFG_MMP2272692-anvi_run_kegg_kofams.log
    jobid: 87
    reason: Missing output files: 02_CONTIGS/anvi_run_kegg_kofams-MARD_SAMEA2272692_REFG_MMP2272692.done
    wildcards: group=MARD_SAMEA2272692_REFG_MMP2272692
    threads: 4
    resources: tmpdir=/var/folders/rl/61bz6knj1sq7j72mdlqd5p240000gn/T, nodes=4

anvi-run-kegg-kofams -c 02_CONTIGS/MARD_SAMEA2272692_REFG_MMP2272692-contigs.db     -T 4  >> 00_LOGS/MARD_SAMEA2272692_REFG_MMP2272692-anvi_run_kegg_kofams.log 2>&1
Touching output file 02_CONTIGS/anvi_run_kegg_kofams-MARD_SAMEA2272692_REFG_MMP2272692.done.
[Tue Aug 22 20:34:37 2023]
Finished job 87.
43 of 62 steps (69%) done
Select jobs to execute...

[Tue Aug 22 20:34:37 2023]
rule anvi_run_ncbi_cogs:
    input: 02_CONTIGS/MARD_SAMEA2272692_REFG_MMP2272692-contigs.db
    output: 02_CONTIGS/anvi_run_ncbi_cogs-MARD_SAMEA2272692_REFG_MMP2272692.done
    log: 00_LOGS/MARD_SAMEA2272692_REFG_MMP2272692-anvi_run_ncbi_cogs.log
    jobid: 86
    reason: Missing output files: 02_CONTIGS/anvi_run_ncbi_cogs-MARD_SAMEA2272692_REFG_MMP2272692.done; Params have changed since last execution
    wildcards: group=MARD_SAMEA2272692_REFG_MMP2272692
    threads: 4
    resources: tmpdir=/var/folders/rl/61bz6knj1sq7j72mdlqd5p240000gn/T, nodes=4

anvi-run-ncbi-cogs -c 02_CONTIGS/MARD_SAMEA2272692_REFG_MMP2272692-contigs.db -T 4 --cog-data-dir cog   >> 00_LOGS/MARD_SAMEA2272692_REFG_MMP2272692-anvi_run_ncbi_cogs.log 2>&1
Touching output file 02_CONTIGS/anvi_run_ncbi_cogs-MARD_SAMEA2272692_REFG_MMP2272692.done.
[Tue Aug 22 20:35:09 2023]
Finished job 86.
44 of 62 steps (71%) done
Select jobs to execute...

[Tue Aug 22 20:35:09 2023]
localrule annotate_contigs_database:
    input: 02_CONTIGS/MARD_SAMEA2272692_REFG_MMP2272692-contigs.db, 02_CONTIGS/anvi_run_hmms-MARD_SAMEA2272692_REFG_MMP2272692.done, 02_CONTIGS/anvi_run_ncbi_cogs-MARD_SAMEA2272692_REFG_MMP2272692.done, 02_CONTIGS/anvi_run_kegg_kofams-MARD_SAMEA2272692_REFG_MMP2272692.done
    output: 02_CONTIGS/MARD_SAMEA2272692_REFG_MMP2272692-annotate_contigs_database.done
    log: 00_LOGS/MARD_SAMEA2272692_REFG_MMP2272692-annotate_contigs_database.log
    jobid: 81
    reason: Missing output files: 02_CONTIGS/MARD_SAMEA2272692_REFG_MMP2272692-annotate_contigs_database.done; Input files updated by another job: 02_CONTIGS/anvi_run_hmms-MARD_SAMEA2272692_REFG_MMP2272692.done, 02_CONTIGS/anvi_run_kegg_kofams-MARD_SAMEA2272692_REFG_MMP2272692.done, 02_CONTIGS/anvi_run_ncbi_cogs-MARD_SAMEA2272692_REFG_MMP2272692.done
    wildcards: group=MARD_SAMEA2272692_REFG_MMP2272692
    resources: tmpdir=/var/folders/rl/61bz6knj1sq7j72mdlqd5p240000gn/T

Touching output file 02_CONTIGS/MARD_SAMEA2272692_REFG_MMP2272692-annotate_contigs_database.done.
[Tue Aug 22 20:35:09 2023]
Finished job 81.
45 of 62 steps (73%) done
Select jobs to execute...

[Tue Aug 22 20:35:09 2023]
rule anvi_run_hmms:
    input: 02_CONTIGS/GCA_002377925_1_ASM237792v1_genomic-contigs.db
    output: 02_CONTIGS/anvi_run_hmms-GCA_002377925_1_ASM237792v1_genomic.done
    log: 00_LOGS/GCA_002377925_1_ASM237792v1_genomic-anvi_run_hmms.log
    jobid: 15
    reason: Missing output files: 02_CONTIGS/anvi_run_hmms-GCA_002377925_1_ASM237792v1_genomic.done
    wildcards: group=GCA_002377925_1_ASM237792v1_genomic
    threads: 4
    resources: tmpdir=/var/folders/rl/61bz6knj1sq7j72mdlqd5p240000gn/T, nodes=4

anvi-run-hmms -c 02_CONTIGS/GCA_002377925_1_ASM237792v1_genomic-contigs.db -T 4   			  >> 00_LOGS/GCA_002377925_1_ASM237792v1_genomic-anvi_run_hmms.log 2>&1
Touching output file 02_CONTIGS/anvi_run_hmms-GCA_002377925_1_ASM237792v1_genomic.done.
[Tue Aug 22 20:35:17 2023]
Finished job 15.
46 of 62 steps (74%) done
Select jobs to execute...

[Tue Aug 22 20:35:17 2023]
rule anvi_run_kegg_kofams:
    input: 02_CONTIGS/GCA_002377925_1_ASM237792v1_genomic-contigs.db
    output: 02_CONTIGS/anvi_run_kegg_kofams-GCA_002377925_1_ASM237792v1_genomic.done
    log: 00_LOGS/GCA_002377925_1_ASM237792v1_genomic-anvi_run_kegg_kofams.log
    jobid: 17
    reason: Missing output files: 02_CONTIGS/anvi_run_kegg_kofams-GCA_002377925_1_ASM237792v1_genomic.done
    wildcards: group=GCA_002377925_1_ASM237792v1_genomic
    threads: 4
    resources: tmpdir=/var/folders/rl/61bz6knj1sq7j72mdlqd5p240000gn/T, nodes=4

anvi-run-kegg-kofams -c 02_CONTIGS/GCA_002377925_1_ASM237792v1_genomic-contigs.db     -T 4  >> 00_LOGS/GCA_002377925_1_ASM237792v1_genomic-anvi_run_kegg_kofams.log 2>&1
Touching output file 02_CONTIGS/anvi_run_kegg_kofams-GCA_002377925_1_ASM237792v1_genomic.done.
[Tue Aug 22 20:39:56 2023]
Finished job 17.
47 of 62 steps (76%) done
Select jobs to execute...

[Tue Aug 22 20:39:56 2023]
rule anvi_run_ncbi_cogs:
    input: 02_CONTIGS/GCA_002377925_1_ASM237792v1_genomic-contigs.db
    output: 02_CONTIGS/anvi_run_ncbi_cogs-GCA_002377925_1_ASM237792v1_genomic.done
    log: 00_LOGS/GCA_002377925_1_ASM237792v1_genomic-anvi_run_ncbi_cogs.log
    jobid: 16
    reason: Missing output files: 02_CONTIGS/anvi_run_ncbi_cogs-GCA_002377925_1_ASM237792v1_genomic.done; Params have changed since last execution
    wildcards: group=GCA_002377925_1_ASM237792v1_genomic
    threads: 4
    resources: tmpdir=/var/folders/rl/61bz6knj1sq7j72mdlqd5p240000gn/T, nodes=4

anvi-run-ncbi-cogs -c 02_CONTIGS/GCA_002377925_1_ASM237792v1_genomic-contigs.db -T 4 --cog-data-dir cog   >> 00_LOGS/GCA_002377925_1_ASM237792v1_genomic-anvi_run_ncbi_cogs.log 2>&1
Touching output file 02_CONTIGS/anvi_run_ncbi_cogs-GCA_002377925_1_ASM237792v1_genomic.done.
[Tue Aug 22 20:40:33 2023]
Finished job 16.
48 of 62 steps (77%) done
Select jobs to execute...

[Tue Aug 22 20:40:33 2023]
localrule annotate_contigs_database:
    input: 02_CONTIGS/GCA_002377925_1_ASM237792v1_genomic-contigs.db, 02_CONTIGS/anvi_run_hmms-GCA_002377925_1_ASM237792v1_genomic.done, 02_CONTIGS/anvi_run_ncbi_cogs-GCA_002377925_1_ASM237792v1_genomic.done, 02_CONTIGS/anvi_run_kegg_kofams-GCA_002377925_1_ASM237792v1_genomic.done
    output: 02_CONTIGS/GCA_002377925_1_ASM237792v1_genomic-annotate_contigs_database.done
    log: 00_LOGS/GCA_002377925_1_ASM237792v1_genomic-annotate_contigs_database.log
    jobid: 11
    reason: Missing output files: 02_CONTIGS/GCA_002377925_1_ASM237792v1_genomic-annotate_contigs_database.done; Input files updated by another job: 02_CONTIGS/anvi_run_hmms-GCA_002377925_1_ASM237792v1_genomic.done, 02_CONTIGS/anvi_run_kegg_kofams-GCA_002377925_1_ASM237792v1_genomic.done, 02_CONTIGS/anvi_run_ncbi_cogs-GCA_002377925_1_ASM237792v1_genomic.done
    wildcards: group=GCA_002377925_1_ASM237792v1_genomic
    resources: tmpdir=/var/folders/rl/61bz6knj1sq7j72mdlqd5p240000gn/T

Touching output file 02_CONTIGS/GCA_002377925_1_ASM237792v1_genomic-annotate_contigs_database.done.
[Tue Aug 22 20:40:33 2023]
Finished job 11.
49 of 62 steps (79%) done
Select jobs to execute...

[Tue Aug 22 20:40:33 2023]
rule anvi_run_hmms:
    input: 02_CONTIGS/GCA_000350125_1_ASM35012v1_genomic-contigs.db
    output: 02_CONTIGS/anvi_run_hmms-GCA_000350125_1_ASM35012v1_genomic.done
    log: 00_LOGS/GCA_000350125_1_ASM35012v1_genomic-anvi_run_hmms.log
    jobid: 50
    reason: Missing output files: 02_CONTIGS/anvi_run_hmms-GCA_000350125_1_ASM35012v1_genomic.done
    wildcards: group=GCA_000350125_1_ASM35012v1_genomic
    threads: 4
    resources: tmpdir=/var/folders/rl/61bz6knj1sq7j72mdlqd5p240000gn/T, nodes=4

anvi-run-hmms -c 02_CONTIGS/GCA_000350125_1_ASM35012v1_genomic-contigs.db -T 4   			  >> 00_LOGS/GCA_000350125_1_ASM35012v1_genomic-anvi_run_hmms.log 2>&1
Touching output file 02_CONTIGS/anvi_run_hmms-GCA_000350125_1_ASM35012v1_genomic.done.
[Tue Aug 22 20:40:41 2023]
Finished job 50.
50 of 62 steps (81%) done
Select jobs to execute...

[Tue Aug 22 20:40:41 2023]
rule anvi_run_kegg_kofams:
    input: 02_CONTIGS/GCA_000350125_1_ASM35012v1_genomic-contigs.db
    output: 02_CONTIGS/anvi_run_kegg_kofams-GCA_000350125_1_ASM35012v1_genomic.done
    log: 00_LOGS/GCA_000350125_1_ASM35012v1_genomic-anvi_run_kegg_kofams.log
    jobid: 52
    reason: Missing output files: 02_CONTIGS/anvi_run_kegg_kofams-GCA_000350125_1_ASM35012v1_genomic.done
    wildcards: group=GCA_000350125_1_ASM35012v1_genomic
    threads: 4
    resources: tmpdir=/var/folders/rl/61bz6knj1sq7j72mdlqd5p240000gn/T, nodes=4

anvi-run-kegg-kofams -c 02_CONTIGS/GCA_000350125_1_ASM35012v1_genomic-contigs.db     -T 4  >> 00_LOGS/GCA_000350125_1_ASM35012v1_genomic-anvi_run_kegg_kofams.log 2>&1
Touching output file 02_CONTIGS/anvi_run_kegg_kofams-GCA_000350125_1_ASM35012v1_genomic.done.
[Tue Aug 22 20:43:46 2023]
Finished job 52.
51 of 62 steps (82%) done
Select jobs to execute...

[Tue Aug 22 20:43:46 2023]
rule anvi_run_ncbi_cogs:
    input: 02_CONTIGS/GCA_000350125_1_ASM35012v1_genomic-contigs.db
    output: 02_CONTIGS/anvi_run_ncbi_cogs-GCA_000350125_1_ASM35012v1_genomic.done
    log: 00_LOGS/GCA_000350125_1_ASM35012v1_genomic-anvi_run_ncbi_cogs.log
    jobid: 51
    reason: Missing output files: 02_CONTIGS/anvi_run_ncbi_cogs-GCA_000350125_1_ASM35012v1_genomic.done; Params have changed since last execution
    wildcards: group=GCA_000350125_1_ASM35012v1_genomic
    threads: 4
    resources: tmpdir=/var/folders/rl/61bz6knj1sq7j72mdlqd5p240000gn/T, nodes=4

anvi-run-ncbi-cogs -c 02_CONTIGS/GCA_000350125_1_ASM35012v1_genomic-contigs.db -T 4 --cog-data-dir cog   >> 00_LOGS/GCA_000350125_1_ASM35012v1_genomic-anvi_run_ncbi_cogs.log 2>&1
Touching output file 02_CONTIGS/anvi_run_ncbi_cogs-GCA_000350125_1_ASM35012v1_genomic.done.
[Tue Aug 22 20:44:16 2023]
Finished job 51.
52 of 62 steps (84%) done
Select jobs to execute...

[Tue Aug 22 20:44:16 2023]
localrule annotate_contigs_database:
    input: 02_CONTIGS/GCA_000350125_1_ASM35012v1_genomic-contigs.db, 02_CONTIGS/anvi_run_hmms-GCA_000350125_1_ASM35012v1_genomic.done, 02_CONTIGS/anvi_run_ncbi_cogs-GCA_000350125_1_ASM35012v1_genomic.done, 02_CONTIGS/anvi_run_kegg_kofams-GCA_000350125_1_ASM35012v1_genomic.done
    output: 02_CONTIGS/GCA_000350125_1_ASM35012v1_genomic-annotate_contigs_database.done
    log: 00_LOGS/GCA_000350125_1_ASM35012v1_genomic-annotate_contigs_database.log
    jobid: 46
    reason: Missing output files: 02_CONTIGS/GCA_000350125_1_ASM35012v1_genomic-annotate_contigs_database.done; Input files updated by another job: 02_CONTIGS/anvi_run_kegg_kofams-GCA_000350125_1_ASM35012v1_genomic.done, 02_CONTIGS/anvi_run_ncbi_cogs-GCA_000350125_1_ASM35012v1_genomic.done, 02_CONTIGS/anvi_run_hmms-GCA_000350125_1_ASM35012v1_genomic.done
    wildcards: group=GCA_000350125_1_ASM35012v1_genomic
    resources: tmpdir=/var/folders/rl/61bz6knj1sq7j72mdlqd5p240000gn/T

Touching output file 02_CONTIGS/GCA_000350125_1_ASM35012v1_genomic-annotate_contigs_database.done.
[Tue Aug 22 20:44:16 2023]
Finished job 46.
53 of 62 steps (85%) done
Select jobs to execute...

[Tue Aug 22 20:44:16 2023]
rule anvi_run_kegg_kofams:
    input: 02_CONTIGS/MARD_SAMEA2272302_REFG_MMP2272302-contigs.db
    output: 02_CONTIGS/anvi_run_kegg_kofams-MARD_SAMEA2272302_REFG_MMP2272302.done
    log: 00_LOGS/MARD_SAMEA2272302_REFG_MMP2272302-anvi_run_kegg_kofams.log
    jobid: 80
    reason: Missing output files: 02_CONTIGS/anvi_run_kegg_kofams-MARD_SAMEA2272302_REFG_MMP2272302.done
    wildcards: group=MARD_SAMEA2272302_REFG_MMP2272302
    threads: 4
    resources: tmpdir=/var/folders/rl/61bz6knj1sq7j72mdlqd5p240000gn/T, nodes=4

anvi-run-kegg-kofams -c 02_CONTIGS/MARD_SAMEA2272302_REFG_MMP2272302-contigs.db     -T 4  >> 00_LOGS/MARD_SAMEA2272302_REFG_MMP2272302-anvi_run_kegg_kofams.log 2>&1
Touching output file 02_CONTIGS/anvi_run_kegg_kofams-MARD_SAMEA2272302_REFG_MMP2272302.done.
[Tue Aug 22 20:47:14 2023]
Finished job 80.
54 of 62 steps (87%) done
Select jobs to execute...

[Tue Aug 22 20:47:14 2023]
rule anvi_run_hmms:
    input: 02_CONTIGS/MARD_SAMEA2272302_REFG_MMP2272302-contigs.db
    output: 02_CONTIGS/anvi_run_hmms-MARD_SAMEA2272302_REFG_MMP2272302.done
    log: 00_LOGS/MARD_SAMEA2272302_REFG_MMP2272302-anvi_run_hmms.log
    jobid: 78
    reason: Missing output files: 02_CONTIGS/anvi_run_hmms-MARD_SAMEA2272302_REFG_MMP2272302.done
    wildcards: group=MARD_SAMEA2272302_REFG_MMP2272302
    threads: 4
    resources: tmpdir=/var/folders/rl/61bz6knj1sq7j72mdlqd5p240000gn/T, nodes=4

anvi-run-hmms -c 02_CONTIGS/MARD_SAMEA2272302_REFG_MMP2272302-contigs.db -T 4   			  >> 00_LOGS/MARD_SAMEA2272302_REFG_MMP2272302-anvi_run_hmms.log 2>&1
Touching output file 02_CONTIGS/anvi_run_hmms-MARD_SAMEA2272302_REFG_MMP2272302.done.
[Tue Aug 22 20:47:22 2023]
Finished job 78.
55 of 62 steps (89%) done
Select jobs to execute...

[Tue Aug 22 20:47:22 2023]
rule anvi_run_ncbi_cogs:
    input: 02_CONTIGS/MARD_SAMEA2272302_REFG_MMP2272302-contigs.db
    output: 02_CONTIGS/anvi_run_ncbi_cogs-MARD_SAMEA2272302_REFG_MMP2272302.done
    log: 00_LOGS/MARD_SAMEA2272302_REFG_MMP2272302-anvi_run_ncbi_cogs.log
    jobid: 79
    reason: Missing output files: 02_CONTIGS/anvi_run_ncbi_cogs-MARD_SAMEA2272302_REFG_MMP2272302.done; Params have changed since last execution
    wildcards: group=MARD_SAMEA2272302_REFG_MMP2272302
    threads: 4
    resources: tmpdir=/var/folders/rl/61bz6knj1sq7j72mdlqd5p240000gn/T, nodes=4

anvi-run-ncbi-cogs -c 02_CONTIGS/MARD_SAMEA2272302_REFG_MMP2272302-contigs.db -T 4 --cog-data-dir cog   >> 00_LOGS/MARD_SAMEA2272302_REFG_MMP2272302-anvi_run_ncbi_cogs.log 2>&1
Touching output file 02_CONTIGS/anvi_run_ncbi_cogs-MARD_SAMEA2272302_REFG_MMP2272302.done.
[Tue Aug 22 20:47:54 2023]
Finished job 79.
56 of 62 steps (90%) done
Select jobs to execute...

[Tue Aug 22 20:47:54 2023]
localrule annotate_contigs_database:
    input: 02_CONTIGS/MARD_SAMEA2272302_REFG_MMP2272302-contigs.db, 02_CONTIGS/anvi_run_hmms-MARD_SAMEA2272302_REFG_MMP2272302.done, 02_CONTIGS/anvi_run_ncbi_cogs-MARD_SAMEA2272302_REFG_MMP2272302.done, 02_CONTIGS/anvi_run_kegg_kofams-MARD_SAMEA2272302_REFG_MMP2272302.done
    output: 02_CONTIGS/MARD_SAMEA2272302_REFG_MMP2272302-annotate_contigs_database.done
    log: 00_LOGS/MARD_SAMEA2272302_REFG_MMP2272302-annotate_contigs_database.log
    jobid: 74
    reason: Missing output files: 02_CONTIGS/MARD_SAMEA2272302_REFG_MMP2272302-annotate_contigs_database.done; Input files updated by another job: 02_CONTIGS/anvi_run_hmms-MARD_SAMEA2272302_REFG_MMP2272302.done, 02_CONTIGS/anvi_run_kegg_kofams-MARD_SAMEA2272302_REFG_MMP2272302.done, 02_CONTIGS/anvi_run_ncbi_cogs-MARD_SAMEA2272302_REFG_MMP2272302.done
    wildcards: group=MARD_SAMEA2272302_REFG_MMP2272302
    resources: tmpdir=/var/folders/rl/61bz6knj1sq7j72mdlqd5p240000gn/T

Touching output file 02_CONTIGS/MARD_SAMEA2272302_REFG_MMP2272302-annotate_contigs_database.done.
[Tue Aug 22 20:47:54 2023]
Finished job 74.
57 of 62 steps (92%) done
Select jobs to execute...

[Tue Aug 22 20:47:54 2023]
rule gen_external_genome_file:
    input: 02_CONTIGS/GCA_000613065_1_RintRC_1_genomic-annotate_contigs_database.done, 02_CONTIGS/GCA_002377925_1_ASM237792v1_genomic-annotate_contigs_database.done, 02_CONTIGS/GCA_002470035_1_ASM247003v1_genomic-annotate_contigs_database.done, 02_CONTIGS/GCA_013214565_1_ASM1321456v1_genomic-annotate_contigs_database.done, 02_CONTIGS/GCA_900299445_1_Richelia_intracellularis_AM_2804_genomic-annotate_contigs_database.done, 02_CONTIGS/GCA_000350105_1_ASM35010v1_genomic-annotate_contigs_database.done, 02_CONTIGS/GCA_000350125_1_ASM35012v1_genomic-annotate_contigs_database.done, 02_CONTIGS/GCF_900185595_1_CalSC01_2013_genomic-annotate_contigs_database.done, 02_CONTIGS/TARA_MED_95_MAG_00146-annotate_contigs_database.done, 02_CONTIGS/TARA_PON_109_MAG_00086-annotate_contigs_database.done, 02_CONTIGS/MARD_SAMEA2272302_REFG_MMP2272302-annotate_contigs_database.done, 02_CONTIGS/MARD_SAMEA2272692_REFG_MMP2272692-annotate_contigs_database.done, 02_CONTIGS/MARD_SAMEA3138990_REFG_MMP3138990-annotate_contigs_database.done, 02_CONTIGS/BGEO_SAMN07136523_METAG_IKJKMCAK-annotate_contigs_database.done, 02_CONTIGS/SRR11343830_6-annotate_contigs_database.done, 02_CONTIGS/GCA_000613065_1_RintRC_1_genomic-contigs.db, 02_CONTIGS/GCA_002377925_1_ASM237792v1_genomic-contigs.db, 02_CONTIGS/GCA_002470035_1_ASM247003v1_genomic-contigs.db, 02_CONTIGS/GCA_013214565_1_ASM1321456v1_genomic-contigs.db, 02_CONTIGS/GCA_900299445_1_Richelia_intracellularis_AM_2804_genomic-contigs.db, 02_CONTIGS/GCA_000350105_1_ASM35010v1_genomic-contigs.db, 02_CONTIGS/GCA_000350125_1_ASM35012v1_genomic-contigs.db, 02_CONTIGS/GCF_900185595_1_CalSC01_2013_genomic-contigs.db, 02_CONTIGS/TARA_MED_95_MAG_00146-contigs.db, 02_CONTIGS/TARA_PON_109_MAG_00086-contigs.db, 02_CONTIGS/MARD_SAMEA2272302_REFG_MMP2272302-contigs.db, 02_CONTIGS/MARD_SAMEA2272692_REFG_MMP2272692-contigs.db, 02_CONTIGS/MARD_SAMEA3138990_REFG_MMP3138990-contigs.db, 02_CONTIGS/BGEO_SAMN07136523_METAG_IKJKMCAK-contigs.db, 02_CONTIGS/SRR11343830_6-contigs.db
    output: external-genomes.txt
    log: 00_LOGS/gen_external_genome_file.log
    jobid: 3
    reason: Input files updated by another job: 02_CONTIGS/GCA_900299445_1_Richelia_intracellularis_AM_2804_genomic-annotate_contigs_database.done, 02_CONTIGS/GCA_002377925_1_ASM237792v1_genomic-annotate_contigs_database.done, 02_CONTIGS/GCA_013214565_1_ASM1321456v1_genomic-annotate_contigs_database.done, 02_CONTIGS/TARA_MED_95_MAG_00146-annotate_contigs_database.done, 02_CONTIGS/GCA_000350125_1_ASM35012v1_genomic-annotate_contigs_database.done, 02_CONTIGS/TARA_PON_109_MAG_00086-annotate_contigs_database.done, 02_CONTIGS/GCA_000350105_1_ASM35010v1_genomic-annotate_contigs_database.done, 02_CONTIGS/GCF_900185595_1_CalSC01_2013_genomic-annotate_contigs_database.done, 02_CONTIGS/MARD_SAMEA2272302_REFG_MMP2272302-annotate_contigs_database.done, 02_CONTIGS/MARD_SAMEA3138990_REFG_MMP3138990-annotate_contigs_database.done, 02_CONTIGS/GCA_002470035_1_ASM247003v1_genomic-annotate_contigs_database.done, 02_CONTIGS/BGEO_SAMN07136523_METAG_IKJKMCAK-annotate_contigs_database.done, 02_CONTIGS/MARD_SAMEA2272692_REFG_MMP2272692-annotate_contigs_database.done, 02_CONTIGS/GCA_000613065_1_RintRC_1_genomic-annotate_contigs_database.done, 02_CONTIGS/SRR11343830_6-annotate_contigs_database.done
    resources: tmpdir=/var/folders/rl/61bz6knj1sq7j72mdlqd5p240000gn/T, nodes=1

[Tue Aug 22 20:47:55 2023]
Finished job 3.
58 of 62 steps (94%) done
Select jobs to execute...

[Tue Aug 22 20:47:55 2023]
rule anvi_gen_genomes_storage:
    input: external-genomes.txt, external-genomes.txt
    output: 03_PAN/Richelia-GENOMES.db
    log: 00_LOGS/Richelia-anvi_gen_genomes_storage.log
    jobid: 2
    reason: Missing output files: 03_PAN/Richelia-GENOMES.db; Input files updated by another job: external-genomes.txt
    resources: tmpdir=/var/folders/rl/61bz6knj1sq7j72mdlqd5p240000gn/T, nodes=1


            anvi-gen-genomes-storage -o 03_PAN/Richelia-GENOMES.db                                                                          --external-genomes external-genomes.txt                                      >> 00_LOGS/Richelia-anvi_gen_genomes_storage.log 2>&1
        
[Tue Aug 22 20:48:05 2023]
Finished job 2.
59 of 62 steps (95%) done
Select jobs to execute...

[Tue Aug 22 20:48:05 2023]
rule anvi_pan_genome:
    input: 03_PAN/Richelia-GENOMES.db
    output: 03_PAN/Richelia-PAN.db
    log: 00_LOGS/Richelia-anvi_pan_genome.log
    jobid: 1
    reason: Missing output files: 03_PAN/Richelia-PAN.db; Input files updated by another job: 03_PAN/Richelia-GENOMES.db
    threads: 4
    resources: tmpdir=/var/folders/rl/61bz6knj1sq7j72mdlqd5p240000gn/T, nodes=4


            anvi-pan-genome -g 03_PAN/Richelia-GENOMES.db --num-threads 4 -o 03_PAN --project-name Richelia                                                                                   >> 00_LOGS/Richelia-anvi_pan_genome.log 2>&1
        
[Tue Aug 22 20:58:16 2023]
Finished job 1.
60 of 62 steps (97%) done
Select jobs to execute...

[Tue Aug 22 20:58:16 2023]
rule anvi_compute_genome_similarity:
    input: 03_PAN/Richelia-PAN.db, external-genomes.txt, external-genomes.txt
    output: 03_PAN/Richeliaanvi_compute_genome_similarity.done, 03_PAN/Richelia-ANI-OUTPUT
    log: 00_LOGS/Richelia-anvi_compute_genome_similarity.log
    jobid: 109
    reason: Missing output files: 03_PAN/Richeliaanvi_compute_genome_similarity.done; Input files updated by another job: external-genomes.txt, 03_PAN/Richelia-PAN.db
    threads: 4
    resources: tmpdir=/var/folders/rl/61bz6knj1sq7j72mdlqd5p240000gn/T, nodes=4

 anvi-compute-genome-similarity                                              --external-genomes external-genomes.txt                                             -T 4                                             -o 03_PAN/Richelia-ANI-OUTPUT                                             -p 03_PAN/Richelia-PAN.db                                              >> 00_LOGS/Richelia-anvi_compute_genome_similarity.log 2>&1
Touching output file 03_PAN/Richeliaanvi_compute_genome_similarity.done.
[Tue Aug 22 21:12:13 2023]
Finished job 109.
61 of 62 steps (98%) done
Select jobs to execute...

[Tue Aug 22 21:12:13 2023]
localrule pangenomics_target_rule:
    input: 03_PAN/Richelia-PAN.db, 03_PAN/Richeliaanvi_compute_genome_similarity.done
    jobid: 0
    reason: Input files updated by another job: 03_PAN/Richeliaanvi_compute_genome_similarity.done, 03_PAN/Richelia-PAN.db
    resources: tmpdir=/var/folders/rl/61bz6knj1sq7j72mdlqd5p240000gn/T

[Tue Aug 22 21:12:13 2023]
Finished job 0.
62 of 62 steps (100%) done
Complete log: .snakemake/log/2023-08-22T191939.336092.snakemake.log
