Building DAG of jobs...
Using shell: /bin/bash
Provided cores: 4
Rules claiming more threads will be scaled down.
Job stats:
job                                       count
--------------------------------------  -------
annotate_contigs_database                    14
anvi_compute_genome_similarity                1
anvi_gen_contigs_database                    14
anvi_gen_genomes_storage                      1
anvi_pan_genome                               1
anvi_run_hmms                                 3
anvi_run_kegg_kofams                          3
anvi_run_ncbi_cogs                            3
anvi_script_reformat_fasta                   14
anvi_script_reformat_fasta_prefix_only       14
gen_external_genome_file                      1
pangenomics_target_rule                       1
total                                        70

Select jobs to execute...

[Tue Jun 25 11:49:09 2024]
rule anvi_script_reformat_fasta_prefix_only:
    input: /Users/vesna/github/anvio/anvio/data/EBAME/Richelia_pangenomics_June25/genomes/GCA_030066045.1_ASM3006604v1_genomic.fna
    output: 01_FASTA/GCA_030066045.1_ASM3006604v1_genomic/GCA_030066045.1_ASM3006604v1_genomic-contigs-prefix-formatted-only.fa, 01_FASTA/GCA_030066045.1_ASM3006604v1_genomic/GCA_030066045.1_ASM3006604v1_genomic-reformat-report.txt
    log: 00_LOGS/GCA_030066045.1_ASM3006604v1_genomic-anvi_script_reformat_fasta_prefix_only.log
    jobid: 91
    reason: Missing output files: 01_FASTA/GCA_030066045.1_ASM3006604v1_genomic/GCA_030066045.1_ASM3006604v1_genomic-contigs-prefix-formatted-only.fa; Updated input files: /Users/vesna/github/anvio/anvio/data/EBAME/Richelia_pangenomics_June25/genomes/GCA_030066045.1_ASM3006604v1_genomic.fna
    wildcards: group=GCA_030066045.1_ASM3006604v1_genomic
    resources: tmpdir=/var/folders/rl/61bz6knj1sq7j72mdlqd5p240000gn/T, nodes=1

anvi-script-reformat-fasta /Users/vesna/github/anvio/anvio/data/EBAME/Richelia_pangenomics_June25/genomes/GCA_030066045.1_ASM3006604v1_genomic.fna -o 01_FASTA/GCA_030066045.1_ASM3006604v1_genomic/GCA_030066045.1_ASM3006604v1_genomic-contigs-prefix-formatted-only.fa -r 01_FASTA/GCA_030066045.1_ASM3006604v1_genomic/GCA_030066045.1_ASM3006604v1_genomic-reformat-report.txt --prefix GCA_030066045.1_ASM3006604v1_genomic   --simplify-names --seq-type NT >> 00_LOGS/GCA_030066045.1_ASM3006604v1_genomic-anvi_script_reformat_fasta_prefix_only.log 2>&1
ProtectedOutputException in rule anvi_script_reformat_fasta_prefix_only in file /Users/vesna/github/anvio/anvio/workflows/contigs/Snakefile, line 62:
Write-protected output files for rule anvi_script_reformat_fasta_prefix_only:
    output: 01_FASTA/GCF_900185595_1_CalSC01_2013_genomic/GCF_900185595_1_CalSC01_2013_genomic-contigs-prefix-formatted-only.fa, 01_FASTA/GCF_900185595_1_CalSC01_2013_genomic/GCF_900185595_1_CalSC01_2013_genomic-reformat-report.txt
    wildcards: group=GCF_900185595_1_CalSC01_2013_genomic
    affected files:
        01_FASTA/GCF_900185595_1_CalSC01_2013_genomic/GCF_900185595_1_CalSC01_2013_genomic-contigs-prefix-formatted-only.fa
